# JRE version: OpenJDK Runtime Environment (8.0_191-b12) (build 1.8.0_191-b12)
# Java VM: OpenJDK 64-Bit Server VM (25.191-b12 mixed mode linux-amd64 )
Heap:
 PSYoungGen      total 12130304K, used 2493938K [0x00007f307a580000, 0x00007f3364f80000, 0x00007f3365000000)
  eden space 12028928K, 19% used [0x00007f307a580000,0x00007f310ceb84d8,0x00007f3358880000)
  from space 101376K, 91% used [0x00007f3358880000,0x00007f335e2c4450,0x00007f335eb80000)
  to   space 100864K, 0% used [0x00007f335ed00000,0x00007f335ed00000,0x00007f3364f80000)
 ParOldGen       total 6007808K, used 5426873K [0x00007f2aa5000000, 0x00007f2c13b00000, 0x00007f307a580000)
  object space 6007808K, 90% used [0x00007f2aa5000000,0x00007f2bf03ae7c8,0x00007f2c13b00000)
 Metaspace       used 20902K, capacity 21337K, committed 21504K, reserved 22528K
GC Heap History (250 events):
Event: 66.082 GC heap before
{Heap before GC invocations=30 (full 0):
 PSYoungGen      total 1949184K, used 1949008K [0x00007f307a580000, 0x00007f323de80000, 0x00007f3365000000)
  eden space 1948160K, 100% used [0x00007f307a580000,0x00007f30f1400000,0x00007f30f1400000)
  from space 1024K, 82% used [0x00007f323d800000,0x00007f323d8d4080,0x00007f323d900000)
  to   space 3584K, 0% used [0x00007f323db00000,0x00007f323db00000,0x00007f323de80000)
 ParOldGen       total 483328K, used 13795K [0x00007f2aa5000000, 0x00007f2ac2800000, 0x00007f307a580000)
  object space 483328K, 2% used [0x00007f2aa5000000,0x00007f2aa5d78cf0,0x00007f2ac2800000)
 Metaspace       used 7143K, capacity 7257K, committed 7424K, reserved 8192K
Event: 66.091 GC heap after
Heap after GC invocations=30 (full 0):
 PSYoungGen      total 1860096K, used 948K [0x00007f307a580000, 0x00007f323dc00000, 0x00007f3365000000)
  eden space 1859072K, 0% used [0x00007f307a580000,0x00007f307a580000,0x00007f30ebd00000)
  from space 1024K, 92% used [0x00007f323db00000,0x00007f323dbed358,0x00007f323dc00000)
  to   space 3584K, 0% used [0x00007f323d500000,0x00007f323d500000,0x00007f323d880000)
 ParOldGen       total 483328K, used 13795K [0x00007f2aa5000000, 0x00007f2ac2800000, 0x00007f307a580000)
  object space 483328K, 2% used [0x00007f2aa5000000,0x00007f2aa5d78cf0,0x00007f2ac2800000)
 Metaspace       used 7143K, capacity 7257K, committed 7424K, reserved 8192K
}
Event: 67.206 GC heap before
{Heap before GC invocations=31 (full 0):
 PSYoungGen      total 1860096K, used 1860020K [0x00007f307a580000, 0x00007f323dc00000, 0x00007f3365000000)
  eden space 1859072K, 100% used [0x00007f307a580000,0x00007f30ebd00000,0x00007f30ebd00000)
  from space 1024K, 92% used [0x00007f323db00000,0x00007f323dbed358,0x00007f323dc00000)
  to   space 3584K, 0% used [0x00007f323d500000,0x00007f323d500000,0x00007f323d880000)
 ParOldGen       total 483328K, used 13795K [0x00007f2aa5000000, 0x00007f2ac2800000, 0x00007f307a580000)
  object space 483328K, 2% used [0x00007f2aa5000000,0x00007f2aa5d78cf0,0x00007f2ac2800000)
 Metaspace       used 7143K, capacity 7257K, committed 7424K, reserved 8192K
Event: 67.214 GC heap after
Heap after GC invocations=31 (full 0):
 PSYoungGen      total 1776128K, used 1035K [0x00007f307a580000, 0x00007f323db80000, 0x00007f3365000000)
  eden space 1774592K, 0% used [0x00007f307a580000,0x00007f307a580000,0x00007f30e6a80000)
  from space 1536K, 67% used [0x00007f323d500000,0x00007f323d602f40,0x00007f323d680000)
  to   space 3584K, 0% used [0x00007f323d800000,0x00007f323d800000,0x00007f323db80000)
 ParOldGen       total 483328K, used 13795K [0x00007f2aa5000000, 0x00007f2ac2800000, 0x00007f307a580000)
  object space 483328K, 2% used [0x00007f2aa5000000,0x00007f2aa5d78cf0,0x00007f2ac2800000)
 Metaspace       used 7143K, capacity 7257K, committed 7424K, reserved 8192K
}
Event: 68.290 GC heap before
{Heap before GC invocations=32 (full 0):
 PSYoungGen      total 1776128K, used 1775627K [0x00007f307a580000, 0x00007f323db80000, 0x00007f3365000000)
  eden space 1774592K, 100% used [0x00007f307a580000,0x00007f30e6a80000,0x00007f30e6a80000)
  from space 1536K, 67% used [0x00007f323d500000,0x00007f323d602f40,0x00007f323d680000)
  to   space 3584K, 0% used [0x00007f323d800000,0x00007f323d800000,0x00007f323db80000)
 ParOldGen       total 483328K, used 13795K [0x00007f2aa5000000, 0x00007f2ac2800000, 0x00007f307a580000)
  object space 483328K, 2% used [0x00007f2aa5000000,0x00007f2aa5d78cf0,0x00007f2ac2800000)
 Metaspace       used 7143K, capacity 7257K, committed 7424K, reserved 8192K
Event: 68.295 GC heap after
Heap after GC invocations=32 (full 0):
 PSYoungGen      total 1695744K, used 1111K [0x00007f307a580000, 0x00007f323d980000, 0x00007f3365000000)
  eden space 1694208K, 0% used [0x00007f307a580000,0x00007f307a580000,0x00007f30e1c00000)
  from space 1536K, 72% used [0x00007f323d800000,0x00007f323d915fa0,0x00007f323d980000)
  to   space 3072K, 0% used [0x00007f323d380000,0x00007f323d380000,0x00007f323d680000)
 ParOldGen       total 483328K, used 13795K [0x00007f2aa5000000, 0x00007f2ac2800000, 0x00007f307a580000)
  object space 483328K, 2% used [0x00007f2aa5000000,0x00007f2aa5d78cf0,0x00007f2ac2800000)
 Metaspace       used 7143K, capacity 7257K, committed 7424K, reserved 8192K
}
Event: 69.578 GC heap before
{Heap before GC invocations=33 (full 0):
 PSYoungGen      total 1695744K, used 1695319K [0x00007f307a580000, 0x00007f323d980000, 0x00007f3365000000)
  eden space 1694208K, 100% used [0x00007f307a580000,0x00007f30e1c00000,0x00007f30e1c00000)
  from space 1536K, 72% used [0x00007f323d800000,0x00007f323d915fa0,0x00007f323d980000)
  to   space 3072K, 0% used [0x00007f323d380000,0x00007f323d380000,0x00007f323d680000)
 ParOldGen       total 483328K, used 13795K [0x00007f2aa5000000, 0x00007f2ac2800000, 0x00007f307a580000)
  object space 483328K, 2% used [0x00007f2aa5000000,0x00007f2aa5d78cf0,0x00007f2ac2800000)
 Metaspace       used 7148K, capacity 7257K, committed 7424K, reserved 8192K
Event: 69.584 GC heap after
Heap after GC invocations=33 (full 0):
 PSYoungGen      total 1620480K, used 2178K [0x00007f307a580000, 0x00007f323d880000, 0x00007f3365000000)
  eden space 1617920K, 0% used [0x00007f307a580000,0x00007f307a580000,0x00007f30dd180000)
  from space 2560K, 85% used [0x00007f323d380000,0x00007f323d5a0af0,0x00007f323d600000)
  to   space 2560K, 0% used [0x00007f323d600000,0x00007f323d600000,0x00007f323d880000)
 ParOldGen       total 483328K, used 13795K [0x00007f2aa5000000, 0x00007f2ac2800000, 0x00007f307a580000)
  object space 483328K, 2% used [0x00007f2aa5000000,0x00007f2aa5d78cf0,0x00007f2ac2800000)
 Metaspace       used 7148K, capacity 7257K, committed 7424K, reserved 8192K
}
Event: 70.430 GC heap before
{Heap before GC invocations=34 (full 0):
 PSYoungGen      total 1620480K, used 1620098K [0x00007f307a580000, 0x00007f323d880000, 0x00007f3365000000)
  eden space 1617920K, 100% used [0x00007f307a580000,0x00007f30dd180000,0x00007f30dd180000)
  from space 2560K, 85% used [0x00007f323d380000,0x00007f323d5a0af0,0x00007f323d600000)
  to   space 2560K, 0% used [0x00007f323d600000,0x00007f323d600000,0x00007f323d880000)
 ParOldGen       total 483328K, used 13795K [0x00007f2aa5000000, 0x00007f2ac2800000, 0x00007f307a580000)
  object space 483328K, 2% used [0x00007f2aa5000000,0x00007f2aa5d78cf0,0x00007f2ac2800000)
 Metaspace       used 7148K, capacity 7257K, committed 7424K, reserved 8192K
Event: 70.438 GC heap after
Heap after GC invocations=34 (full 0):
 PSYoungGen      total 1545728K, used 427K [0x00007f307a580000, 0x00007f323d680000, 0x00007f3365000000)
  eden space 1545216K, 0% used [0x00007f307a580000,0x00007f307a580000,0x00007f30d8a80000)
  from space 512K, 83% used [0x00007f323d600000,0x00007f323d66ade0,0x00007f323d680000)
  to   space 3584K, 0% used [0x00007f323cf80000,0x00007f323cf80000,0x00007f323d300000)
 ParOldGen       total 483328K, used 15747K [0x00007f2aa5000000, 0x00007f2ac2800000, 0x00007f307a580000)
  object space 483328K, 3% used [0x00007f2aa5000000,0x00007f2aa5f60f60,0x00007f2ac2800000)
 Metaspace       used 7148K, capacity 7257K, committed 7424K, reserved 8192K
}
Event: 71.227 GC heap before
{Heap before GC invocations=35 (full 0):
 PSYoungGen      total 1545728K, used 1545643K [0x00007f307a580000, 0x00007f323d680000, 0x00007f3365000000)
  eden space 1545216K, 100% used [0x00007f307a580000,0x00007f30d8a80000,0x00007f30d8a80000)
  from space 512K, 83% used [0x00007f323d600000,0x00007f323d66ade0,0x00007f323d680000)
  to   space 3584K, 0% used [0x00007f323cf80000,0x00007f323cf80000,0x00007f323d300000)
 ParOldGen       total 483328K, used 15747K [0x00007f2aa5000000, 0x00007f2ac2800000, 0x00007f307a580000)
  object space 483328K, 3% used [0x00007f2aa5000000,0x00007f2aa5f60f60,0x00007f2ac2800000)
 Metaspace       used 7148K, capacity 7257K, committed 7424K, reserved 8192K
Event: 71.233 GC heap after
Heap after GC invocations=35 (full 0):
 PSYoungGen      total 1479680K, used 575K [0x00007f307a580000, 0x00007f323d680000, 0x00007f3365000000)
  eden space 1476096K, 0% used [0x00007f307a580000,0x00007f307a580000,0x00007f30d4700000)
  from space 3584K, 16% used [0x00007f323cf80000,0x00007f323d00fd40,0x00007f323d300000)
  to   space 3072K, 0% used [0x00007f323d380000,0x00007f323d380000,0x00007f323d680000)
 ParOldGen       total 483328K, used 15747K [0x00007f2aa5000000, 0x00007f2ac2800000, 0x00007f307a580000)
  object space 483328K, 3% used [0x00007f2aa5000000,0x00007f2aa5f60f60,0x00007f2ac2800000)
 Metaspace       used 7148K, capacity 7257K, committed 7424K, reserved 8192K
}
Event: 72.016 GC heap before
{Heap before GC invocations=36 (full 0):
 PSYoungGen      total 1479680K, used 1476671K [0x00007f307a580000, 0x00007f323d680000, 0x00007f3365000000)
  eden space 1476096K, 100% used [0x00007f307a580000,0x00007f30d4700000,0x00007f30d4700000)
  from space 3584K, 16% used [0x00007f323cf80000,0x00007f323d00fd40,0x00007f323d300000)
  to   space 3072K, 0% used [0x00007f323d380000,0x00007f323d380000,0x00007f323d680000)
 ParOldGen       total 483328K, used 15747K [0x00007f2aa5000000, 0x00007f2ac2800000, 0x00007f307a580000)
  object space 483328K, 3% used [0x00007f2aa5000000,0x00007f2aa5f60f60,0x00007f2ac2800000)
 Metaspace       used 7148K, capacity 7257K, committed 7424K, reserved 8192K
Event: 72.022 GC heap after
Heap after GC invocations=36 (full 0):
 PSYoungGen      total 1411072K, used 359K [0x00007f307a580000, 0x00007f323d400000, 0x00007f3365000000)
  eden space 1410560K, 0% used [0x00007f307a580000,0x00007f307a580000,0x00007f30d0700000)
  from space 512K, 70% used [0x00007f323d380000,0x00007f323d3d9c10,0x00007f323d400000)
  to   space 3072K, 0% used [0x00007f323ce00000,0x00007f323ce00000,0x00007f323d100000)
 ParOldGen       total 483328K, used 15747K [0x00007f2aa5000000, 0x00007f2ac2800000, 0x00007f307a580000)
  object space 483328K, 3% used [0x00007f2aa5000000,0x00007f2aa5f60f60,0x00007f2ac2800000)
 Metaspace       used 7148K, capacity 7257K, committed 7424K, reserved 8192K
}
Event: 72.800 GC heap before
{Heap before GC invocations=37 (full 0):
 PSYoungGen      total 1411072K, used 1410919K [0x00007f307a580000, 0x00007f323d400000, 0x00007f3365000000)
  eden space 1410560K, 100% used [0x00007f307a580000,0x00007f30d0700000,0x00007f30d0700000)
  from space 512K, 70% used [0x00007f323d380000,0x00007f323d3d9c10,0x00007f323d400000)
  to   space 3072K, 0% used [0x00007f323ce00000,0x00007f323ce00000,0x00007f323d100000)
 ParOldGen       total 483328K, used 15747K [0x00007f2aa5000000, 0x00007f2ac2800000, 0x00007f307a580000)
  object space 483328K, 3% used [0x00007f2aa5000000,0x00007f2aa5f60f60,0x00007f2ac2800000)
 Metaspace       used 7148K, capacity 7257K, committed 7424K, reserved 8192K
Event: 72.805 GC heap after
Heap after GC invocations=37 (full 0):
 PSYoungGen      total 1351168K, used 776K [0x00007f307a580000, 0x00007f323d400000, 0x00007f3365000000)
  eden space 1348096K, 0% used [0x00007f307a580000,0x00007f307a580000,0x00007f30cca00000)
  from space 3072K, 25% used [0x00007f323ce00000,0x00007f323cec2240,0x00007f323d100000)
  to   space 3072K, 0% used [0x00007f323d100000,0x00007f323d100000,0x00007f323d400000)
 ParOldGen       total 483328K, used 15747K [0x00007f2aa5000000, 0x00007f2ac2800000, 0x00007f307a580000)
  object space 483328K, 3% used [0x00007f2aa5000000,0x00007f2aa5f60f60,0x00007f2ac2800000)
 Metaspace       used 7148K, capacity 7257K, committed 7424K, reserved 8192K
}
Event: 73.519 GC heap before
{Heap before GC invocations=38 (full 0):
 PSYoungGen      total 1351168K, used 1348872K [0x00007f307a580000, 0x00007f323d400000, 0x00007f3365000000)
  eden space 1348096K, 100% used [0x00007f307a580000,0x00007f30cca00000,0x00007f30cca00000)
  from space 3072K, 25% used [0x00007f323ce00000,0x00007f323cec2240,0x00007f323d100000)
  to   space 3072K, 0% used [0x00007f323d100000,0x00007f323d100000,0x00007f323d400000)
 ParOldGen       total 483328K, used 15747K [0x00007f2aa5000000, 0x00007f2ac2800000, 0x00007f307a580000)
  object space 483328K, 3% used [0x00007f2aa5000000,0x00007f2aa5f60f60,0x00007f2ac2800000)
 Metaspace       used 7148K, capacity 7257K, committed 7424K, reserved 8192K
Event: 73.528 GC heap after
Heap after GC invocations=38 (full 0):
 PSYoungGen      total 1289728K, used 854K [0x00007f307a580000, 0x00007f323d200000, 0x00007f3365000000)
  eden space 1288704K, 0% used [0x00007f307a580000,0x00007f307a580000,0x00007f30c9000000)
  from space 1024K, 83% used [0x00007f323d100000,0x00007f323d1d5880,0x00007f323d200000)
  to   space 3072K, 0% used [0x00007f323cc00000,0x00007f323cc00000,0x00007f323cf00000)
 ParOldGen       total 483328K, used 15747K [0x00007f2aa5000000, 0x00007f2ac2800000, 0x00007f307a580000)
  object space 483328K, 3% used [0x00007f2aa5000000,0x00007f2aa5f60f60,0x00007f2ac2800000)
 Metaspace       used 7148K, capacity 7257K, committed 7424K, reserved 8192K
}
Event: 74.373 GC heap before
{Heap before GC invocations=39 (full 0):
 PSYoungGen      total 1289728K, used 1289353K [0x00007f307a580000, 0x00007f323d200000, 0x00007f3365000000)
  eden space 1288704K, 99% used [0x00007f307a580000,0x00007f30c8fcccf8,0x00007f30c9000000)
  from space 1024K, 83% used [0x00007f323d100000,0x00007f323d1d5880,0x00007f323d200000)
  to   space 3072K, 0% used [0x00007f323cc00000,0x00007f323cc00000,0x00007f323cf00000)
 ParOldGen       total 483328K, used 15747K [0x00007f2aa5000000, 0x00007f2ac2800000, 0x00007f307a580000)
  object space 483328K, 3% used [0x00007f2aa5000000,0x00007f2aa5f60f60,0x00007f2ac2800000)
 Metaspace       used 7148K, capacity 7257K, committed 7424K, reserved 8192K
Event: 74.380 GC heap after
Heap after GC invocations=39 (full 0):
 PSYoungGen      total 1233408K, used 921K [0x00007f307a580000, 0x00007f323d180000, 0x00007f3365000000)
  eden space 1232384K, 0% used [0x00007f307a580000,0x00007f307a580000,0x00007f30c5900000)
  from space 1024K, 90% used [0x00007f323cc00000,0x00007f323cce66b0,0x00007f323cd00000)
  to   space 3072K, 0% used [0x00007f323ce80000,0x00007f323ce80000,0x00007f323d180000)
 ParOldGen       total 483328K, used 15747K [0x00007f2aa5000000, 0x00007f2ac2800000, 0x00007f307a580000)
  object space 483328K, 3% used [0x00007f2aa5000000,0x00007f2aa5f60f60,0x00007f2ac2800000)
 Metaspace       used 7148K, capacity 7257K, committed 7424K, reserved 8192K
}
Event: 75.136 GC heap before
{Heap before GC invocations=40 (full 0):
 PSYoungGen      total 1233408K, used 1233068K [0x00007f307a580000, 0x00007f323d180000, 0x00007f3365000000)
  eden space 1232384K, 99% used [0x00007f307a580000,0x00007f30c58c4d48,0x00007f30c5900000)
  from space 1024K, 90% used [0x00007f323cc00000,0x00007f323cce66b0,0x00007f323cd00000)
  to   space 3072K, 0% used [0x00007f323ce80000,0x00007f323ce80000,0x00007f323d180000)
 ParOldGen       total 483328K, used 15747K [0x00007f2aa5000000, 0x00007f2ac2800000, 0x00007f307a580000)
  object space 483328K, 3% used [0x00007f2aa5000000,0x00007f2aa5f60f60,0x00007f2ac2800000)
 Metaspace       used 7148K, capacity 7257K, committed 7424K, reserved 8192K
Event: 75.142 GC heap after
Heap after GC invocations=40 (full 0):
 PSYoungGen      total 1179648K, used 507K [0x00007f307a580000, 0x00007f323cf00000, 0x00007f3365000000)
  eden space 1179136K, 0% used [0x00007f307a580000,0x00007f307a580000,0x00007f30c2500000)
  from space 512K, 99% used [0x00007f323ce80000,0x00007f323cefec60,0x00007f323cf00000)
  to   space 2560K, 0% used [0x00007f323ca00000,0x00007f323ca00000,0x00007f323cc80000)
 ParOldGen       total 483328K, used 15747K [0x00007f2aa5000000, 0x00007f2ac2800000, 0x00007f307a580000)
  object space 483328K, 3% used [0x00007f2aa5000000,0x00007f2aa5f60f60,0x00007f2ac2800000)
 Metaspace       used 7148K, capacity 7257K, committed 7424K, reserved 8192K
}
Event: 75.868 GC heap before
{Heap before GC invocations=41 (full 0):
 PSYoungGen      total 1179648K, used 1178651K [0x00007f307a580000, 0x00007f323cf00000, 0x00007f3365000000)
  eden space 1179136K, 99% used [0x00007f307a580000,0x00007f30c2408050,0x00007f30c2500000)
  from space 512K, 99% used [0x00007f323ce80000,0x00007f323cefec60,0x00007f323cf00000)
  to   space 2560K, 0% used [0x00007f323ca00000,0x00007f323ca00000,0x00007f323cc80000)
 ParOldGen       total 483328K, used 15747K [0x00007f2aa5000000, 0x00007f2ac2800000, 0x00007f307a580000)
  object space 483328K, 3% used [0x00007f2aa5000000,0x00007f2aa5f60f60,0x00007f2ac2800000)
 Metaspace       used 7148K, capacity 7257K, committed 7424K, reserved 8192K
Event: 75.874 GC heap after
Heap after GC invocations=41 (full 0):
 PSYoungGen      total 1131008K, used 1036K [0x00007f307a580000, 0x00007f323cf00000, 0x00007f3365000000)
  eden space 1128448K, 0% used [0x00007f307a580000,0x00007f307a580000,0x00007f30bf380000)
  from space 2560K, 40% used [0x00007f323ca00000,0x00007f323cb03250,0x00007f323cc80000)
  to   space 2560K, 0% used [0x00007f323cc80000,0x00007f323cc80000,0x00007f323cf00000)
 ParOldGen       total 483328K, used 15747K [0x00007f2aa5000000, 0x00007f2ac2800000, 0x00007f307a580000)
  object space 483328K, 3% used [0x00007f2aa5000000,0x00007f2aa5f60f60,0x00007f2ac2800000)
 Metaspace       used 7148K, capacity 7257K, committed 7424K, reserved 8192K
}
Event: 76.599 GC heap before
{Heap before GC invocations=42 (full 0):
 PSYoungGen      total 1131008K, used 1129428K [0x00007f307a580000, 0x00007f323cf00000, 0x00007f3365000000)
  eden space 1128448K, 99% used [0x00007f307a580000,0x00007f30bf371e88,0x00007f30bf380000)
  from space 2560K, 40% used [0x00007f323ca00000,0x00007f323cb03250,0x00007f323cc80000)
  to   space 2560K, 0% used [0x00007f323cc80000,0x00007f323cc80000,0x00007f323cf00000)
 ParOldGen       total 483328K, used 15747K [0x00007f2aa5000000, 0x00007f2ac2800000, 0x00007f307a580000)
  object space 483328K, 3% used [0x00007f2aa5000000,0x00007f2aa5f60f60,0x00007f2ac2800000)
 Metaspace       used 7148K, capacity 7257K, committed 7424K, reserved 8192K
Event: 76.607 GC heap after
Heap after GC invocations=42 (full 0):
 PSYoungGen      total 1081344K, used 558K [0x00007f307a580000, 0x00007f323cd80000, 0x00007f3365000000)
  eden space 1080320K, 0% used [0x00007f307a580000,0x00007f307a580000,0x00007f30bc480000)
  from space 1024K, 54% used [0x00007f323cc80000,0x00007f323cd0bbf0,0x00007f323cd80000)
  to   space 2560K, 0% used [0x00007f323c880000,0x00007f323c880000,0x00007f323cb00000)
 ParOldGen       total 483328K, used 15747K [0x00007f2aa5000000, 0x00007f2ac2800000, 0x00007f307a580000)
  object space 483328K, 3% used [0x00007f2aa5000000,0x00007f2aa5f60f60,0x00007f2ac2800000)
 Metaspace       used 7148K, capacity 7257K, committed 7424K, reserved 8192K
}
Event: 77.303 GC heap before
{Heap before GC invocations=43 (full 0):
 PSYoungGen      total 1081344K, used 1080878K [0x00007f307a580000, 0x00007f323cd80000, 0x00007f3365000000)
  eden space 1080320K, 100% used [0x00007f307a580000,0x00007f30bc480000,0x00007f30bc480000)
  from space 1024K, 54% used [0x00007f323cc80000,0x00007f323cd0bbf0,0x00007f323cd80000)
  to   space 2560K, 0% used [0x00007f323c880000,0x00007f323c880000,0x00007f323cb00000)
 ParOldGen       total 483328K, used 15747K [0x00007f2aa5000000, 0x00007f2ac2800000, 0x00007f307a580000)
  object space 483328K, 3% used [0x00007f2aa5000000,0x00007f2aa5f60f60,0x00007f2ac2800000)
 Metaspace       used 7148K, capacity 7257K, committed 7424K, reserved 8192K
Event: 77.312 GC heap after
Heap after GC invocations=43 (full 0):
 PSYoungGen      total 1035776K, used 1130K [0x00007f307a580000, 0x00007f323cd00000, 0x00007f3365000000)
  eden space 1034240K, 0% used [0x00007f307a580000,0x00007f307a580000,0x00007f30b9780000)
  from space 1536K, 73% used [0x00007f323c880000,0x00007f323c99ab20,0x00007f323ca00000)
  to   space 2560K, 0% used [0x00007f323ca80000,0x00007f323ca80000,0x00007f323cd00000)
 ParOldGen       total 483328K, used 15747K [0x00007f2aa5000000, 0x00007f2ac2800000, 0x00007f307a580000)
  object space 483328K, 3% used [0x00007f2aa5000000,0x00007f2aa5f60f60,0x00007f2ac2800000)
 Metaspace       used 7148K, capacity 7257K, committed 7424K, reserved 8192K
}
Event: 78.006 GC heap before
{Heap before GC invocations=44 (full 0):
 PSYoungGen      total 1035776K, used 1035095K [0x00007f307a580000, 0x00007f323cd00000, 0x00007f3365000000)
  eden space 1034240K, 99% used [0x00007f307a580000,0x00007f30b973b158,0x00007f30b9780000)
  from space 1536K, 73% used [0x00007f323c880000,0x00007f323c99ab20,0x00007f323ca00000)
  to   space 2560K, 0% used [0x00007f323ca80000,0x00007f323ca80000,0x00007f323cd00000)
 ParOldGen       total 483328K, used 15747K [0x00007f2aa5000000, 0x00007f2ac2800000, 0x00007f307a580000)
  object space 483328K, 3% used [0x00007f2aa5000000,0x00007f2aa5f60f60,0x00007f2ac2800000)
 Metaspace       used 7148K, capacity 7257K, committed 7424K, reserved 8192K
Event: 78.013 GC heap after
Heap after GC invocations=44 (full 0):
 PSYoungGen      total 991744K, used 603K [0x00007f307a580000, 0x00007f323cb80000, 0x00007f3365000000)
  eden space 990720K, 0% used [0x00007f307a580000,0x00007f307a580000,0x00007f30b6d00000)
  from space 1024K, 58% used [0x00007f323ca80000,0x00007f323cb16c98,0x00007f323cb80000)
  to   space 2560K, 0% used [0x00007f323c680000,0x00007f323c680000,0x00007f323c900000)
 ParOldGen       total 483328K, used 15747K [0x00007f2aa5000000, 0x00007f2ac2800000, 0x00007f307a580000)
  object space 483328K, 3% used [0x00007f2aa5000000,0x00007f2aa5f60f60,0x00007f2ac2800000)
 Metaspace       used 7148K, capacity 7257K, committed 7424K, reserved 8192K
}
Event: 78.781 GC heap before
{Heap before GC invocations=45 (full 0):
 PSYoungGen      total 991744K, used 991323K [0x00007f307a580000, 0x00007f323cb80000, 0x00007f3365000000)
  eden space 990720K, 100% used [0x00007f307a580000,0x00007f30b6d00000,0x00007f30b6d00000)
  from space 1024K, 58% used [0x00007f323ca80000,0x00007f323cb16c98,0x00007f323cb80000)
  to   space 2560K, 0% used [0x00007f323c680000,0x00007f323c680000,0x00007f323c900000)
 ParOldGen       total 483328K, used 15747K [0x00007f2aa5000000, 0x00007f2ac2800000, 0x00007f307a580000)
  object space 483328K, 3% used [0x00007f2aa5000000,0x00007f2aa5f60f60,0x00007f2ac2800000)
 Metaspace       used 7154K, capacity 7257K, committed 7424K, reserved 8192K
Event: 78.799 GC heap after
Heap after GC invocations=45 (full 0):
 PSYoungGen      total 1211392K, used 2533K [0x00007f307a580000, 0x00007f323cb00000, 0x00007f3365000000)
  eden space 1208832K, 0% used [0x00007f307a580000,0x00007f307a580000,0x00007f30c4200000)
  from space 2560K, 98% used [0x00007f323c680000,0x00007f323c8f9470,0x00007f323c900000)
  to   space 2048K, 0% used [0x00007f323c900000,0x00007f323c900000,0x00007f323cb00000)
 ParOldGen       total 483328K, used 15763K [0x00007f2aa5000000, 0x00007f2ac2800000, 0x00007f307a580000)
  object space 483328K, 3% used [0x00007f2aa5000000,0x00007f2aa5f64f60,0x00007f2ac2800000)
 Metaspace       used 7154K, capacity 7257K, committed 7424K, reserved 8192K
}
Event: 79.529 GC heap before
{Heap before GC invocations=46 (full 0):
 PSYoungGen      total 1211392K, used 1211365K [0x00007f307a580000, 0x00007f323cb00000, 0x00007f3365000000)
  eden space 1208832K, 100% used [0x00007f307a580000,0x00007f30c4200000,0x00007f30c4200000)
  from space 2560K, 98% used [0x00007f323c680000,0x00007f323c8f9470,0x00007f323c900000)
  to   space 2048K, 0% used [0x00007f323c900000,0x00007f323c900000,0x00007f323cb00000)
 ParOldGen       total 483328K, used 15763K [0x00007f2aa5000000, 0x00007f2ac2800000, 0x00007f307a580000)
  object space 483328K, 3% used [0x00007f2aa5000000,0x00007f2aa5f64f60,0x00007f2ac2800000)
 Metaspace       used 7154K, capacity 7257K, committed 7424K, reserved 8192K
Event: 79.548 GC heap after
Heap after GC invocations=46 (full 0):
 PSYoungGen      total 1475584K, used 237K [0x00007f307a580000, 0x00007f323c980000, 0x00007f3365000000)
  eden space 1475072K, 0% used [0x00007f307a580000,0x00007f307a580000,0x00007f30d4600000)
  from space 512K, 46% used [0x00007f323c900000,0x00007f323c93b498,0x00007f323c980000)
  to   space 3072K, 0% used [0x00007f323c380000,0x00007f323c380000,0x00007f323c680000)
 ParOldGen       total 483328K, used 18047K [0x00007f2aa5000000, 0x00007f2ac2800000, 0x00007f307a580000)
  object space 483328K, 3% used [0x00007f2aa5000000,0x00007f2aa619fc20,0x00007f2ac2800000)
 Metaspace       used 7154K, capacity 7257K, committed 7424K, reserved 8192K
}
Event: 80.422 GC heap before
{Heap before GC invocations=47 (full 0):
 PSYoungGen      total 1475584K, used 1475309K [0x00007f307a580000, 0x00007f323c980000, 0x00007f3365000000)
  eden space 1475072K, 100% used [0x00007f307a580000,0x00007f30d4600000,0x00007f30d4600000)
  from space 512K, 46% used [0x00007f323c900000,0x00007f323c93b498,0x00007f323c980000)
  to   space 3072K, 0% used [0x00007f323c380000,0x00007f323c380000,0x00007f323c680000)
 ParOldGen       total 483328K, used 18047K [0x00007f2aa5000000, 0x00007f2ac2800000, 0x00007f307a580000)
  object space 483328K, 3% used [0x00007f2aa5000000,0x00007f2aa619fc20,0x00007f2ac2800000)
 Metaspace       used 7154K, capacity 7257K, committed 7424K, reserved 8192K
Event: 80.428 GC heap after
Heap after GC invocations=47 (full 0):
 PSYoungGen      total 1802752K, used 589K [0x00007f307a580000, 0x00007f323c980000, 0x00007f3365000000)
  eden space 1799680K, 0% used [0x00007f307a580000,0x00007f307a580000,0x00007f30e8300000)
  from space 3072K, 19% used [0x00007f323c380000,0x00007f323c413620,0x00007f323c680000)
  to   space 3072K, 0% used [0x00007f323c680000,0x00007f323c680000,0x00007f323c980000)
 ParOldGen       total 483328K, used 18047K [0x00007f2aa5000000, 0x00007f2ac2800000, 0x00007f307a580000)
  object space 483328K, 3% used [0x00007f2aa5000000,0x00007f2aa619fc20,0x00007f2ac2800000)
 Metaspace       used 7154K, capacity 7257K, committed 7424K, reserved 8192K
}
Event: 81.497 GC heap before
{Heap before GC invocations=48 (full 0):
 PSYoungGen      total 1802752K, used 1800269K [0x00007f307a580000, 0x00007f323c980000, 0x00007f3365000000)
  eden space 1799680K, 100% used [0x00007f307a580000,0x00007f30e8300000,0x00007f30e8300000)
  from space 3072K, 19% used [0x00007f323c380000,0x00007f323c413620,0x00007f323c680000)
  to   space 3072K, 0% used [0x00007f323c680000,0x00007f323c680000,0x00007f323c980000)
 ParOldGen       total 483328K, used 18047K [0x00007f2aa5000000, 0x00007f2ac2800000, 0x00007f307a580000)
  object space 483328K, 3% used [0x00007f2aa5000000,0x00007f2aa619fc20,0x00007f2ac2800000)
 Metaspace       used 7154K, capacity 7257K, committed 7424K, reserved 8192K
Event: 81.504 GC heap after
Heap after GC invocations=48 (full 0):
 PSYoungGen      total 2196480K, used 379K [0x00007f307a580000, 0x00007f323c700000, 0x00007f3365000000)
  eden space 2195968K, 0% used [0x00007f307a580000,0x00007f307a580000,0x00007f3100600000)
  from space 512K, 74% used [0x00007f323c680000,0x00007f323c6def50,0x00007f323c700000)
  to   space 2560K, 0% used [0x00007f323c200000,0x00007f323c200000,0x00007f323c480000)
 ParOldGen       total 483328K, used 18047K [0x00007f2aa5000000, 0x00007f2ac2800000, 0x00007f307a580000)
  object space 483328K, 3% used [0x00007f2aa5000000,0x00007f2aa619fc20,0x00007f2ac2800000)
 Metaspace       used 7154K, capacity 7257K, committed 7424K, reserved 8192K
}
Event: 82.962 GC heap before
{Heap before GC invocations=49 (full 0):
 PSYoungGen      total 2196480K, used 2196347K [0x00007f307a580000, 0x00007f323c700000, 0x00007f3365000000)
  eden space 2195968K, 100% used [0x00007f307a580000,0x00007f3100600000,0x00007f3100600000)
  from space 512K, 74% used [0x00007f323c680000,0x00007f323c6def50,0x00007f323c700000)
  to   space 2560K, 0% used [0x00007f323c200000,0x00007f323c200000,0x00007f323c480000)
 ParOldGen       total 483328K, used 18047K [0x00007f2aa5000000, 0x00007f2ac2800000, 0x00007f307a580000)
  object space 483328K, 3% used [0x00007f2aa5000000,0x00007f2aa619fc20,0x00007f2ac2800000)
 Metaspace       used 7154K, capacity 7257K, committed 7424K, reserved 8192K
Event: 82.968 GC heap after
Heap after GC invocations=49 (full 0):
 PSYoungGen      total 2097152K, used 930K [0x00007f307a580000, 0x00007f323c700000, 0x00007f3365000000)
  eden space 2094592K, 0% used [0x00007f307a580000,0x00007f307a580000,0x00007f30fa300000)
  from space 2560K, 36% used [0x00007f323c200000,0x00007f323c2e8910,0x00007f323c480000)
  to   space 2560K, 0% used [0x00007f323c480000,0x00007f323c480000,0x00007f323c700000)
 ParOldGen       total 483328K, used 18047K [0x00007f2aa5000000, 0x00007f2ac2800000, 0x00007f307a580000)
  object space 483328K, 3% used [0x00007f2aa5000000,0x00007f2aa619fc20,0x00007f2ac2800000)
 Metaspace       used 7154K, capacity 7257K, committed 7424K, reserved 8192K
}
Event: 84.270 GC heap before
{Heap before GC invocations=50 (full 0):
 PSYoungGen      total 2097152K, used 2095522K [0x00007f307a580000, 0x00007f323c700000, 0x00007f3365000000)
  eden space 2094592K, 100% used [0x00007f307a580000,0x00007f30fa300000,0x00007f30fa300000)
  from space 2560K, 36% used [0x00007f323c200000,0x00007f323c2e8910,0x00007f323c480000)
  to   space 2560K, 0% used [0x00007f323c480000,0x00007f323c480000,0x00007f323c700000)
 ParOldGen       total 483328K, used 18047K [0x00007f2aa5000000, 0x00007f2ac2800000, 0x00007f307a580000)
  object space 483328K, 3% used [0x00007f2aa5000000,0x00007f2aa619fc20,0x00007f2ac2800000)
 Metaspace       used 7154K, capacity 7257K, committed 7424K, reserved 8192K
Event: 84.278 GC heap after
Heap after GC invocations=50 (full 0):
 PSYoungGen      total 1998848K, used 505K [0x00007f307a580000, 0x00007f323c500000, 0x00007f3365000000)
  eden space 1998336K, 0% used [0x00007f307a580000,0x00007f307a580000,0x00007f30f4500000)
  from space 512K, 98% used [0x00007f323c480000,0x00007f323c4fe798,0x00007f323c500000)
  to   space 2560K, 0% used [0x00007f323c000000,0x00007f323c000000,0x00007f323c280000)
 ParOldGen       total 483328K, used 18071K [0x00007f2aa5000000, 0x00007f2ac2800000, 0x00007f307a580000)
  object space 483328K, 3% used [0x00007f2aa5000000,0x00007f2aa61a5c20,0x00007f2ac2800000)
 Metaspace       used 7154K, capacity 7257K, committed 7424K, reserved 8192K
}
Event: 85.491 GC heap before
{Heap before GC invocations=51 (full 0):
 PSYoungGen      total 1998848K, used 1998841K [0x00007f307a580000, 0x00007f323c500000, 0x00007f3365000000)
  eden space 1998336K, 100% used [0x00007f307a580000,0x00007f30f4500000,0x00007f30f4500000)
  from space 512K, 98% used [0x00007f323c480000,0x00007f323c4fe798,0x00007f323c500000)
  to   space 2560K, 0% used [0x00007f323c000000,0x00007f323c000000,0x00007f323c280000)
 ParOldGen       total 483328K, used 18071K [0x00007f2aa5000000, 0x00007f2ac2800000, 0x00007f307a580000)
  object space 483328K, 3% used [0x00007f2aa5000000,0x00007f2aa61a5c20,0x00007f2ac2800000)
 Metaspace       used 7154K, capacity 7257K, committed 7424K, reserved 8192K
Event: 85.497 GC heap after
Heap after GC invocations=51 (full 0):
 PSYoungGen      total 1909760K, used 1076K [0x00007f307a580000, 0x00007f323c500000, 0x00007f3365000000)
  eden space 1907200K, 0% used [0x00007f307a580000,0x00007f307a580000,0x00007f30eec00000)
  from space 2560K, 42% used [0x00007f323c000000,0x00007f323c10d350,0x00007f323c280000)
  to   space 2560K, 0% used [0x00007f323c280000,0x00007f323c280000,0x00007f323c500000)
 ParOldGen       total 483328K, used 18071K [0x00007f2aa5000000, 0x00007f2ac2800000, 0x00007f307a580000)
  object space 483328K, 3% used [0x00007f2aa5000000,0x00007f2aa61a5c20,0x00007f2ac2800000)
 Metaspace       used 7154K, capacity 7257K, committed 7424K, reserved 8192K
}
Event: 86.583 GC heap before
{Heap before GC invocations=52 (full 0):
 PSYoungGen      total 1909760K, used 1908276K [0x00007f307a580000, 0x00007f323c500000, 0x00007f3365000000)
  eden space 1907200K, 100% used [0x00007f307a580000,0x00007f30eec00000,0x00007f30eec00000)
  from space 2560K, 42% used [0x00007f323c000000,0x00007f323c10d350,0x00007f323c280000)
  to   space 2560K, 0% used [0x00007f323c280000,0x00007f323c280000,0x00007f323c500000)
 ParOldGen       total 483328K, used 18071K [0x00007f2aa5000000, 0x00007f2ac2800000, 0x00007f307a580000)
  object space 483328K, 3% used [0x00007f2aa5000000,0x00007f2aa61a5c20,0x00007f2ac2800000)
 Metaspace       used 7154K, capacity 7257K, committed 7424K, reserved 8192K
Event: 86.592 GC heap after
Heap after GC invocations=52 (full 0):
 PSYoungGen      total 1821696K, used 1161K [0x00007f307a580000, 0x00007f323c400000, 0x00007f3365000000)
  eden space 1820160K, 0% used [0x00007f307a580000,0x00007f307a580000,0x00007f30e9700000)
  from space 1536K, 75% used [0x00007f323c280000,0x00007f323c3a2550,0x00007f323c400000)
  to   space 2560K, 0% used [0x00007f323bf00000,0x00007f323bf00000,0x00007f323c180000)
 ParOldGen       total 483328K, used 18071K [0x00007f2aa5000000, 0x00007f2ac2800000, 0x00007f307a580000)
  object space 483328K, 3% used [0x00007f2aa5000000,0x00007f2aa61a5c20,0x00007f2ac2800000)
 Metaspace       used 7154K, capacity 7257K, committed 7424K, reserved 8192K
}
Event: 87.598 GC heap before
{Heap before GC invocations=53 (full 0):
 PSYoungGen      total 1821696K, used 1821321K [0x00007f307a580000, 0x00007f323c400000, 0x00007f3365000000)
  eden space 1820160K, 100% used [0x00007f307a580000,0x00007f30e9700000,0x00007f30e9700000)
  from space 1536K, 75% used [0x00007f323c280000,0x00007f323c3a2550,0x00007f323c400000)
  to   space 2560K, 0% used [0x00007f323bf00000,0x00007f323bf00000,0x00007f323c180000)
 ParOldGen       total 483328K, used 18071K [0x00007f2aa5000000, 0x00007f2ac2800000, 0x00007f307a580000)
  object space 483328K, 3% used [0x00007f2aa5000000,0x00007f2aa61a5c20,0x00007f2ac2800000)
 Metaspace       used 7154K, capacity 7257K, committed 7424K, reserved 8192K
Event: 87.607 GC heap after
Heap after GC invocations=53 (full 0):
 PSYoungGen      total 1739264K, used 1236K [0x00007f307a580000, 0x00007f323c300000, 0x00007f3365000000)
  eden space 1737728K, 0% used [0x00007f307a580000,0x00007f307a580000,0x00007f30e4680000)
  from space 1536K, 80% used [0x00007f323bf00000,0x00007f323c035260,0x00007f323c080000)
  to   space 2560K, 0% used [0x00007f323c080000,0x00007f323c080000,0x00007f323c300000)
 ParOldGen       total 483328K, used 18071K [0x00007f2aa5000000, 0x00007f2ac2800000, 0x00007f307a580000)
  object space 483328K, 3% used [0x00007f2aa5000000,0x00007f2aa61a5c20,0x00007f2ac2800000)
 Metaspace       used 7154K, capacity 7257K, committed 7424K, reserved 8192K
}
Event: 88.570 GC heap before
{Heap before GC invocations=54 (full 0):
 PSYoungGen      total 1739264K, used 1738964K [0x00007f307a580000, 0x00007f323c300000, 0x00007f3365000000)
  eden space 1737728K, 100% used [0x00007f307a580000,0x00007f30e4680000,0x00007f30e4680000)
  from space 1536K, 80% used [0x00007f323bf00000,0x00007f323c035260,0x00007f323c080000)
  to   space 2560K, 0% used [0x00007f323c080000,0x00007f323c080000,0x00007f323c300000)
 ParOldGen       total 483328K, used 18071K [0x00007f2aa5000000, 0x00007f2ac2800000, 0x00007f307a580000)
  object space 483328K, 3% used [0x00007f2aa5000000,0x00007f2aa61a5c20,0x00007f2ac2800000)
 Metaspace       used 7154K, capacity 7257K, committed 7424K, reserved 8192K
Event: 88.579 GC heap after
Heap after GC invocations=54 (full 0):
 PSYoungGen      total 1660928K, used 1304K [0x00007f307a580000, 0x00007f323c200000, 0x00007f3365000000)
  eden space 1659392K, 0% used [0x00007f307a580000,0x00007f307a580000,0x00007f30dfa00000)
  from space 1536K, 84% used [0x00007f323c080000,0x00007f323c1c6250,0x00007f323c200000)
  to   space 2560K, 0% used [0x00007f323bd00000,0x00007f323bd00000,0x00007f323bf80000)
 ParOldGen       total 483328K, used 18071K [0x00007f2aa5000000, 0x00007f2ac2800000, 0x00007f307a580000)
  object space 483328K, 3% used [0x00007f2aa5000000,0x00007f2aa61a5c20,0x00007f2ac2800000)
 Metaspace       used 7154K, capacity 7257K, committed 7424K, reserved 8192K
}
Event: 89.583 GC heap before
{Heap before GC invocations=55 (full 0):
 PSYoungGen      total 1660928K, used 1659862K [0x00007f307a580000, 0x00007f323c200000, 0x00007f3365000000)
  eden space 1659392K, 99% used [0x00007f307a580000,0x00007f30df92f8c0,0x00007f30dfa00000)
  from space 1536K, 84% used [0x00007f323c080000,0x00007f323c1c6250,0x00007f323c200000)
  to   space 2560K, 0% used [0x00007f323bd00000,0x00007f323bd00000,0x00007f323bf80000)
 ParOldGen       total 483328K, used 18071K [0x00007f2aa5000000, 0x00007f2ac2800000, 0x00007f307a580000)
  object space 483328K, 3% used [0x00007f2aa5000000,0x00007f2aa61a5c20,0x00007f2ac2800000)
 Metaspace       used 7154K, capacity 7257K, committed 7424K, reserved 8192K
Event: 89.591 GC heap after
Heap after GC invocations=55 (full 0):
 PSYoungGen      total 1586176K, used 1365K [0x00007f307a580000, 0x00007f323c100000, 0x00007f3365000000)
  eden space 1584640K, 0% used [0x00007f307a580000,0x00007f307a580000,0x00007f30db100000)
  from space 1536K, 88% used [0x00007f323bd00000,0x00007f323be557a0,0x00007f323be80000)
  to   space 2560K, 0% used [0x00007f323be80000,0x00007f323be80000,0x00007f323c100000)
 ParOldGen       total 483328K, used 18071K [0x00007f2aa5000000, 0x00007f2ac2800000, 0x00007f307a580000)
  object space 483328K, 3% used [0x00007f2aa5000000,0x00007f2aa61a5c20,0x00007f2ac2800000)
 Metaspace       used 7154K, capacity 7257K, committed 7424K, reserved 8192K
}
Event: 90.603 GC heap before
{Heap before GC invocations=56 (full 0):
 PSYoungGen      total 1586176K, used 1584809K [0x00007f307a580000, 0x00007f323c100000, 0x00007f3365000000)
  eden space 1584640K, 99% used [0x00007f307a580000,0x00007f30dafd5008,0x00007f30db100000)
  from space 1536K, 88% used [0x00007f323bd00000,0x00007f323be557a0,0x00007f323be80000)
  to   space 2560K, 0% used [0x00007f323be80000,0x00007f323be80000,0x00007f323c100000)
 ParOldGen       total 483328K, used 18071K [0x00007f2aa5000000, 0x00007f2ac2800000, 0x00007f307a580000)
  object space 483328K, 3% used [0x00007f2aa5000000,0x00007f2aa61a5c20,0x00007f2ac2800000)
 Metaspace       used 7154K, capacity 7257K, committed 7424K, reserved 8192K
Event: 90.609 GC heap after
Heap after GC invocations=56 (full 0):
 PSYoungGen      total 1515520K, used 1422K [0x00007f307a580000, 0x00007f323c000000, 0x00007f3365000000)
  eden space 1513984K, 0% used [0x00007f307a580000,0x00007f307a580000,0x00007f30d6c00000)
  from space 1536K, 92% used [0x00007f323be80000,0x00007f323bfe3950,0x00007f323c000000)
  to   space 2560K, 0% used [0x00007f323bb00000,0x00007f323bb00000,0x00007f323bd80000)
 ParOldGen       total 483328K, used 18071K [0x00007f2aa5000000, 0x00007f2ac2800000, 0x00007f307a580000)
  object space 483328K, 3% used [0x00007f2aa5000000,0x00007f2aa61a5c20,0x00007f2ac2800000)
 Metaspace       used 7154K, capacity 7257K, committed 7424K, reserved 8192K
}
Event: 91.597 GC heap before
{Heap before GC invocations=57 (full 0):
 PSYoungGen      total 1515520K, used 1515199K [0x00007f307a580000, 0x00007f323c000000, 0x00007f3365000000)
  eden space 1513984K, 99% used [0x00007f307a580000,0x00007f30d6bcc2e0,0x00007f30d6c00000)
  from space 1536K, 92% used [0x00007f323be80000,0x00007f323bfe3950,0x00007f323c000000)
  to   space 2560K, 0% used [0x00007f323bb00000,0x00007f323bb00000,0x00007f323bd80000)
 ParOldGen       total 483328K, used 18071K [0x00007f2aa5000000, 0x00007f2ac2800000, 0x00007f307a580000)
  object space 483328K, 3% used [0x00007f2aa5000000,0x00007f2aa61a5c20,0x00007f2ac2800000)
 Metaspace       used 7154K, capacity 7257K, committed 7424K, reserved 8192K
Event: 91.613 GC heap after
Heap after GC invocations=57 (full 0):
 PSYoungGen      total 1447936K, used 1473K [0x00007f307a580000, 0x00007f323bf00000, 0x00007f3365000000)
  eden space 1446400K, 0% used [0x00007f307a580000,0x00007f307a580000,0x00007f30d2a00000)
  from space 1536K, 95% used [0x00007f323bb00000,0x00007f323bc70740,0x00007f323bc80000)
  to   space 2560K, 0% used [0x00007f323bc80000,0x00007f323bc80000,0x00007f323bf00000)
 ParOldGen       total 483328K, used 18071K [0x00007f2aa5000000, 0x00007f2ac2800000, 0x00007f307a580000)
  object space 483328K, 3% used [0x00007f2aa5000000,0x00007f2aa61a5c20,0x00007f2ac2800000)
 Metaspace       used 7154K, capacity 7257K, committed 7424K, reserved 8192K
}
Event: 92.610 GC heap before
{Heap before GC invocations=58 (full 0):
 PSYoungGen      total 1447936K, used 1447873K [0x00007f307a580000, 0x00007f323bf00000, 0x00007f3365000000)
  eden space 1446400K, 100% used [0x00007f307a580000,0x00007f30d2a00000,0x00007f30d2a00000)
  from space 1536K, 95% used [0x00007f323bb00000,0x00007f323bc70740,0x00007f323bc80000)
  to   space 2560K, 0% used [0x00007f323bc80000,0x00007f323bc80000,0x00007f323bf00000)
 ParOldGen       total 483328K, used 18071K [0x00007f2aa5000000, 0x00007f2ac2800000, 0x00007f307a580000)
  object space 483328K, 3% used [0x00007f2aa5000000,0x00007f2aa61a5c20,0x00007f2ac2800000)
 Metaspace       used 7154K, capacity 7257K, committed 7424K, reserved 8192K
Event: 92.629 GC heap after
Heap after GC invocations=58 (full 0):
 PSYoungGen      total 1737216K, used 1328K [0x00007f307a580000, 0x00007f323be00000, 0x00007f3365000000)
  eden space 1735680K, 0% used [0x00007f307a580000,0x00007f307a580000,0x00007f30e4480000)
  from space 1536K, 86% used [0x00007f323bc80000,0x00007f323bdcc2f0,0x00007f323be00000)
  to   space 2560K, 0% used [0x00007f323b900000,0x00007f323b900000,0x00007f323bb80000)
 ParOldGen       total 483328K, used 18071K [0x00007f2aa5000000, 0x00007f2ac2800000, 0x00007f307a580000)
  object space 483328K, 3% used [0x00007f2aa5000000,0x00007f2aa61a5c20,0x00007f2ac2800000)
 Metaspace       used 7154K, capacity 7257K, committed 7424K, reserved 8192K
}
Event: 93.850 GC heap before
{Heap before GC invocations=59 (full 0):
 PSYoungGen      total 1737216K, used 1737008K [0x00007f307a580000, 0x00007f323be00000, 0x00007f3365000000)
  eden space 1735680K, 100% used [0x00007f307a580000,0x00007f30e4480000,0x00007f30e4480000)
  from space 1536K, 86% used [0x00007f323bc80000,0x00007f323bdcc2f0,0x00007f323be00000)
  to   space 2560K, 0% used [0x00007f323b900000,0x00007f323b900000,0x00007f323bb80000)
 ParOldGen       total 483328K, used 18071K [0x00007f2aa5000000, 0x00007f2ac2800000, 0x00007f307a580000)
  object space 483328K, 3% used [0x00007f2aa5000000,0x00007f2aa61a5c20,0x00007f2ac2800000)
 Metaspace       used 7157K, capacity 7257K, committed 7424K, reserved 8192K
Event: 93.861 GC heap after
Heap after GC invocations=59 (full 0):
 PSYoungGen      total 2085376K, used 2544K [0x00007f307a580000, 0x00007f323bd00000, 0x00007f3365000000)
  eden space 2082816K, 0% used [0x00007f307a580000,0x00007f307a580000,0x00007f30f9780000)
  from space 2560K, 99% used [0x00007f323b900000,0x00007f323bb7c338,0x00007f323bb80000)
  to   space 1536K, 0% used [0x00007f323bb80000,0x00007f323bb80000,0x00007f323bd00000)
 ParOldGen       total 483328K, used 18525K [0x00007f2aa5000000, 0x00007f2ac2800000, 0x00007f307a580000)
  object space 483328K, 3% used [0x00007f2aa5000000,0x00007f2aa6217610,0x00007f2ac2800000)
 Metaspace       used 7157K, capacity 7257K, committed 7424K, reserved 8192K
}
Event: 95.003 GC heap before
{Heap before GC invocations=60 (full 0):
 PSYoungGen      total 2085376K, used 2085360K [0x00007f307a580000, 0x00007f323bd00000, 0x00007f3365000000)
  eden space 2082816K, 100% used [0x00007f307a580000,0x00007f30f9780000,0x00007f30f9780000)
  from space 2560K, 99% used [0x00007f323b900000,0x00007f323bb7c338,0x00007f323bb80000)
  to   space 1536K, 0% used [0x00007f323bb80000,0x00007f323bb80000,0x00007f323bd00000)
 ParOldGen       total 483328K, used 18525K [0x00007f2aa5000000, 0x00007f2ac2800000, 0x00007f307a580000)
  object space 483328K, 3% used [0x00007f2aa5000000,0x00007f2aa6217610,0x00007f2ac2800000)
 Metaspace       used 7157K, capacity 7257K, committed 7424K, reserved 8192K
Event: 95.017 GC heap after
Heap after GC invocations=60 (full 0):
 PSYoungGen      total 2500608K, used 554K [0x00007f307a580000, 0x00007f323bc80000, 0x00007f3365000000)
  eden space 2499584K, 0% used [0x00007f307a580000,0x00007f307a580000,0x00007f3112e80000)
  from space 1024K, 54% used [0x00007f323bb80000,0x00007f323bc0aa38,0x00007f323bc80000)
  to   space 3072K, 0% used [0x00007f323b680000,0x00007f323b680000,0x00007f323b980000)
 ParOldGen       total 483328K, used 20754K [0x00007f2aa5000000, 0x00007f2ac2800000, 0x00007f307a580000)
  object space 483328K, 4% used [0x00007f2aa5000000,0x00007f2aa64448e0,0x00007f2ac2800000)
 Metaspace       used 7157K, capacity 7257K, committed 7424K, reserved 8192K
}
Event: 96.592 GC heap before
{Heap before GC invocations=61 (full 0):
 PSYoungGen      total 2500608K, used 2500138K [0x00007f307a580000, 0x00007f323bc80000, 0x00007f3365000000)
  eden space 2499584K, 100% used [0x00007f307a580000,0x00007f3112e80000,0x00007f3112e80000)
  from space 1024K, 54% used [0x00007f323bb80000,0x00007f323bc0aa38,0x00007f323bc80000)
  to   space 3072K, 0% used [0x00007f323b680000,0x00007f323b680000,0x00007f323b980000)
 ParOldGen       total 483328K, used 20754K [0x00007f2aa5000000, 0x00007f2ac2800000, 0x00007f307a580000)
  object space 483328K, 4% used [0x00007f2aa5000000,0x00007f2aa64448e0,0x00007f2ac2800000)
 Metaspace       used 7157K, capacity 7257K, committed 7424K, reserved 8192K
Event: 96.598 GC heap after
Heap after GC invocations=61 (full 0):
 PSYoungGen      total 2384384K, used 749K [0x00007f307a580000, 0x00007f323bc00000, 0x00007f3365000000)
  eden space 2383360K, 0% used [0x00007f307a580000,0x00007f307a580000,0x00007f310bd00000)
  from space 1024K, 73% used [0x00007f323b680000,0x00007f323b73b4e0,0x00007f323b780000)
  to   space 3072K, 0% used [0x00007f323b900000,0x00007f323b900000,0x00007f323bc00000)
 ParOldGen       total 483328K, used 20754K [0x00007f2aa5000000, 0x00007f2ac2800000, 0x00007f307a580000)
  object space 483328K, 4% used [0x00007f2aa5000000,0x00007f2aa64448e0,0x00007f2ac2800000)
 Metaspace       used 7157K, capacity 7257K, committed 7424K, reserved 8192K
}
Event: 97.974 GC heap before
{Heap before GC invocations=62 (full 0):
 PSYoungGen      total 2384384K, used 2384109K [0x00007f307a580000, 0x00007f323bc00000, 0x00007f3365000000)
  eden space 2383360K, 100% used [0x00007f307a580000,0x00007f310bd00000,0x00007f310bd00000)
  from space 1024K, 73% used [0x00007f323b680000,0x00007f323b73b4e0,0x00007f323b780000)
  to   space 3072K, 0% used [0x00007f323b900000,0x00007f323b900000,0x00007f323bc00000)
 ParOldGen       total 483328K, used 20754K [0x00007f2aa5000000, 0x00007f2ac2800000, 0x00007f307a580000)
  object space 483328K, 4% used [0x00007f2aa5000000,0x00007f2aa64448e0,0x00007f2ac2800000)
 Metaspace       used 7159K, capacity 7257K, committed 7424K, reserved 8192K
Event: 97.985 GC heap after
Heap after GC invocations=62 (full 0):
 PSYoungGen      total 2275840K, used 3060K [0x00007f307a580000, 0x00007f323bc00000, 0x00007f3365000000)
  eden space 2272768K, 0% used [0x00007f307a580000,0x00007f307a580000,0x00007f3105100000)
  from space 3072K, 99% used [0x00007f323b900000,0x00007f323bbfd3d8,0x00007f323bc00000)
  to   space 3584K, 0% used [0x00007f323b500000,0x00007f323b500000,0x00007f323b880000)
 ParOldGen       total 483328K, used 20786K [0x00007f2aa5000000, 0x00007f2ac2800000, 0x00007f307a580000)
  object space 483328K, 4% used [0x00007f2aa5000000,0x00007f2aa644c8e0,0x00007f2ac2800000)
 Metaspace       used 7159K, capacity 7257K, committed 7424K, reserved 8192K
}
Event: 99.160 GC heap before
{Heap before GC invocations=63 (full 0):
 PSYoungGen      total 2275840K, used 2275828K [0x00007f307a580000, 0x00007f323bc00000, 0x00007f3365000000)
  eden space 2272768K, 100% used [0x00007f307a580000,0x00007f3105100000,0x00007f3105100000)
  from space 3072K, 99% used [0x00007f323b900000,0x00007f323bbfd3d8,0x00007f323bc00000)
  to   space 3584K, 0% used [0x00007f323b500000,0x00007f323b500000,0x00007f323b880000)
 ParOldGen       total 483328K, used 20786K [0x00007f2aa5000000, 0x00007f2ac2800000, 0x00007f307a580000)
  object space 483328K, 4% used [0x00007f2aa5000000,0x00007f2aa644c8e0,0x00007f2ac2800000)
 Metaspace       used 7159K, capacity 7257K, committed 7424K, reserved 8192K
Event: 99.176 GC heap after
Heap after GC invocations=63 (full 0):
 PSYoungGen      total 2168832K, used 669K [0x00007f307a580000, 0x00007f323b980000, 0x00007f3365000000)
  eden space 2167808K, 0% used [0x00007f307a580000,0x00007f307a580000,0x00007f30fea80000)
  from space 1024K, 65% used [0x00007f323b500000,0x00007f323b5a7640,0x00007f323b600000)
  to   space 3584K, 0% used [0x00007f323b600000,0x00007f323b600000,0x00007f323b980000)
 ParOldGen       total 483328K, used 23341K [0x00007f2aa5000000, 0x00007f2ac2800000, 0x00007f307a580000)
  object space 483328K, 4% used [0x00007f2aa5000000,0x00007f2aa66cb5a0,0x00007f2ac2800000)
 Metaspace       used 7159K, capacity 7257K, committed 7424K, reserved 8192K
}
Event: 100.701 GC heap before
{Heap before GC invocations=64 (full 0):
 PSYoungGen      total 2168832K, used 2168138K [0x00007f307a580000, 0x00007f323b980000, 0x00007f3365000000)
  eden space 2167808K, 99% used [0x00007f307a580000,0x00007f30fea2b338,0x00007f30fea80000)
  from space 1024K, 65% used [0x00007f323b500000,0x00007f323b5a7640,0x00007f323b600000)
  to   space 3584K, 0% used [0x00007f323b600000,0x00007f323b600000,0x00007f323b980000)
 ParOldGen       total 483328K, used 23341K [0x00007f2aa5000000, 0x00007f2ac2800000, 0x00007f307a580000)
  object space 483328K, 4% used [0x00007f2aa5000000,0x00007f2aa66cb5a0,0x00007f2ac2800000)
 Metaspace       used 7159K, capacity 7257K, committed 7424K, reserved 8192K
Event: 100.707 GC heap after
Heap after GC invocations=64 (full 0):
 PSYoungGen      total 2068992K, used 816K [0x00007f307a580000, 0x00007f323b700000, 0x00007f3365000000)
  eden space 2067968K, 0% used [0x00007f307a580000,0x00007f307a580000,0x00007f30f8900000)
  from space 1024K, 79% used [0x00007f323b600000,0x00007f323b6cc1c0,0x00007f323b700000)
  to   space 3072K, 0% used [0x00007f323b100000,0x00007f323b100000,0x00007f323b400000)
 ParOldGen       total 483328K, used 23341K [0x00007f2aa5000000, 0x00007f2ac2800000, 0x00007f307a580000)
  object space 483328K, 4% used [0x00007f2aa5000000,0x00007f2aa66cb5a0,0x00007f2ac2800000)
 Metaspace       used 7159K, capacity 7257K, committed 7424K, reserved 8192K
}
Event: 102.013 GC heap before
{Heap before GC invocations=65 (full 0):
 PSYoungGen      total 2068992K, used 2068784K [0x00007f307a580000, 0x00007f323b700000, 0x00007f3365000000)
  eden space 2067968K, 100% used [0x00007f307a580000,0x00007f30f8900000,0x00007f30f8900000)
  from space 1024K, 79% used [0x00007f323b600000,0x00007f323b6cc1c0,0x00007f323b700000)
  to   space 3072K, 0% used [0x00007f323b100000,0x00007f323b100000,0x00007f323b400000)
 ParOldGen       total 483328K, used 23341K [0x00007f2aa5000000, 0x00007f2ac2800000, 0x00007f307a580000)
  object space 483328K, 4% used [0x00007f2aa5000000,0x00007f2aa66cb5a0,0x00007f2ac2800000)
 Metaspace       used 7174K, capacity 7257K, committed 7424K, reserved 8192K
Event: 102.026 GC heap after
Heap after GC invocations=65 (full 0):
 PSYoungGen      total 1976320K, used 3052K [0x00007f307a580000, 0x00007f323b680000, 0x00007f3365000000)
  eden space 1973248K, 0% used [0x00007f307a580000,0x00007f307a580000,0x00007f30f2c80000)
  from space 3072K, 99% used [0x00007f323b100000,0x00007f323b3fb300,0x00007f323b400000)
  to   space 2560K, 0% used [0x00007f323b400000,0x00007f323b400000,0x00007f323b680000)
 ParOldGen       total 483328K, used 23397K [0x00007f2aa5000000, 0x00007f2ac2800000, 0x00007f307a580000)
  object space 483328K, 4% used [0x00007f2aa5000000,0x00007f2aa66d95a0,0x00007f2ac2800000)
 Metaspace       used 7174K, capacity 7257K, committed 7424K, reserved 8192K
}
Event: 103.232 GC heap before
{Heap before GC invocations=66 (full 0):
 PSYoungGen      total 1976320K, used 1976300K [0x00007f307a580000, 0x00007f323b680000, 0x00007f3365000000)
  eden space 1973248K, 100% used [0x00007f307a580000,0x00007f30f2c80000,0x00007f30f2c80000)
  from space 3072K, 99% used [0x00007f323b100000,0x00007f323b3fb300,0x00007f323b400000)
  to   space 2560K, 0% used [0x00007f323b400000,0x00007f323b400000,0x00007f323b680000)
 ParOldGen       total 483328K, used 23397K [0x00007f2aa5000000, 0x00007f2ac2800000, 0x00007f307a580000)
  object space 483328K, 4% used [0x00007f2aa5000000,0x00007f2aa66d95a0,0x00007f2ac2800000)
 Metaspace       used 7174K, capacity 7257K, committed 7424K, reserved 8192K
Event: 103.246 GC heap after
Heap after GC invocations=66 (full 0):
 PSYoungGen      total 1884160K, used 618K [0x00007f307a580000, 0x00007f323b500000, 0x00007f3365000000)
  eden space 1883136K, 0% used [0x00007f307a580000,0x00007f307a580000,0x00007f30ed480000)
  from space 1024K, 60% used [0x00007f323b400000,0x00007f323b49aaa8,0x00007f323b500000)
  to   space 3584K, 0% used [0x00007f323ae00000,0x00007f323ae00000,0x00007f323b180000)
 ParOldGen       total 483328K, used 26004K [0x00007f2aa5000000, 0x00007f2ac2800000, 0x00007f307a580000)
  object space 483328K, 5% used [0x00007f2aa5000000,0x00007f2aa6965088,0x00007f2ac2800000)
 Metaspace       used 7174K, capacity 7257K, committed 7424K, reserved 8192K
}
Event: 104.633 GC heap before
{Heap before GC invocations=67 (full 0):
 PSYoungGen      total 1884160K, used 1883196K [0x00007f307a580000, 0x00007f323b500000, 0x00007f3365000000)
  eden space 1883136K, 99% used [0x00007f307a580000,0x00007f30ed3f4618,0x00007f30ed480000)
  from space 1024K, 60% used [0x00007f323b400000,0x00007f323b49aaa8,0x00007f323b500000)
  to   space 3584K, 0% used [0x00007f323ae00000,0x00007f323ae00000,0x00007f323b180000)
 ParOldGen       total 483328K, used 26004K [0x00007f2aa5000000, 0x00007f2ac2800000, 0x00007f307a580000)
  object space 483328K, 5% used [0x00007f2aa5000000,0x00007f2aa6965088,0x00007f2ac2800000)
 Metaspace       used 7174K, capacity 7257K, committed 7424K, reserved 8192K
Event: 104.641 GC heap after
Heap after GC invocations=67 (full 0):
 PSYoungGen      total 1798656K, used 757K [0x00007f307a580000, 0x00007f323b480000, 0x00007f3365000000)
  eden space 1797632K, 0% used [0x00007f307a580000,0x00007f307a580000,0x00007f30e8100000)
  from space 1024K, 73% used [0x00007f323ae00000,0x00007f323aebd550,0x00007f323af00000)
  to   space 3584K, 0% used [0x00007f323b100000,0x00007f323b100000,0x00007f323b480000)
 ParOldGen       total 483328K, used 26004K [0x00007f2aa5000000, 0x00007f2ac2800000, 0x00007f307a580000)
  object space 483328K, 5% used [0x00007f2aa5000000,0x00007f2aa6965088,0x00007f2ac2800000)
 Metaspace       used 7174K, capacity 7257K, committed 7424K, reserved 8192K
}
Event: 106.277 GC heap before
{Heap before GC invocations=68 (full 0):
 PSYoungGen      total 1798656K, used 1798389K [0x00007f307a580000, 0x00007f323b480000, 0x00007f3365000000)
  eden space 1797632K, 100% used [0x00007f307a580000,0x00007f30e8100000,0x00007f30e8100000)
  from space 1024K, 73% used [0x00007f323ae00000,0x00007f323aebd550,0x00007f323af00000)
  to   space 3584K, 0% used [0x00007f323b100000,0x00007f323b100000,0x00007f323b480000)
 ParOldGen       total 483328K, used 26004K [0x00007f2aa5000000, 0x00007f2ac2800000, 0x00007f307a580000)
  object space 483328K, 5% used [0x00007f2aa5000000,0x00007f2aa6965088,0x00007f2ac2800000)
 Metaspace       used 7216K, capacity 7257K, committed 7424K, reserved 8192K
Event: 106.285 GC heap after
Heap after GC invocations=68 (full 0):
 PSYoungGen      total 1717760K, used 1300K [0x00007f307a580000, 0x00007f323b280000, 0x00007f3365000000)
  eden space 1716224K, 0% used [0x00007f307a580000,0x00007f307a580000,0x00007f30e3180000)
  from space 1536K, 84% used [0x00007f323b100000,0x00007f323b245310,0x00007f323b280000)
  to   space 3584K, 0% used [0x00007f323ab80000,0x00007f323ab80000,0x00007f323af00000)
 ParOldGen       total 483328K, used 26012K [0x00007f2aa5000000, 0x00007f2ac2800000, 0x00007f307a580000)
  object space 483328K, 5% used [0x00007f2aa5000000,0x00007f2aa6967088,0x00007f2ac2800000)
 Metaspace       used 7216K, capacity 7257K, committed 7424K, reserved 8192K
}
Event: 107.541 GC heap before
{Heap before GC invocations=69 (full 0):
 PSYoungGen      total 1717760K, used 1717524K [0x00007f307a580000, 0x00007f323b280000, 0x00007f3365000000)
  eden space 1716224K, 100% used [0x00007f307a580000,0x00007f30e3180000,0x00007f30e3180000)
  from space 1536K, 84% used [0x00007f323b100000,0x00007f323b245310,0x00007f323b280000)
  to   space 3584K, 0% used [0x00007f323ab80000,0x00007f323ab80000,0x00007f323af00000)
 ParOldGen       total 483328K, used 26012K [0x00007f2aa5000000, 0x00007f2ac2800000, 0x00007f307a580000)
  object space 483328K, 5% used [0x00007f2aa5000000,0x00007f2aa6967088,0x00007f2ac2800000)
 Metaspace       used 7222K, capacity 7257K, committed 7424K, reserved 8192K
Event: 107.559 GC heap after
Heap after GC invocations=69 (full 0):
 PSYoungGen      total 1641472K, used 2534K [0x00007f307a580000, 0x00007f323b180000, 0x00007f3365000000)
  eden space 1638912K, 0% used [0x00007f307a580000,0x00007f307a580000,0x00007f30de600000)
  from space 2560K, 98% used [0x00007f323ab80000,0x00007f323adf98f8,0x00007f323ae00000)
  to   space 3584K, 0% used [0x00007f323ae00000,0x00007f323ae00000,0x00007f323b180000)
 ParOldGen       total 483328K, used 26686K [0x00007f2aa5000000, 0x00007f2ac2800000, 0x00007f307a580000)
  object space 483328K, 5% used [0x00007f2aa5000000,0x00007f2aa6a0f8a0,0x00007f2ac2800000)
 Metaspace       used 7222K, capacity 7257K, committed 7424K, reserved 8192K
}
Event: 108.438 GC heap before
{Heap before GC invocations=70 (full 0):
 PSYoungGen      total 1641472K, used 1641446K [0x00007f307a580000, 0x00007f323b180000, 0x00007f3365000000)
  eden space 1638912K, 100% used [0x00007f307a580000,0x00007f30de600000,0x00007f30de600000)
  from space 2560K, 98% used [0x00007f323ab80000,0x00007f323adf98f8,0x00007f323ae00000)
  to   space 3584K, 0% used [0x00007f323ae00000,0x00007f323ae00000,0x00007f323b180000)
 ParOldGen       total 483328K, used 26686K [0x00007f2aa5000000, 0x00007f2ac2800000, 0x00007f307a580000)
  object space 483328K, 5% used [0x00007f2aa5000000,0x00007f2aa6a0f8a0,0x00007f2ac2800000)
 Metaspace       used 7222K, capacity 7257K, committed 7424K, reserved 8192K
Event: 108.484 GC heap after
Heap after GC invocations=70 (full 0):
 PSYoungGen      total 1968128K, used 564K [0x00007f307a580000, 0x00007f323af00000, 0x00007f3365000000)
  eden space 1967104K, 0% used [0x00007f307a580000,0x00007f307a580000,0x00007f30f2680000)
  from space 1024K, 55% used [0x00007f323ae00000,0x00007f323ae8d100,0x00007f323af00000)
  to   space 3584K, 0% used [0x00007f323a800000,0x00007f323a800000,0x00007f323ab80000)
 ParOldGen       total 483328K, used 28874K [0x00007f2aa5000000, 0x00007f2ac2800000, 0x00007f307a580000)
  object space 483328K, 5% used [0x00007f2aa5000000,0x00007f2aa6c32b70,0x00007f2ac2800000)
 Metaspace       used 7222K, capacity 7257K, committed 7424K, reserved 8192K
}
Event: 109.630 GC heap before
{Heap before GC invocations=71 (full 0):
 PSYoungGen      total 1968128K, used 1967426K [0x00007f307a580000, 0x00007f323af00000, 0x00007f3365000000)
  eden space 1967104K, 99% used [0x00007f307a580000,0x00007f30f2643978,0x00007f30f2680000)
  from space 1024K, 55% used [0x00007f323ae00000,0x00007f323ae8d100,0x00007f323af00000)
  to   space 3584K, 0% used [0x00007f323a800000,0x00007f323a800000,0x00007f323ab80000)
 ParOldGen       total 483328K, used 28874K [0x00007f2aa5000000, 0x00007f2ac2800000, 0x00007f307a580000)
  object space 483328K, 5% used [0x00007f2aa5000000,0x00007f2aa6c32b70,0x00007f2ac2800000)
 Metaspace       used 7222K, capacity 7257K, committed 7424K, reserved 8192K
Event: 109.637 GC heap after
Heap after GC invocations=71 (full 0):
 PSYoungGen      total 2361856K, used 719K [0x00007f307a580000, 0x00007f323ae80000, 0x00007f3365000000)
  eden space 2360832K, 0% used [0x00007f307a580000,0x00007f307a580000,0x00007f310a700000)
  from space 1024K, 70% used [0x00007f323a800000,0x00007f323a8b3df0,0x00007f323a900000)
  to   space 3584K, 0% used [0x00007f323ab00000,0x00007f323ab00000,0x00007f323ae80000)
 ParOldGen       total 483328K, used 28874K [0x00007f2aa5000000, 0x00007f2ac2800000, 0x00007f307a580000)
  object space 483328K, 5% used [0x00007f2aa5000000,0x00007f2aa6c32b70,0x00007f2ac2800000)
 Metaspace       used 7222K, capacity 7257K, committed 7424K, reserved 8192K
}
Event: 111.199 GC heap before
{Heap before GC invocations=72 (full 0):
 PSYoungGen      total 2361856K, used 2361551K [0x00007f307a580000, 0x00007f323ae80000, 0x00007f3365000000)
  eden space 2360832K, 100% used [0x00007f307a580000,0x00007f310a700000,0x00007f310a700000)
  from space 1024K, 70% used [0x00007f323a800000,0x00007f323a8b3df0,0x00007f323a900000)
  to   space 3584K, 0% used [0x00007f323ab00000,0x00007f323ab00000,0x00007f323ae80000)
 ParOldGen       total 483328K, used 28874K [0x00007f2aa5000000, 0x00007f2ac2800000, 0x00007f307a580000)
  object space 483328K, 5% used [0x00007f2aa5000000,0x00007f2aa6c32b70,0x00007f2ac2800000)
 Metaspace       used 7223K, capacity 7321K, committed 7424K, reserved 8192K
Event: 111.207 GC heap after
Heap after GC invocations=72 (full 0):
 PSYoungGen      total 2836992K, used 3091K [0x00007f307a580000, 0x00007f323ae80000, 0x00007f3365000000)
  eden space 2833408K, 0% used [0x00007f307a580000,0x00007f307a580000,0x00007f3127480000)
  from space 3584K, 86% used [0x00007f323ab00000,0x00007f323ae04cb8,0x00007f323ae80000)
  to   space 4096K, 0% used [0x00007f323a680000,0x00007f323a680000,0x00007f323aa80000)
 ParOldGen       total 483328K, used 28874K [0x00007f2aa5000000, 0x00007f2ac2800000, 0x00007f307a580000)
  object space 483328K, 5% used [0x00007f2aa5000000,0x00007f2aa6c32b70,0x00007f2ac2800000)
 Metaspace       used 7223K, capacity 7321K, committed 7424K, reserved 8192K
}
Event: 113.255 GC heap before
{Heap before GC invocations=73 (full 0):
 PSYoungGen      total 2836992K, used 2836499K [0x00007f307a580000, 0x00007f323ae80000, 0x00007f3365000000)
  eden space 2833408K, 100% used [0x00007f307a580000,0x00007f3127480000,0x00007f3127480000)
  from space 3584K, 86% used [0x00007f323ab00000,0x00007f323ae04cb8,0x00007f323ae80000)
  to   space 4096K, 0% used [0x00007f323a680000,0x00007f323a680000,0x00007f323aa80000)
 ParOldGen       total 483328K, used 28874K [0x00007f2aa5000000, 0x00007f2ac2800000, 0x00007f307a580000)
  object space 483328K, 5% used [0x00007f2aa5000000,0x00007f2aa6c32b70,0x00007f2ac2800000)
 Metaspace       used 7223K, capacity 7321K, committed 7424K, reserved 8192K
Event: 113.270 GC heap after
Heap after GC invocations=73 (full 0):
 PSYoungGen      total 3401216K, used 689K [0x00007f307a580000, 0x00007f323ab80000, 0x00007f3365000000)
  eden space 3400192K, 0% used [0x00007f307a580000,0x00007f307a580000,0x00007f3149e00000)
  from space 1024K, 67% used [0x00007f323a680000,0x00007f323a72c798,0x00007f323a780000)
  to   space 4096K, 0% used [0x00007f323a780000,0x00007f323a780000,0x00007f323ab80000)
 ParOldGen       total 483328K, used 31422K [0x00007f2aa5000000, 0x00007f2ac2800000, 0x00007f307a580000)
  object space 483328K, 6% used [0x00007f2aa5000000,0x00007f2aa6eaf830,0x00007f2ac2800000)
 Metaspace       used 7223K, capacity 7321K, committed 7424K, reserved 8192K
}
Event: 116.393 GC heap before
{Heap before GC invocations=74 (full 0):
 PSYoungGen      total 3401216K, used 3400881K [0x00007f307a580000, 0x00007f323ab80000, 0x00007f3365000000)
  eden space 3400192K, 100% used [0x00007f307a580000,0x00007f3149e00000,0x00007f3149e00000)
  from space 1024K, 67% used [0x00007f323a680000,0x00007f323a72c798,0x00007f323a780000)
  to   space 4096K, 0% used [0x00007f323a780000,0x00007f323a780000,0x00007f323ab80000)
 ParOldGen       total 483328K, used 31422K [0x00007f2aa5000000, 0x00007f2ac2800000, 0x00007f307a580000)
  object space 483328K, 6% used [0x00007f2aa5000000,0x00007f2aa6eaf830,0x00007f2ac2800000)
 Metaspace       used 7238K, capacity 7321K, committed 7424K, reserved 8192K
Event: 116.402 GC heap after
Heap after GC invocations=74 (full 0):
 PSYoungGen      total 3240960K, used 1705K [0x00007f307a580000, 0x00007f323a980000, 0x00007f3365000000)
  eden space 3238912K, 0% used [0x00007f307a580000,0x00007f307a580000,0x00007f3140080000)
  from space 2048K, 83% used [0x00007f323a780000,0x00007f323a92a4f0,0x00007f323a980000)
  to   space 3584K, 0% used [0x00007f323a280000,0x00007f323a280000,0x00007f323a600000)
 ParOldGen       total 483328K, used 31422K [0x00007f2aa5000000, 0x00007f2ac2800000, 0x00007f307a580000)
  object space 483328K, 6% used [0x00007f2aa5000000,0x00007f2aa6eaf830,0x00007f2ac2800000)
 Metaspace       used 7238K, capacity 7321K, committed 7424K, reserved 8192K
}
Event: 118.863 GC heap before
{Heap before GC invocations=75 (full 0):
 PSYoungGen      total 3240960K, used 3240617K [0x00007f307a580000, 0x00007f323a980000, 0x00007f3365000000)
  eden space 3238912K, 100% used [0x00007f307a580000,0x00007f3140080000,0x00007f3140080000)
  from space 2048K, 83% used [0x00007f323a780000,0x00007f323a92a4f0,0x00007f323a980000)
  to   space 3584K, 0% used [0x00007f323a280000,0x00007f323a280000,0x00007f323a600000)
 ParOldGen       total 483328K, used 31422K [0x00007f2aa5000000, 0x00007f2ac2800000, 0x00007f307a580000)
  object space 483328K, 6% used [0x00007f2aa5000000,0x00007f2aa6eaf830,0x00007f2ac2800000)
 Metaspace       used 7242K, capacity 7321K, committed 7424K, reserved 8192K
Event: 118.880 GC heap after
Heap after GC invocations=75 (full 0):
 PSYoungGen      total 3089408K, used 3266K [0x00007f307a580000, 0x00007f323a800000, 0x00007f3365000000)
  eden space 3085824K, 0% used [0x00007f307a580000,0x00007f307a580000,0x00007f3136b00000)
  from space 3584K, 91% used [0x00007f323a280000,0x00007f323a5b0b98,0x00007f323a600000)
  to   space 2048K, 0% used [0x00007f323a600000,0x00007f323a600000,0x00007f323a800000)
 ParOldGen       total 483328K, used 32675K [0x00007f2aa5000000, 0x00007f2ac2800000, 0x00007f307a580000)
  object space 483328K, 6% used [0x00007f2aa5000000,0x00007f2aa6fe8f08,0x00007f2ac2800000)
 Metaspace       used 7242K, capacity 7321K, committed 7424K, reserved 8192K
}
Event: 120.613 GC heap before
{Heap before GC invocations=76 (full 0):
 PSYoungGen      total 3089408K, used 3089090K [0x00007f307a580000, 0x00007f323a800000, 0x00007f3365000000)
  eden space 3085824K, 100% used [0x00007f307a580000,0x00007f3136b00000,0x00007f3136b00000)
  from space 3584K, 91% used [0x00007f323a280000,0x00007f323a5b0b98,0x00007f323a600000)
  to   space 2048K, 0% used [0x00007f323a600000,0x00007f323a600000,0x00007f323a800000)
 ParOldGen       total 483328K, used 32675K [0x00007f2aa5000000, 0x00007f2ac2800000, 0x00007f307a580000)
  object space 483328K, 6% used [0x00007f2aa5000000,0x00007f2aa6fe8f08,0x00007f2ac2800000)
 Metaspace       used 7242K, capacity 7321K, committed 7424K, reserved 8192K
Event: 120.622 GC heap after
Heap after GC invocations=76 (full 0):
 PSYoungGen      total 2941440K, used 757K [0x00007f307a580000, 0x00007f323a700000, 0x00007f3365000000)
  eden space 2940416K, 0% used [0x00007f307a580000,0x00007f307a580000,0x00007f312dd00000)
  from space 1024K, 74% used [0x00007f323a600000,0x00007f323a6bd790,0x00007f323a700000)
  to   space 4096K, 0% used [0x00007f3239f00000,0x00007f3239f00000,0x00007f323a300000)
 ParOldGen       total 483328K, used 35171K [0x00007f2aa5000000, 0x00007f2ac2800000, 0x00007f307a580000)
  object space 483328K, 7% used [0x00007f2aa5000000,0x00007f2aa7258ce8,0x00007f2ac2800000)
 Metaspace       used 7242K, capacity 7321K, committed 7424K, reserved 8192K
}
Event: 127.038 GC heap before
{Heap before GC invocations=77 (full 0):
 PSYoungGen      total 2941440K, used 2941173K [0x00007f307a580000, 0x00007f323a700000, 0x00007f3365000000)
  eden space 2940416K, 100% used [0x00007f307a580000,0x00007f312dd00000,0x00007f312dd00000)
  from space 1024K, 74% used [0x00007f323a600000,0x00007f323a6bd790,0x00007f323a700000)
  to   space 4096K, 0% used [0x00007f3239f00000,0x00007f3239f00000,0x00007f323a300000)
 ParOldGen       total 483328K, used 35171K [0x00007f2aa5000000, 0x00007f2ac2800000, 0x00007f307a580000)
  object space 483328K, 7% used [0x00007f2aa5000000,0x00007f2aa7258ce8,0x00007f2ac2800000)
 Metaspace       used 13783K, capacity 14098K, committed 14336K, reserved 14336K
Event: 127.250 GC heap after
Heap after GC invocations=77 (full 0):
 PSYoungGen      total 3532800K, used 4094K [0x00007f307a580000, 0x00007f323a680000, 0x00007f3365000000)
  eden space 3528704K, 0% used [0x00007f307a580000,0x00007f307a580000,0x00007f3151b80000)
  from space 4096K, 99% used [0x00007f3239f00000,0x00007f323a2ff868,0x00007f323a300000)
  to   space 3584K, 0% used [0x00007f323a300000,0x00007f323a300000,0x00007f323a680000)
 ParOldGen       total 483328K, used 94914K [0x00007f2aa5000000, 0x00007f2ac2800000, 0x00007f307a580000)
  object space 483328K, 19% used [0x00007f2aa5000000,0x00007f2aaacb08c0,0x00007f2ac2800000)
 Metaspace       used 13783K, capacity 14098K, committed 14336K, reserved 14336K
}
Event: 150.925 GC heap before
{Heap before GC invocations=78 (full 0):
 PSYoungGen      total 3532800K, used 2487470K [0x00007f307a580000, 0x00007f323a680000, 0x00007f3365000000)
  eden space 3528704K, 70% used [0x00007f307a580000,0x00007f3111eac2c0,0x00007f3151b80000)
  from space 4096K, 99% used [0x00007f3239f00000,0x00007f323a2ff868,0x00007f323a300000)
  to   space 3584K, 0% used [0x00007f323a300000,0x00007f323a300000,0x00007f323a680000)
 ParOldGen       total 483328K, used 94914K [0x00007f2aa5000000, 0x00007f2ac2800000, 0x00007f307a580000)
  object space 483328K, 19% used [0x00007f2aa5000000,0x00007f2aaacb08c0,0x00007f2ac2800000)
 Metaspace       used 20832K, capacity 21209K, committed 21248K, reserved 22528K
Event: 151.414 GC heap after
Heap after GC invocations=78 (full 0):
 PSYoungGen      total 4238336K, used 3560K [0x00007f307a580000, 0x00007f323a680000, 0x00007f3365000000)
  eden space 4234752K, 0% used [0x00007f307a580000,0x00007f307a580000,0x00007f317cd00000)
  from space 3584K, 99% used [0x00007f323a300000,0x00007f323a67a100,0x00007f323a680000)
  to   space 85504K, 0% used [0x00007f322ff80000,0x00007f322ff80000,0x00007f3235300000)
 ParOldGen       total 483328K, used 262561K [0x00007f2aa5000000, 0x00007f2ac2800000, 0x00007f307a580000)
  object space 483328K, 54% used [0x00007f2aa5000000,0x00007f2ab50685b0,0x00007f2ac2800000)
 Metaspace       used 20832K, capacity 21209K, committed 21248K, reserved 22528K
}
Event: 151.414 GC heap before
{Heap before GC invocations=79 (full 1):
 PSYoungGen      total 4238336K, used 3560K [0x00007f307a580000, 0x00007f323a680000, 0x00007f3365000000)
  eden space 4234752K, 0% used [0x00007f307a580000,0x00007f307a580000,0x00007f317cd00000)
  from space 3584K, 99% used [0x00007f323a300000,0x00007f323a67a100,0x00007f323a680000)
  to   space 85504K, 0% used [0x00007f322ff80000,0x00007f322ff80000,0x00007f3235300000)
 ParOldGen       total 483328K, used 262561K [0x00007f2aa5000000, 0x00007f2ac2800000, 0x00007f307a580000)
  object space 483328K, 54% used [0x00007f2aa5000000,0x00007f2ab50685b0,0x00007f2ac2800000)
 Metaspace       used 20832K, capacity 21209K, committed 21248K, reserved 22528K
Event: 152.131 GC heap after
Heap after GC invocations=79 (full 1):
 PSYoungGen      total 4238336K, used 0K [0x00007f307a580000, 0x00007f323a680000, 0x00007f3365000000)
  eden space 4234752K, 0% used [0x00007f307a580000,0x00007f307a580000,0x00007f317cd00000)
  from space 3584K, 0% used [0x00007f323a300000,0x00007f323a300000,0x00007f323a680000)
  to   space 85504K, 0% used [0x00007f322ff80000,0x00007f322ff80000,0x00007f3235300000)
 ParOldGen       total 498688K, used 191325K [0x00007f2aa5000000, 0x00007f2ac3700000, 0x00007f307a580000)
  object space 498688K, 38% used [0x00007f2aa5000000,0x00007f2ab0ad74c8,0x00007f2ac3700000)
 Metaspace       used 20832K, capacity 21209K, committed 21248K, reserved 22528K
}
Event: 193.884 GC heap before
{Heap before GC invocations=80 (full 1):
 PSYoungGen      total 4238336K, used 4234752K [0x00007f307a580000, 0x00007f323a680000, 0x00007f3365000000)
  eden space 4234752K, 100% used [0x00007f307a580000,0x00007f317cd00000,0x00007f317cd00000)
  from space 3584K, 0% used [0x00007f323a300000,0x00007f323a300000,0x00007f323a680000)
  to   space 85504K, 0% used [0x00007f322ff80000,0x00007f322ff80000,0x00007f3235300000)
 ParOldGen       total 498688K, used 191325K [0x00007f2aa5000000, 0x00007f2ac3700000, 0x00007f307a580000)
  object space 498688K, 38% used [0x00007f2aa5000000,0x00007f2ab0ad74c8,0x00007f2ac3700000)
 Metaspace       used 20895K, capacity 21337K, committed 21504K, reserved 22528K
Event: 193.983 GC heap after
Heap after GC invocations=80 (full 1):
 PSYoungGen      total 4887552K, used 44105K [0x00007f307a580000, 0x00007f323a380000, 0x00007f3365000000)
  eden space 4843008K, 0% used [0x00007f307a580000,0x00007f307a580000,0x00007f31a1f00000)
  from space 44544K, 99% used [0x00007f322ff80000,0x00007f3232a92658,0x00007f3232b00000)
  to   space 87040K, 0% used [0x00007f3234e80000,0x00007f3234e80000,0x00007f323a380000)
 ParOldGen       total 498688K, used 191333K [0x00007f2aa5000000, 0x00007f2ac3700000, 0x00007f307a580000)
  object space 498688K, 38% used [0x00007f2aa5000000,0x00007f2ab0ad94c8,0x00007f2ac3700000)
 Metaspace       used 20895K, capacity 21337K, committed 21504K, reserved 22528K
}
Event: 230.457 GC heap before
{Heap before GC invocations=81 (full 1):
 PSYoungGen      total 4887552K, used 4887113K [0x00007f307a580000, 0x00007f323a380000, 0x00007f3365000000)
  eden space 4843008K, 100% used [0x00007f307a580000,0x00007f31a1f00000,0x00007f31a1f00000)
  from space 44544K, 99% used [0x00007f322ff80000,0x00007f3232a92658,0x00007f3232b00000)
  to   space 87040K, 0% used [0x00007f3234e80000,0x00007f3234e80000,0x00007f323a380000)
 ParOldGen       total 498688K, used 191333K [0x00007f2aa5000000, 0x00007f2ac3700000, 0x00007f307a580000)
  object space 498688K, 38% used [0x00007f2aa5000000,0x00007f2ab0ad94c8,0x00007f2ac3700000)
 Metaspace       used 20895K, capacity 21337K, committed 21504K, reserved 22528K
Event: 230.794 GC heap after
Heap after GC invocations=81 (full 1):
 PSYoungGen      total 5563392K, used 37133K [0x00007f307a580000, 0x00007f3237300000, 0x00007f3365000000)
  eden space 5526016K, 0% used [0x00007f307a580000,0x00007f307a580000,0x00007f31cba00000)
  from space 37376K, 99% used [0x00007f3234e80000,0x00007f32372c3740,0x00007f3237300000)
  to   space 84992K, 0% used [0x00007f322cd00000,0x00007f322cd00000,0x00007f3232000000)
 ParOldGen       total 498688K, used 228948K [0x00007f2aa5000000, 0x00007f2ac3700000, 0x00007f307a580000)
  object space 498688K, 45% used [0x00007f2aa5000000,0x00007f2ab2f95078,0x00007f2ac3700000)
 Metaspace       used 20895K, capacity 21337K, committed 21504K, reserved 22528K
}
Event: 276.267 GC heap before
{Heap before GC invocations=82 (full 1):
 PSYoungGen      total 5563392K, used 5563149K [0x00007f307a580000, 0x00007f3237300000, 0x00007f3365000000)
  eden space 5526016K, 100% used [0x00007f307a580000,0x00007f31cba00000,0x00007f31cba00000)
  from space 37376K, 99% used [0x00007f3234e80000,0x00007f32372c3740,0x00007f3237300000)
  to   space 84992K, 0% used [0x00007f322cd00000,0x00007f322cd00000,0x00007f3232000000)
 ParOldGen       total 498688K, used 228948K [0x00007f2aa5000000, 0x00007f2ac3700000, 0x00007f307a580000)
  object space 498688K, 45% used [0x00007f2aa5000000,0x00007f2ab2f95078,0x00007f2ac3700000)
 Metaspace       used 20895K, capacity 21337K, committed 21504K, reserved 22528K
Event: 276.551 GC heap after
Heap after GC invocations=82 (full 1):
 PSYoungGen      total 6320640K, used 43876K [0x00007f307a580000, 0x00007f3234f00000, 0x00007f3365000000)
  eden space 6276608K, 0% used [0x00007f307a580000,0x00007f307a580000,0x00007f31f9700000)
  from space 44032K, 99% used [0x00007f322cd00000,0x00007f322f7d92d0,0x00007f322f800000)
  to   space 85504K, 0% used [0x00007f322fb80000,0x00007f322fb80000,0x00007f3234f00000)
 ParOldGen       total 498688K, used 263614K [0x00007f2aa5000000, 0x00007f2ac3700000, 0x00007f307a580000)
  object space 498688K, 52% used [0x00007f2aa5000000,0x00007f2ab516fbf8,0x00007f2ac3700000)
 Metaspace       used 20895K, capacity 21337K, committed 21504K, reserved 22528K
}
Event: 327.600 GC heap before
{Heap before GC invocations=83 (full 1):
 PSYoungGen      total 6320640K, used 6320484K [0x00007f307a580000, 0x00007f3234f00000, 0x00007f3365000000)
  eden space 6276608K, 100% used [0x00007f307a580000,0x00007f31f9700000,0x00007f31f9700000)
  from space 44032K, 99% used [0x00007f322cd00000,0x00007f322f7d92d0,0x00007f322f800000)
  to   space 85504K, 0% used [0x00007f322fb80000,0x00007f322fb80000,0x00007f3234f00000)
 ParOldGen       total 498688K, used 263614K [0x00007f2aa5000000, 0x00007f2ac3700000, 0x00007f307a580000)
  object space 498688K, 52% used [0x00007f2aa5000000,0x00007f2ab516fbf8,0x00007f2ac3700000)
 Metaspace       used 20895K, capacity 21337K, committed 21504K, reserved 22528K
Event: 327.826 GC heap after
Heap after GC invocations=83 (full 1):
 PSYoungGen      total 7163904K, used 50327K [0x00007f307a580000, 0x00007f3235900000, 0x00007f3365000000)
  eden space 7078400K, 0% used [0x00007f307a580000,0x00007f307a580000,0x00007f322a600000)
  from space 85504K, 58% used [0x00007f322fb80000,0x00007f3232ca5c28,0x00007f3234f00000)
  to   space 87552K, 0% used [0x00007f322a600000,0x00007f322a600000,0x00007f322fb80000)
 ParOldGen       total 498688K, used 303865K [0x00007f2aa5000000, 0x00007f2ac3700000, 0x00007f307a580000)
  object space 498688K, 60% used [0x00007f2aa5000000,0x00007f2ab78be530,0x00007f2ac3700000)
 Metaspace       used 20895K, capacity 21337K, committed 21504K, reserved 22528K
}
Event: 384.663 GC heap before
{Heap before GC invocations=84 (full 1):
 PSYoungGen      total 7163904K, used 7128727K [0x00007f307a580000, 0x00007f3235900000, 0x00007f3365000000)
  eden space 7078400K, 100% used [0x00007f307a580000,0x00007f322a600000,0x00007f322a600000)
  from space 85504K, 58% used [0x00007f322fb80000,0x00007f3232ca5c28,0x00007f3234f00000)
  to   space 87552K, 0% used [0x00007f322a600000,0x00007f322a600000,0x00007f322fb80000)
 ParOldGen       total 498688K, used 303865K [0x00007f2aa5000000, 0x00007f2ac3700000, 0x00007f307a580000)
  object space 498688K, 60% used [0x00007f2aa5000000,0x00007f2ab78be530,0x00007f2ac3700000)
 Metaspace       used 20895K, capacity 21337K, committed 21504K, reserved 22528K
Event: 385.314 GC heap after
Heap after GC invocations=84 (full 1):
 PSYoungGen      total 7165952K, used 53391K [0x00007f307a580000, 0x00007f326e800000, 0x00007f3365000000)
  eden space 7078400K, 0% used [0x00007f307a580000,0x00007f307a580000,0x00007f322a600000)
  from space 87552K, 60% used [0x00007f322a600000,0x00007f322da23de8,0x00007f322fb80000)
  to   space 90112K, 0% used [0x00007f3269000000,0x00007f3269000000,0x00007f326e800000)
 ParOldGen       total 498688K, used 349509K [0x00007f2aa5000000, 0x00007f2ac3700000, 0x00007f307a580000)
  object space 498688K, 70% used [0x00007f2aa5000000,0x00007f2aba551698,0x00007f2ac3700000)
 Metaspace       used 20895K, capacity 21337K, committed 21504K, reserved 22528K
}
Event: 448.166 GC heap before
{Heap before GC invocations=85 (full 1):
 PSYoungGen      total 7165952K, used 7131791K [0x00007f307a580000, 0x00007f326e800000, 0x00007f3365000000)
  eden space 7078400K, 100% used [0x00007f307a580000,0x00007f322a600000,0x00007f322a600000)
  from space 87552K, 60% used [0x00007f322a600000,0x00007f322da23de8,0x00007f322fb80000)
  to   space 90112K, 0% used [0x00007f3269000000,0x00007f3269000000,0x00007f326e800000)
 ParOldGen       total 498688K, used 349509K [0x00007f2aa5000000, 0x00007f2ac3700000, 0x00007f307a580000)
  object space 498688K, 70% used [0x00007f2aa5000000,0x00007f2aba551698,0x00007f2ac3700000)
 Metaspace       used 20895K, capacity 21337K, committed 21504K, reserved 22528K
Event: 448.839 GC heap after
Heap after GC invocations=85 (full 1):
 PSYoungGen      total 8101888K, used 54935K [0x00007f307a580000, 0x00007f326f880000, 0x00007f3365000000)
  eden space 8011776K, 0% used [0x00007f307a580000,0x00007f307a580000,0x00007f3263580000)
  from space 90112K, 60% used [0x00007f3269000000,0x00007f326c5a5ca8,0x00007f326e800000)
  to   space 92672K, 0% used [0x00007f3263580000,0x00007f3263580000,0x00007f3269000000)
 ParOldGen       total 498688K, used 400433K [0x00007f2aa5000000, 0x00007f2ac3700000, 0x00007f307a580000)
  object space 498688K, 80% used [0x00007f2aa5000000,0x00007f2abd70c5c8,0x00007f2ac3700000)
 Metaspace       used 20895K, capacity 21337K, committed 21504K, reserved 22528K
}
Event: 518.671 GC heap before
{Heap before GC invocations=86 (full 1):
 PSYoungGen      total 8101888K, used 8066711K [0x00007f307a580000, 0x00007f326f880000, 0x00007f3365000000)
  eden space 8011776K, 100% used [0x00007f307a580000,0x00007f3263580000,0x00007f3263580000)
  from space 90112K, 60% used [0x00007f3269000000,0x00007f326c5a5ca8,0x00007f326e800000)
  to   space 92672K, 0% used [0x00007f3263580000,0x00007f3263580000,0x00007f3269000000)
 ParOldGen       total 498688K, used 400433K [0x00007f2aa5000000, 0x00007f2ac3700000, 0x00007f307a580000)
  object space 498688K, 80% used [0x00007f2aa5000000,0x00007f2abd70c5c8,0x00007f2ac3700000)
 Metaspace       used 20895K, capacity 21337K, committed 21504K, reserved 22528K
Event: 518.958 GC heap after
Heap after GC invocations=86 (full 1):
 PSYoungGen      total 8104448K, used 76039K [0x00007f307a580000, 0x00007f32add00000, 0x00007f3365000000)
  eden space 8011776K, 0% used [0x00007f307a580000,0x00007f307a580000,0x00007f3263580000)
  from space 92672K, 82% used [0x00007f3263580000,0x00007f3267fc1e60,0x00007f3269000000)
  to   space 101888K, 0% used [0x00007f32a7980000,0x00007f32a7980000,0x00007f32add00000)
 ParOldGen       total 498688K, used 452290K [0x00007f2aa5000000, 0x00007f2ac3700000, 0x00007f307a580000)
  object space 498688K, 90% used [0x00007f2aa5000000,0x00007f2ac09b0880,0x00007f2ac3700000)
 Metaspace       used 20895K, capacity 21337K, committed 21504K, reserved 22528K
}
Event: 518.958 GC heap before
{Heap before GC invocations=87 (full 2):
 PSYoungGen      total 8104448K, used 76039K [0x00007f307a580000, 0x00007f32add00000, 0x00007f3365000000)
  eden space 8011776K, 0% used [0x00007f307a580000,0x00007f307a580000,0x00007f3263580000)
  from space 92672K, 82% used [0x00007f3263580000,0x00007f3267fc1e60,0x00007f3269000000)
  to   space 101888K, 0% used [0x00007f32a7980000,0x00007f32a7980000,0x00007f32add00000)
 ParOldGen       total 498688K, used 452290K [0x00007f2aa5000000, 0x00007f2ac3700000, 0x00007f307a580000)
  object space 498688K, 90% used [0x00007f2aa5000000,0x00007f2ac09b0880,0x00007f2ac3700000)
 Metaspace       used 20895K, capacity 21337K, committed 21504K, reserved 22528K
Event: 520.495 GC heap after
Heap after GC invocations=87 (full 2):
 PSYoungGen      total 8104448K, used 7123K [0x00007f307a580000, 0x00007f32add00000, 0x00007f3365000000)
  eden space 8011776K, 0% used [0x00007f307a580000,0x00007f307a580000,0x00007f3263580000)
  from space 92672K, 7% used [0x00007f3263580000,0x00007f3263c74fc8,0x00007f3269000000)
  to   space 101888K, 0% used [0x00007f32a7980000,0x00007f32a7980000,0x00007f32add00000)
 ParOldGen       total 890880K, used 498587K [0x00007f2aa5000000, 0x00007f2adb600000, 0x00007f307a580000)
  object space 890880K, 55% used [0x00007f2aa5000000,0x00007f2ac36e6e28,0x00007f2adb600000)
 Metaspace       used 20895K, capacity 21337K, committed 21504K, reserved 22528K
}
Event: 587.213 GC heap before
{Heap before GC invocations=88 (full 2):
 PSYoungGen      total 8104448K, used 8018899K [0x00007f307a580000, 0x00007f32add00000, 0x00007f3365000000)
  eden space 8011776K, 100% used [0x00007f307a580000,0x00007f3263580000,0x00007f3263580000)
  from space 92672K, 7% used [0x00007f3263580000,0x00007f3263c74fc8,0x00007f3269000000)
  to   space 101888K, 0% used [0x00007f32a7980000,0x00007f32a7980000,0x00007f32add00000)
 ParOldGen       total 890880K, used 498587K [0x00007f2aa5000000, 0x00007f2adb600000, 0x00007f307a580000)
  object space 890880K, 55% used [0x00007f2aa5000000,0x00007f2ac36e6e28,0x00007f2adb600000)
 Metaspace       used 20895K, capacity 21337K, committed 21504K, reserved 22528K
Event: 587.692 GC heap after
Heap after GC invocations=88 (full 2):
 PSYoungGen      total 9126912K, used 64306K [0x00007f307a580000, 0x00007f32aeb00000, 0x00007f3365000000)
  eden space 9025024K, 0% used [0x00007f307a580000,0x00007f307a580000,0x00007f32a1300000)
  from space 101888K, 63% used [0x00007f32a7980000,0x00007f32ab84cba0,0x00007f32add00000)
  to   space 104960K, 0% used [0x00007f32a1300000,0x00007f32a1300000,0x00007f32a7980000)
 ParOldGen       total 890880K, used 505951K [0x00007f2aa5000000, 0x00007f2adb600000, 0x00007f307a580000)
  object space 890880K, 56% used [0x00007f2aa5000000,0x00007f2ac3e17f70,0x00007f2adb600000)
 Metaspace       used 20895K, capacity 21337K, committed 21504K, reserved 22528K
}
Event: 665.523 GC heap before
{Heap before GC invocations=89 (full 2):
 PSYoungGen      total 9126912K, used 9089330K [0x00007f307a580000, 0x00007f32aeb00000, 0x00007f3365000000)
  eden space 9025024K, 100% used [0x00007f307a580000,0x00007f32a1300000,0x00007f32a1300000)
  from space 101888K, 63% used [0x00007f32a7980000,0x00007f32ab84cba0,0x00007f32add00000)
  to   space 104960K, 0% used [0x00007f32a1300000,0x00007f32a1300000,0x00007f32a7980000)
 ParOldGen       total 890880K, used 505951K [0x00007f2aa5000000, 0x00007f2adb600000, 0x00007f307a580000)
  object space 890880K, 56% used [0x00007f2aa5000000,0x00007f2ac3e17f70,0x00007f2adb600000)
 Metaspace       used 20895K, capacity 21337K, committed 21504K, reserved 22528K
Event: 666.495 GC heap after
Heap after GC invocations=89 (full 2):
 PSYoungGen      total 9129984K, used 72750K [0x00007f307a580000, 0x00007f32f8480000, 0x00007f3365000000)
  eden space 9025024K, 0% used [0x00007f307a580000,0x00007f307a580000,0x00007f32a1300000)
  from space 104960K, 69% used [0x00007f32a1300000,0x00007f32a5a0b848,0x00007f32a7980000)
  to   space 110080K, 0% used [0x00007f32f1900000,0x00007f32f1900000,0x00007f32f8480000)
 ParOldGen       total 890880K, used 567125K [0x00007f2aa5000000, 0x00007f2adb600000, 0x00007f307a580000)
  object space 890880K, 63% used [0x00007f2aa5000000,0x00007f2ac79d5650,0x00007f2adb600000)
 Metaspace       used 20895K, capacity 21337K, committed 21504K, reserved 22528K
}
Event: 747.324 GC heap before
{Heap before GC invocations=90 (full 2):
 PSYoungGen      total 9129984K, used 9097774K [0x00007f307a580000, 0x00007f32f8480000, 0x00007f3365000000)
  eden space 9025024K, 100% used [0x00007f307a580000,0x00007f32a1300000,0x00007f32a1300000)
  from space 104960K, 69% used [0x00007f32a1300000,0x00007f32a5a0b848,0x00007f32a7980000)
  to   space 110080K, 0% used [0x00007f32f1900000,0x00007f32f1900000,0x00007f32f8480000)
 ParOldGen       total 890880K, used 567125K [0x00007f2aa5000000, 0x00007f2adb600000, 0x00007f307a580000)
  object space 890880K, 63% used [0x00007f2aa5000000,0x00007f2ac79d5650,0x00007f2adb600000)
 Metaspace       used 20896K, capacity 21337K, committed 21504K, reserved 22528K
Event: 747.921 GC heap after
Heap after GC invocations=90 (full 2):
 PSYoungGen      total 10313216K, used 74153K [0x00007f307a580000, 0x00007f32f7a80000, 0x00007f3365000000)
  eden space 10213376K, 0% used [0x00007f307a580000,0x00007f307a580000,0x00007f32e9b80000)
  from space 99840K, 74% used [0x00007f32f1900000,0x00007f32f616a5e8,0x00007f32f7a80000)
  to   space 114176K, 0% used [0x00007f32e9b80000,0x00007f32e9b80000,0x00007f32f0b00000)
 ParOldGen       total 890880K, used 632068K [0x00007f2aa5000000, 0x00007f2adb600000, 0x00007f307a580000)
  object space 890880K, 70% used [0x00007f2aa5000000,0x00007f2acb941200,0x00007f2adb600000)
 Metaspace       used 20896K, capacity 21337K, committed 21504K, reserved 22528K
}
Event: 832.477 GC heap before
{Heap before GC invocations=91 (full 2):
 PSYoungGen      total 10313216K, used 10287529K [0x00007f307a580000, 0x00007f32f7a80000, 0x00007f3365000000)
  eden space 10213376K, 100% used [0x00007f307a580000,0x00007f32e9b80000,0x00007f32e9b80000)
  from space 99840K, 74% used [0x00007f32f1900000,0x00007f32f616a5e8,0x00007f32f7a80000)
  to   space 114176K, 0% used [0x00007f32e9b80000,0x00007f32e9b80000,0x00007f32f0b00000)
 ParOldGen       total 890880K, used 632068K [0x00007f2aa5000000, 0x00007f2adb600000, 0x00007f307a580000)
  object space 890880K, 70% used [0x00007f2aa5000000,0x00007f2acb941200,0x00007f2adb600000)
 Metaspace       used 20896K, capacity 21337K, committed 21504K, reserved 22528K
Event: 832.868 GC heap after
Heap after GC invocations=91 (full 2):
 PSYoungGen      total 10327552K, used 76622K [0x00007f307a580000, 0x00007f3346980000, 0x00007f3365000000)
  eden space 10213376K, 0% used [0x00007f307a580000,0x00007f307a580000,0x00007f32e9b80000)
  from space 114176K, 67% used [0x00007f32e9b80000,0x00007f32ee653890,0x00007f32f0b00000)
  to   space 118272K, 0% used [0x00007f333f600000,0x00007f333f600000,0x00007f3346980000)
 ParOldGen       total 890880K, used 697364K [0x00007f2aa5000000, 0x00007f2adb600000, 0x00007f307a580000)
  object space 890880K, 78% used [0x00007f2aa5000000,0x00007f2acf9053f0,0x00007f2adb600000)
 Metaspace       used 20896K, capacity 21337K, committed 21504K, reserved 22528K
}
Event: 920.020 GC heap before
{Heap before GC invocations=92 (full 2):
 PSYoungGen      total 10327552K, used 10289998K [0x00007f307a580000, 0x00007f3346980000, 0x00007f3365000000)
  eden space 10213376K, 100% used [0x00007f307a580000,0x00007f32e9b80000,0x00007f32e9b80000)
  from space 114176K, 67% used [0x00007f32e9b80000,0x00007f32ee653890,0x00007f32f0b00000)
  to   space 118272K, 0% used [0x00007f333f600000,0x00007f333f600000,0x00007f3346980000)
 ParOldGen       total 890880K, used 697364K [0x00007f2aa5000000, 0x00007f2adb600000, 0x00007f307a580000)
  object space 890880K, 78% used [0x00007f2aa5000000,0x00007f2acf9053f0,0x00007f2adb600000)
 Metaspace       used 20896K, capacity 21337K, committed 21504K, reserved 22528K
Event: 920.423 GC heap after
Heap after GC invocations=92 (full 2):
 PSYoungGen      total 11533824K, used 84841K [0x00007f307a580000, 0x00007f3344900000, 0x00007f3365000000)
  eden space 11448832K, 0% used [0x00007f307a580000,0x00007f307a580000,0x00007f3335200000)
  from space 84992K, 99% used [0x00007f333f600000,0x00007f33448da650,0x00007f3344900000)
  to   space 124416K, 0% used [0x00007f3335600000,0x00007f3335600000,0x00007f333cf80000)
 ParOldGen       total 890880K, used 770670K [0x00007f2aa5000000, 0x00007f2adb600000, 0x00007f307a580000)
  object space 890880K, 86% used [0x00007f2aa5000000,0x00007f2ad409b948,0x00007f2adb600000)
 Metaspace       used 20896K, capacity 21337K, committed 21504K, reserved 22528K
}
Event: 1024.444 GC heap before
{Heap before GC invocations=93 (full 2):
 PSYoungGen      total 11533824K, used 11533673K [0x00007f307a580000, 0x00007f3344900000, 0x00007f3365000000)
  eden space 11448832K, 100% used [0x00007f307a580000,0x00007f3335200000,0x00007f3335200000)
  from space 84992K, 99% used [0x00007f333f600000,0x00007f33448da650,0x00007f3344900000)
  to   space 124416K, 0% used [0x00007f3335600000,0x00007f3335600000,0x00007f333cf80000)
 ParOldGen       total 890880K, used 770670K [0x00007f2aa5000000, 0x00007f2adb600000, 0x00007f307a580000)
  object space 890880K, 86% used [0x00007f2aa5000000,0x00007f2ad409b948,0x00007f2adb600000)
 Metaspace       used 20896K, capacity 21337K, committed 21504K, reserved 22528K
Event: 1025.436 GC heap after
Heap after GC invocations=93 (full 2):
 PSYoungGen      total 11577344K, used 88164K [0x00007f307a580000, 0x00007f3365000000, 0x00007f3365000000)
  eden space 11452928K, 0% used [0x00007f307a580000,0x00007f307a580000,0x00007f3335600000)
  from space 124416K, 70% used [0x00007f3335600000,0x00007f333ac192d0,0x00007f333cf80000)
  to   space 129536K, 0% used [0x00007f335d180000,0x00007f335d180000,0x00007f3365000000)
 ParOldGen       total 890880K, used 844308K [0x00007f2aa5000000, 0x00007f2adb600000, 0x00007f307a580000)
  object space 890880K, 94% used [0x00007f2aa5000000,0x00007f2ad88853c8,0x00007f2adb600000)
 Metaspace       used 20896K, capacity 21337K, committed 21504K, reserved 22528K
}
Event: 1025.436 GC heap before
{Heap before GC invocations=94 (full 3):
 PSYoungGen      total 11577344K, used 88164K [0x00007f307a580000, 0x00007f3365000000, 0x00007f3365000000)
  eden space 11452928K, 0% used [0x00007f307a580000,0x00007f307a580000,0x00007f3335600000)
  from space 124416K, 70% used [0x00007f3335600000,0x00007f333ac192d0,0x00007f333cf80000)
  to   space 129536K, 0% used [0x00007f335d180000,0x00007f335d180000,0x00007f3365000000)
 ParOldGen       total 890880K, used 844308K [0x00007f2aa5000000, 0x00007f2adb600000, 0x00007f307a580000)
  object space 890880K, 94% used [0x00007f2aa5000000,0x00007f2ad88853c8,0x00007f2adb600000)
 Metaspace       used 20896K, capacity 21337K, committed 21504K, reserved 22528K
Event: 1028.579 GC heap after
Heap after GC invocations=94 (full 3):
 PSYoungGen      total 11577344K, used 13535K [0x00007f307a580000, 0x00007f3365000000, 0x00007f3365000000)
  eden space 11452928K, 0% used [0x00007f307a580000,0x00007f307a580000,0x00007f3335600000)
  from space 124416K, 10% used [0x00007f3335600000,0x00007f3336337f48,0x00007f333cf80000)
  to   space 129536K, 0% used [0x00007f335d180000,0x00007f335d180000,0x00007f3365000000)
 ParOldGen       total 1382400K, used 890535K [0x00007f2aa5000000, 0x00007f2af9600000, 0x00007f307a580000)
  object space 1382400K, 64% used [0x00007f2aa5000000,0x00007f2adb5a9e88,0x00007f2af9600000)
 Metaspace       used 20896K, capacity 21337K, committed 21504K, reserved 22528K
}
Event: 1130.077 GC heap before
{Heap before GC invocations=95 (full 3):
 PSYoungGen      total 11577344K, used 11466463K [0x00007f307a580000, 0x00007f3365000000, 0x00007f3365000000)
  eden space 11452928K, 100% used [0x00007f307a580000,0x00007f3335600000,0x00007f3335600000)
  from space 124416K, 10% used [0x00007f3335600000,0x00007f3336337f48,0x00007f333cf80000)
  to   space 129536K, 0% used [0x00007f335d180000,0x00007f335d180000,0x00007f3365000000)
 ParOldGen       total 1382400K, used 890535K [0x00007f2aa5000000, 0x00007f2af9600000, 0x00007f307a580000)
  object space 1382400K, 64% used [0x00007f2aa5000000,0x00007f2adb5a9e88,0x00007f2af9600000)
 Metaspace       used 20896K, capacity 21337K, committed 21504K, reserved 22528K
Event: 1131.045 GC heap after
Heap after GC invocations=95 (full 3):
 PSYoungGen      total 12092416K, used 91488K [0x00007f307a580000, 0x00007f3365000000, 0x00007f3365000000)
  eden space 11962880K, 0% used [0x00007f307a580000,0x00007f307a580000,0x00007f3354800000)
  from space 129536K, 70% used [0x00007f335d180000,0x00007f3362ad82a0,0x00007f3365000000)
  to   space 135168K, 0% used [0x00007f3354800000,0x00007f3354800000,0x00007f335cc00000)
 ParOldGen       total 1382400K, used 904461K [0x00007f2aa5000000, 0x00007f2af9600000, 0x00007f307a580000)
  object space 1382400K, 65% used [0x00007f2aa5000000,0x00007f2adc3435a8,0x00007f2af9600000)
 Metaspace       used 20896K, capacity 21337K, committed 21504K, reserved 22528K
}
Event: 1240.842 GC heap before
{Heap before GC invocations=96 (full 3):
 PSYoungGen      total 12092416K, used 12054368K [0x00007f307a580000, 0x00007f3365000000, 0x00007f3365000000)
  eden space 11962880K, 100% used [0x00007f307a580000,0x00007f3354800000,0x00007f3354800000)
  from space 129536K, 70% used [0x00007f335d180000,0x00007f3362ad82a0,0x00007f3365000000)
  to   space 135168K, 0% used [0x00007f3354800000,0x00007f3354800000,0x00007f335cc00000)
 ParOldGen       total 1382400K, used 904461K [0x00007f2aa5000000, 0x00007f2af9600000, 0x00007f307a580000)
  object space 1382400K, 65% used [0x00007f2aa5000000,0x00007f2adc3435a8,0x00007f2af9600000)
 Metaspace       used 20896K, capacity 21337K, committed 21504K, reserved 22528K
Event: 1241.306 GC heap after
Heap after GC invocations=96 (full 3):
 PSYoungGen      total 12052992K, used 89796K [0x00007f307a580000, 0x00007f3365000000, 0x00007f3365000000)
  eden space 11962880K, 0% used [0x00007f307a580000,0x00007f307a580000,0x00007f3354800000)
  from space 90112K, 99% used [0x00007f3354800000,0x00007f3359fb12d0,0x00007f335a000000)
  to   space 138240K, 0% used [0x00007f335c900000,0x00007f335c900000,0x00007f3365000000)
 ParOldGen       total 1382400K, used 988401K [0x00007f2aa5000000, 0x00007f2af9600000, 0x00007f307a580000)
  object space 1382400K, 71% used [0x00007f2aa5000000,0x00007f2ae153c718,0x00007f2af9600000)
 Metaspace       used 20896K, capacity 21337K, committed 21504K, reserved 22528K
}
Event: 1348.947 GC heap before
{Heap before GC invocations=97 (full 3):
 PSYoungGen      total 12052992K, used 12052676K [0x00007f307a580000, 0x00007f3365000000, 0x00007f3365000000)
  eden space 11962880K, 100% used [0x00007f307a580000,0x00007f3354800000,0x00007f3354800000)
  from space 90112K, 99% used [0x00007f3354800000,0x00007f3359fb12d0,0x00007f335a000000)
  to   space 138240K, 0% used [0x00007f335c900000,0x00007f335c900000,0x00007f3365000000)
 ParOldGen       total 1382400K, used 988401K [0x00007f2aa5000000, 0x00007f2af9600000, 0x00007f307a580000)
  object space 1382400K, 71% used [0x00007f2aa5000000,0x00007f2ae153c718,0x00007f2af9600000)
 Metaspace       used 20896K, capacity 21337K, committed 21504K, reserved 22528K
Event: 1349.682 GC heap after
Heap after GC invocations=97 (full 3):
 PSYoungGen      total 12086784K, used 94519K [0x00007f307a580000, 0x00007f3365000000, 0x00007f3365000000)
  eden space 11948544K, 0% used [0x00007f307a580000,0x00007f307a580000,0x00007f3353a00000)
  from space 138240K, 68% used [0x00007f335c900000,0x00007f336254dc28,0x00007f3365000000)
  to   space 142336K, 0% used [0x00007f3353a00000,0x00007f3353a00000,0x00007f335c500000)
 ParOldGen       total 1382400K, used 1074683K [0x00007f2aa5000000, 0x00007f2af9600000, 0x00007f307a580000)
  object space 1382400K, 77% used [0x00007f2aa5000000,0x00007f2ae697ec48,0x00007f2af9600000)
 Metaspace       used 20896K, capacity 21337K, committed 21504K, reserved 22528K
}
Event: 1457.544 GC heap before
{Heap before GC invocations=98 (full 3):
 PSYoungGen      total 12086784K, used 12043063K [0x00007f307a580000, 0x00007f3365000000, 0x00007f3365000000)
  eden space 11948544K, 100% used [0x00007f307a580000,0x00007f3353a00000,0x00007f3353a00000)
  from space 138240K, 68% used [0x00007f335c900000,0x00007f336254dc28,0x00007f3365000000)
  to   space 142336K, 0% used [0x00007f3353a00000,0x00007f3353a00000,0x00007f335c500000)
 ParOldGen       total 1382400K, used 1074683K [0x00007f2aa5000000, 0x00007f2af9600000, 0x00007f307a580000)
  object space 1382400K, 77% used [0x00007f2aa5000000,0x00007f2ae697ec48,0x00007f2af9600000)
 Metaspace       used 20896K, capacity 21337K, committed 21504K, reserved 22528K
Event: 1458.291 GC heap after
Heap after GC invocations=98 (full 3):
 PSYoungGen      total 12039680K, used 90711K [0x00007f307a580000, 0x00007f3365000000, 0x00007f3365000000)
  eden space 11948544K, 0% used [0x00007f307a580000,0x00007f307a580000,0x00007f3353a00000)
  from space 91136K, 99% used [0x00007f3353a00000,0x00007f3359295c28,0x00007f3359300000)
  to   space 143360K, 0% used [0x00007f335c400000,0x00007f335c400000,0x00007f3365000000)
 ParOldGen       total 1382400K, used 1161342K [0x00007f2aa5000000, 0x00007f2af9600000, 0x00007f307a580000)
  object space 1382400K, 84% used [0x00007f2aa5000000,0x00007f2aebe1fbd0,0x00007f2af9600000)
 Metaspace       used 20896K, capacity 21337K, committed 21504K, reserved 22528K
}
Event: 1563.222 GC heap before
{Heap before GC invocations=99 (full 3):
 PSYoungGen      total 12039680K, used 12039255K [0x00007f307a580000, 0x00007f3365000000, 0x00007f3365000000)
  eden space 11948544K, 100% used [0x00007f307a580000,0x00007f3353a00000,0x00007f3353a00000)
  from space 91136K, 99% used [0x00007f3353a00000,0x00007f3359295c28,0x00007f3359300000)
  to   space 143360K, 0% used [0x00007f335c400000,0x00007f335c400000,0x00007f3365000000)
 ParOldGen       total 1382400K, used 1161342K [0x00007f2aa5000000, 0x00007f2af9600000, 0x00007f307a580000)
  object space 1382400K, 84% used [0x00007f2aa5000000,0x00007f2aebe1fbd0,0x00007f2af9600000)
 Metaspace       used 20896K, capacity 21337K, committed 21504K, reserved 22528K
Event: 1563.927 GC heap after
Heap after GC invocations=99 (full 3):
 PSYoungGen      total 12086784K, used 93518K [0x00007f307a580000, 0x00007f3365000000, 0x00007f3365000000)
  eden space 11943424K, 0% used [0x00007f307a580000,0x00007f307a580000,0x00007f3353500000)
  from space 143360K, 65% used [0x00007f335c400000,0x00007f3361f53a78,0x00007f3365000000)
  to   space 144896K, 0% used [0x00007f3353500000,0x00007f3353500000,0x00007f335c280000)
 ParOldGen       total 1382400K, used 1246444K [0x00007f2aa5000000, 0x00007f2af9600000, 0x00007f307a580000)
  object space 1382400K, 90% used [0x00007f2aa5000000,0x00007f2af113b0c0,0x00007f2af9600000)
 Metaspace       used 20896K, capacity 21337K, committed 21504K, reserved 22528K
}
Event: 1563.927 GC heap before
{Heap before GC invocations=100 (full 4):
 PSYoungGen      total 12086784K, used 93518K [0x00007f307a580000, 0x00007f3365000000, 0x00007f3365000000)
  eden space 11943424K, 0% used [0x00007f307a580000,0x00007f307a580000,0x00007f3353500000)
  from space 143360K, 65% used [0x00007f335c400000,0x00007f3361f53a78,0x00007f3365000000)
  to   space 144896K, 0% used [0x00007f3353500000,0x00007f3353500000,0x00007f335c280000)
 ParOldGen       total 1382400K, used 1246444K [0x00007f2aa5000000, 0x00007f2af9600000, 0x00007f307a580000)
  object space 1382400K, 90% used [0x00007f2aa5000000,0x00007f2af113b0c0,0x00007f2af9600000)
 Metaspace       used 20896K, capacity 21337K, committed 21504K, reserved 22528K
Event: 1566.192 GC heap after
Heap after GC invocations=100 (full 4):
 PSYoungGen      total 12086784K, used 0K [0x00007f307a580000, 0x00007f3365000000, 0x00007f3365000000)
  eden space 11943424K, 0% used [0x00007f307a580000,0x00007f307a580000,0x00007f3353500000)
  from space 143360K, 0% used [0x00007f335c400000,0x00007f335c400000,0x00007f3365000000)
  to   space 144896K, 0% used [0x00007f3353500000,0x00007f3353500000,0x00007f335c280000)
 ParOldGen       total 1936384K, used 1328530K [0x00007f2aa5000000, 0x00007f2b1b300000, 0x00007f307a580000)
  object space 1936384K, 68% used [0x00007f2aa5000000,0x00007f2af61649b0,0x00007f2b1b300000)
 Metaspace       used 20896K, capacity 21337K, committed 21504K, reserved 22528K
}
Event: 1671.369 GC heap before
{Heap before GC invocations=101 (full 4):
 PSYoungGen      total 12086784K, used 11943424K [0x00007f307a580000, 0x00007f3365000000, 0x00007f3365000000)
  eden space 11943424K, 100% used [0x00007f307a580000,0x00007f3353500000,0x00007f3353500000)
  from space 143360K, 0% used [0x00007f335c400000,0x00007f335c400000,0x00007f3365000000)
  to   space 144896K, 0% used [0x00007f3353500000,0x00007f3353500000,0x00007f335c280000)
 ParOldGen       total 1936384K, used 1328530K [0x00007f2aa5000000, 0x00007f2b1b300000, 0x00007f307a580000)
  object space 1936384K, 68% used [0x00007f2aa5000000,0x00007f2af61649b0,0x00007f2b1b300000)
 Metaspace       used 20896K, capacity 21337K, committed 21504K, reserved 22528K
Event: 1671.899 GC heap after
Heap after GC invocations=101 (full 4):
 PSYoungGen      total 12045312K, used 101769K [0x00007f307a580000, 0x00007f3365000000, 0x00007f3365000000)
  eden space 11943424K, 0% used [0x00007f307a580000,0x00007f307a580000,0x00007f3353500000)
  from space 101888K, 99% used [0x00007f3353500000,0x00007f33598626d0,0x00007f3359880000)
  to   space 148992K, 0% used [0x00007f335be80000,0x00007f335be80000,0x00007f3365000000)
 ParOldGen       total 1936384K, used 1328530K [0x00007f2aa5000000, 0x00007f2b1b300000, 0x00007f307a580000)
  object space 1936384K, 68% used [0x00007f2aa5000000,0x00007f2af61649b0,0x00007f2b1b300000)
 Metaspace       used 20896K, capacity 21337K, committed 21504K, reserved 22528K
}
Event: 1776.242 GC heap before
{Heap before GC invocations=102 (full 4):
 PSYoungGen      total 12045312K, used 12045193K [0x00007f307a580000, 0x00007f3365000000, 0x00007f3365000000)
  eden space 11943424K, 100% used [0x00007f307a580000,0x00007f3353500000,0x00007f3353500000)
  from space 101888K, 99% used [0x00007f3353500000,0x00007f33598626d0,0x00007f3359880000)
  to   space 148992K, 0% used [0x00007f335be80000,0x00007f335be80000,0x00007f3365000000)
 ParOldGen       total 1936384K, used 1328530K [0x00007f2aa5000000, 0x00007f2b1b300000, 0x00007f307a580000)
  object space 1936384K, 68% used [0x00007f2aa5000000,0x00007f2af61649b0,0x00007f2b1b300000)
 Metaspace       used 20896K, capacity 21337K, committed 21504K, reserved 22528K
Event: 1776.993 GC heap after
Heap after GC invocations=102 (full 4):
 PSYoungGen      total 12084224K, used 94206K [0x00007f307a580000, 0x00007f3365000000, 0x00007f3365000000)
  eden space 11935232K, 0% used [0x00007f307a580000,0x00007f307a580000,0x00007f3352d00000)
  from space 148992K, 63% used [0x00007f335be80000,0x00007f3361a7faf8,0x00007f3365000000)
  to   space 148992K, 0% used [0x00007f3352d00000,0x00007f3352d00000,0x00007f335be80000)
 ParOldGen       total 1936384K, used 1417677K [0x00007f2aa5000000, 0x00007f2b1b300000, 0x00007f307a580000)
  object space 1936384K, 73% used [0x00007f2aa5000000,0x00007f2afb873588,0x00007f2b1b300000)
 Metaspace       used 20896K, capacity 21337K, committed 21504K, reserved 22528K
}
Event: 1881.803 GC heap before
{Heap before GC invocations=103 (full 4):
 PSYoungGen      total 12084224K, used 12029438K [0x00007f307a580000, 0x00007f3365000000, 0x00007f3365000000)
  eden space 11935232K, 100% used [0x00007f307a580000,0x00007f3352d00000,0x00007f3352d00000)
  from space 148992K, 63% used [0x00007f335be80000,0x00007f3361a7faf8,0x00007f3365000000)
  to   space 148992K, 0% used [0x00007f3352d00000,0x00007f3352d00000,0x00007f335be80000)
 ParOldGen       total 1936384K, used 1417677K [0x00007f2aa5000000, 0x00007f2b1b300000, 0x00007f307a580000)
  object space 1936384K, 73% used [0x00007f2aa5000000,0x00007f2afb873588,0x00007f2b1b300000)
 Metaspace       used 20896K, capacity 21337K, committed 21504K, reserved 22528K
Event: 1882.640 GC heap after
Heap after GC invocations=103 (full 4):
 PSYoungGen      total 12029440K, used 94184K [0x00007f307a580000, 0x00007f3364e00000, 0x00007f3365000000)
  eden space 11935232K, 0% used [0x00007f307a580000,0x00007f307a580000,0x00007f3352d00000)
  from space 94208K, 99% used [0x00007f3352d00000,0x00007f33588fa1c0,0x00007f3358900000)
  to   space 147968K, 0% used [0x00007f335bd80000,0x00007f335bd80000,0x00007f3364e00000)
 ParOldGen       total 1936384K, used 1504135K [0x00007f2aa5000000, 0x00007f2b1b300000, 0x00007f307a580000)
  object space 1936384K, 77% used [0x00007f2aa5000000,0x00007f2b00ce1d80,0x00007f2b1b300000)
 Metaspace       used 20896K, capacity 21337K, committed 21504K, reserved 22528K
}
Event: 1994.690 GC heap before
{Heap before GC invocations=104 (full 4):
 PSYoungGen      total 12029440K, used 12029416K [0x00007f307a580000, 0x00007f3364e00000, 0x00007f3365000000)
  eden space 11935232K, 100% used [0x00007f307a580000,0x00007f3352d00000,0x00007f3352d00000)
  from space 94208K, 99% used [0x00007f3352d00000,0x00007f33588fa1c0,0x00007f3358900000)
  to   space 147968K, 0% used [0x00007f335bd80000,0x00007f335bd80000,0x00007f3364e00000)
 ParOldGen       total 1936384K, used 1504135K [0x00007f2aa5000000, 0x00007f2b1b300000, 0x00007f307a580000)
  object space 1936384K, 77% used [0x00007f2aa5000000,0x00007f2b00ce1d80,0x00007f2b1b300000)
 Metaspace       used 20896K, capacity 21337K, committed 21504K, reserved 22528K
Event: 1995.397 GC heap after
Heap after GC invocations=104 (full 4):
 PSYoungGen      total 12085760K, used 90756K [0x00007f307a580000, 0x00007f3365000000, 0x00007f3365000000)
  eden space 11937792K, 0% used [0x00007f307a580000,0x00007f307a580000,0x00007f3352f80000)
  from space 147968K, 61% used [0x00007f335bd80000,0x00007f33616212d0,0x00007f3364e00000)
  to   space 145408K, 0% used [0x00007f3352f80000,0x00007f3352f80000,0x00007f335bd80000)
 ParOldGen       total 1936384K, used 1590859K [0x00007f2aa5000000, 0x00007f2b1b300000, 0x00007f307a580000)
  object space 1936384K, 82% used [0x00007f2aa5000000,0x00007f2b06192d30,0x00007f2b1b300000)
 Metaspace       used 20896K, capacity 21337K, committed 21504K, reserved 22528K
}
Event: 2101.393 GC heap before
{Heap before GC invocations=105 (full 4):
 PSYoungGen      total 12085760K, used 12028548K [0x00007f307a580000, 0x00007f3365000000, 0x00007f3365000000)
  eden space 11937792K, 100% used [0x00007f307a580000,0x00007f3352f80000,0x00007f3352f80000)
  from space 147968K, 61% used [0x00007f335bd80000,0x00007f33616212d0,0x00007f3364e00000)
  to   space 145408K, 0% used [0x00007f3352f80000,0x00007f3352f80000,0x00007f335bd80000)
 ParOldGen       total 1936384K, used 1590859K [0x00007f2aa5000000, 0x00007f2b1b300000, 0x00007f307a580000)
  object space 1936384K, 82% used [0x00007f2aa5000000,0x00007f2b06192d30,0x00007f2b1b300000)
 Metaspace       used 20896K, capacity 21337K, committed 21504K, reserved 22528K
Event: 2102.241 GC heap after
Heap after GC invocations=105 (full 4):
 PSYoungGen      total 12028416K, used 90445K [0x00007f307a580000, 0x00007f3364880000, 0x00007f3365000000)
  eden space 11937792K, 0% used [0x00007f307a580000,0x00007f307a580000,0x00007f3352f80000)
  from space 90624K, 99% used [0x00007f3352f80000,0x00007f33587d3740,0x00007f3358800000)
  to   space 142848K, 0% used [0x00007f335bd00000,0x00007f335bd00000,0x00007f3364880000)
 ParOldGen       total 1936384K, used 1675736K [0x00007f2aa5000000, 0x00007f2b1b300000, 0x00007f307a580000)
  object space 1936384K, 86% used [0x00007f2aa5000000,0x00007f2b0b4763c0,0x00007f2b1b300000)
 Metaspace       used 20896K, capacity 21337K, committed 21504K, reserved 22528K
}
Event: 2202.427 GC heap before
{Heap before GC invocations=106 (full 4):
 PSYoungGen      total 12028416K, used 12028237K [0x00007f307a580000, 0x00007f3364880000, 0x00007f3365000000)
  eden space 11937792K, 100% used [0x00007f307a580000,0x00007f3352f80000,0x00007f3352f80000)
  from space 90624K, 99% used [0x00007f3352f80000,0x00007f33587d3740,0x00007f3358800000)
  to   space 142848K, 0% used [0x00007f335bd00000,0x00007f335bd00000,0x00007f3364880000)
 ParOldGen       total 1936384K, used 1675736K [0x00007f2aa5000000, 0x00007f2b1b300000, 0x00007f307a580000)
  object space 1936384K, 86% used [0x00007f2aa5000000,0x00007f2b0b4763c0,0x00007f2b1b300000)
 Metaspace       used 20896K, capacity 21337K, committed 21504K, reserved 22528K
Event: 2203.218 GC heap after
Heap after GC invocations=106 (full 4):
 PSYoungGen      total 12083712K, used 94775K [0x00007f307a580000, 0x00007f3365000000, 0x00007f3365000000)
  eden space 11940864K, 0% used [0x00007f307a580000,0x00007f307a580000,0x00007f3353280000)
  from space 142848K, 66% used [0x00007f335bd00000,0x00007f336198de78,0x00007f3364880000)
  to   space 141824K, 0% used [0x00007f3353280000,0x00007f3353280000,0x00007f335bd00000)
 ParOldGen       total 1936384K, used 1761284K [0x00007f2aa5000000, 0x00007f2b1b300000, 0x00007f307a580000)
  object space 1936384K, 90% used [0x00007f2aa5000000,0x00007f2b108012c8,0x00007f2b1b300000)
 Metaspace       used 20896K, capacity 21337K, committed 21504K, reserved 22528K
}
Event: 2306.578 GC heap before
{Heap before GC invocations=107 (full 4):
 PSYoungGen      total 12083712K, used 12035639K [0x00007f307a580000, 0x00007f3365000000, 0x00007f3365000000)
  eden space 11940864K, 100% used [0x00007f307a580000,0x00007f3353280000,0x00007f3353280000)
  from space 142848K, 66% used [0x00007f335bd00000,0x00007f336198de78,0x00007f3364880000)
  to   space 141824K, 0% used [0x00007f3353280000,0x00007f3353280000,0x00007f335bd00000)
 ParOldGen       total 1936384K, used 1761284K [0x00007f2aa5000000, 0x00007f2b1b300000, 0x00007f307a580000)
  object space 1936384K, 90% used [0x00007f2aa5000000,0x00007f2b108012c8,0x00007f2b1b300000)
 Metaspace       used 20896K, capacity 21337K, committed 21504K, reserved 22528K
Event: 2307.334 GC heap after
Heap after GC invocations=107 (full 4):
 PSYoungGen      total 12082688K, used 95356K [0x00007f307a580000, 0x00007f3364d00000, 0x00007f3365000000)
  eden space 11940864K, 0% used [0x00007f307a580000,0x00007f307a580000,0x00007f3353280000)
  from space 141824K, 67% used [0x00007f3353280000,0x00007f3358f9f2d0,0x00007f335bd00000)
  to   space 140800K, 0% used [0x00007f335c380000,0x00007f335c380000,0x00007f3364d00000)
 ParOldGen       total 1936384K, used 1847058K [0x00007f2aa5000000, 0x00007f2b1b300000, 0x00007f307a580000)
  object space 1936384K, 95% used [0x00007f2aa5000000,0x00007f2b15bc4988,0x00007f2b1b300000)
 Metaspace       used 20896K, capacity 21337K, committed 21504K, reserved 22528K
}
Event: 2307.334 GC heap before
{Heap before GC invocations=108 (full 5):
 PSYoungGen      total 12082688K, used 95356K [0x00007f307a580000, 0x00007f3364d00000, 0x00007f3365000000)
  eden space 11940864K, 0% used [0x00007f307a580000,0x00007f307a580000,0x00007f3353280000)
  from space 141824K, 67% used [0x00007f3353280000,0x00007f3358f9f2d0,0x00007f335bd00000)
  to   space 140800K, 0% used [0x00007f335c380000,0x00007f335c380000,0x00007f3364d00000)
 ParOldGen       total 1936384K, used 1847058K [0x00007f2aa5000000, 0x00007f2b1b300000, 0x00007f307a580000)
  object space 1936384K, 95% used [0x00007f2aa5000000,0x00007f2b15bc4988,0x00007f2b1b300000)
 Metaspace       used 20896K, capacity 21337K, committed 21504K, reserved 22528K
Event: 2310.173 GC heap after
Heap after GC invocations=108 (full 5):
 PSYoungGen      total 12082688K, used 0K [0x00007f307a580000, 0x00007f3364d00000, 0x00007f3365000000)
  eden space 11940864K, 0% used [0x00007f307a580000,0x00007f307a580000,0x00007f3353280000)
  from space 141824K, 0% used [0x00007f3353280000,0x00007f3353280000,0x00007f335bd00000)
  to   space 140800K, 0% used [0x00007f335c380000,0x00007f335c380000,0x00007f3364d00000)
 ParOldGen       total 2610176K, used 1923491K [0x00007f2aa5000000, 0x00007f2b44500000, 0x00007f307a580000)
  object space 2610176K, 73% used [0x00007f2aa5000000,0x00007f2b1a668c88,0x00007f2b44500000)
 Metaspace       used 20896K, capacity 21337K, committed 21504K, reserved 22528K
}
Event: 2412.876 GC heap before
{Heap before GC invocations=109 (full 5):
 PSYoungGen      total 12082688K, used 11940864K [0x00007f307a580000, 0x00007f3364d00000, 0x00007f3365000000)
  eden space 11940864K, 100% used [0x00007f307a580000,0x00007f3353280000,0x00007f3353280000)
  from space 141824K, 0% used [0x00007f3353280000,0x00007f3353280000,0x00007f335bd00000)
  to   space 140800K, 0% used [0x00007f335c380000,0x00007f335c380000,0x00007f3364d00000)
 ParOldGen       total 2610176K, used 1923491K [0x00007f2aa5000000, 0x00007f2b44500000, 0x00007f307a580000)
  object space 2610176K, 73% used [0x00007f2aa5000000,0x00007f2b1a668c88,0x00007f2b44500000)
 Metaspace       used 20896K, capacity 21337K, committed 21504K, reserved 22528K
Event: 2413.491 GC heap after
Heap after GC invocations=109 (full 5):
 PSYoungGen      total 12089856K, used 97468K [0x00007f307a580000, 0x00007f3364e00000, 0x00007f3365000000)
  eden space 11949056K, 0% used [0x00007f307a580000,0x00007f307a580000,0x00007f3353a80000)
  from space 140800K, 69% used [0x00007f335c380000,0x00007f33622af148,0x00007f3364d00000)
  to   space 140288K, 0% used [0x00007f3353a80000,0x00007f3353a80000,0x00007f335c380000)
 ParOldGen       total 2610176K, used 1923491K [0x00007f2aa5000000, 0x00007f2b44500000, 0x00007f307a580000)
  object space 2610176K, 73% used [0x00007f2aa5000000,0x00007f2b1a668c88,0x00007f2b44500000)
 Metaspace       used 20896K, capacity 21337K, committed 21504K, reserved 22528K
}
Event: 2514.081 GC heap before
{Heap before GC invocations=110 (full 5):
 PSYoungGen      total 12089856K, used 12046524K [0x00007f307a580000, 0x00007f3364e00000, 0x00007f3365000000)
  eden space 11949056K, 100% used [0x00007f307a580000,0x00007f3353a80000,0x00007f3353a80000)
  from space 140800K, 69% used [0x00007f335c380000,0x00007f33622af148,0x00007f3364d00000)
  to   space 140288K, 0% used [0x00007f3353a80000,0x00007f3353a80000,0x00007f335c380000)
 ParOldGen       total 2610176K, used 1923491K [0x00007f2aa5000000, 0x00007f2b44500000, 0x00007f307a580000)
  object space 2610176K, 73% used [0x00007f2aa5000000,0x00007f2b1a668c88,0x00007f2b44500000)
 Metaspace       used 20896K, capacity 21337K, committed 21504K, reserved 22528K
Event: 2514.943 GC heap after
Heap after GC invocations=110 (full 5):
 PSYoungGen      total 12089344K, used 92183K [0x00007f307a580000, 0x00007f3364a80000, 0x00007f3365000000)
  eden space 11949056K, 0% used [0x00007f307a580000,0x00007f307a580000,0x00007f3353a80000)
  from space 140288K, 65% used [0x00007f3353a80000,0x00007f3359485c28,0x00007f335c380000)
  to   space 137728K, 0% used [0x00007f335c400000,0x00007f335c400000,0x00007f3364a80000)
 ParOldGen       total 2610176K, used 2011405K [0x00007f2aa5000000, 0x00007f2b44500000, 0x00007f307a580000)
  object space 2610176K, 77% used [0x00007f2aa5000000,0x00007f2b1fc436e8,0x00007f2b44500000)
 Metaspace       used 20896K, capacity 21337K, committed 21504K, reserved 22528K
}
Event: 2620.056 GC heap before
{Heap before GC invocations=111 (full 5):
 PSYoungGen      total 12089344K, used 12041239K [0x00007f307a580000, 0x00007f3364a80000, 0x00007f3365000000)
  eden space 11949056K, 100% used [0x00007f307a580000,0x00007f3353a80000,0x00007f3353a80000)
  from space 140288K, 65% used [0x00007f3353a80000,0x00007f3359485c28,0x00007f335c380000)
  to   space 137728K, 0% used [0x00007f335c400000,0x00007f335c400000,0x00007f3364a80000)
 ParOldGen       total 2610176K, used 2011405K [0x00007f2aa5000000, 0x00007f2b44500000, 0x00007f307a580000)
  object space 2610176K, 77% used [0x00007f2aa5000000,0x00007f2b1fc436e8,0x00007f2b44500000)
 Metaspace       used 20896K, capacity 21337K, committed 21504K, reserved 22528K
Event: 2620.820 GC heap after
Heap after GC invocations=111 (full 5):
 PSYoungGen      total 12090880K, used 96533K [0x00007f307a580000, 0x00007f3364b80000, 0x00007f3365000000)
  eden space 11953152K, 0% used [0x00007f307a580000,0x00007f307a580000,0x00007f3353e80000)
  from space 137728K, 70% used [0x00007f335c400000,0x00007f33622456b0,0x00007f3364a80000)
  to   space 136704K, 0% used [0x00007f3353e80000,0x00007f3353e80000,0x00007f335c400000)
 ParOldGen       total 2610176K, used 2096904K [0x00007f2aa5000000, 0x00007f2b44500000, 0x00007f307a580000)
  object space 2610176K, 80% used [0x00007f2aa5000000,0x00007f2b24fc2250,0x00007f2b44500000)
 Metaspace       used 20896K, capacity 21337K, committed 21504K, reserved 22528K
}
Event: 2720.427 GC heap before
{Heap before GC invocations=112 (full 5):
 PSYoungGen      total 12090880K, used 12049685K [0x00007f307a580000, 0x00007f3364b80000, 0x00007f3365000000)
  eden space 11953152K, 100% used [0x00007f307a580000,0x00007f3353e80000,0x00007f3353e80000)
  from space 137728K, 70% used [0x00007f335c400000,0x00007f33622456b0,0x00007f3364a80000)
  to   space 136704K, 0% used [0x00007f3353e80000,0x00007f3353e80000,0x00007f335c400000)
 ParOldGen       total 2610176K, used 2096904K [0x00007f2aa5000000, 0x00007f2b44500000, 0x00007f307a580000)
  object space 2610176K, 80% used [0x00007f2aa5000000,0x00007f2b24fc2250,0x00007f2b44500000)
 Metaspace       used 20896K, capacity 21337K, committed 21504K, reserved 22528K
Event: 2721.193 GC heap after
Heap after GC invocations=112 (full 5):
 PSYoungGen      total 12089856K, used 94775K [0x00007f307a580000, 0x00007f3364b00000, 0x00007f3365000000)
  eden space 11953152K, 0% used [0x00007f307a580000,0x00007f307a580000,0x00007f3353e80000)
  from space 136704K, 69% used [0x00007f3353e80000,0x00007f3359b0dc28,0x00007f335c400000)
  to   space 134656K, 0% used [0x00007f335c780000,0x00007f335c780000,0x00007f3364b00000)
 ParOldGen       total 2610176K, used 2184146K [0x00007f2aa5000000, 0x00007f2b44500000, 0x00007f307a580000)
  object space 2610176K, 83% used [0x00007f2aa5000000,0x00007f2b2a4f4828,0x00007f2b44500000)
 Metaspace       used 20896K, capacity 21337K, committed 21504K, reserved 22528K
}
Event: 2826.254 GC heap before
{Heap before GC invocations=113 (full 5):
 PSYoungGen      total 12089856K, used 12047927K [0x00007f307a580000, 0x00007f3364b00000, 0x00007f3365000000)
  eden space 11953152K, 100% used [0x00007f307a580000,0x00007f3353e80000,0x00007f3353e80000)
  from space 136704K, 69% used [0x00007f3353e80000,0x00007f3359b0dc28,0x00007f335c400000)
  to   space 134656K, 0% used [0x00007f335c780000,0x00007f335c780000,0x00007f3364b00000)
 ParOldGen       total 2610176K, used 2184146K [0x00007f2aa5000000, 0x00007f2b44500000, 0x00007f307a580000)
  object space 2610176K, 83% used [0x00007f2aa5000000,0x00007f2b2a4f4828,0x00007f2b44500000)
 Metaspace       used 20896K, capacity 21337K, committed 21504K, reserved 22528K
Event: 2827.152 GC heap after
Heap after GC invocations=113 (full 5):
 PSYoungGen      total 12094464K, used 95406K [0x00007f307a580000, 0x00007f3364a00000, 0x00007f3365000000)
  eden space 11960832K, 0% used [0x00007f307a580000,0x00007f307a580000,0x00007f3354600000)
  from space 133632K, 71% used [0x00007f335c780000,0x00007f33624ab848,0x00007f3364a00000)
  to   space 132608K, 0% used [0x00007f3354600000,0x00007f3354600000,0x00007f335c780000)
 ParOldGen       total 2610176K, used 2271709K [0x00007f2aa5000000, 0x00007f2b44500000, 0x00007f307a580000)
  object space 2610176K, 87% used [0x00007f2aa5000000,0x00007f2b2fa774c0,0x00007f2b44500000)
 Metaspace       used 20896K, capacity 21337K, committed 21504K, reserved 22528K
}
Event: 2929.911 GC heap before
{Heap before GC invocations=114 (full 5):
 PSYoungGen      total 12094464K, used 12056238K [0x00007f307a580000, 0x00007f3364a00000, 0x00007f3365000000)
  eden space 11960832K, 100% used [0x00007f307a580000,0x00007f3354600000,0x00007f3354600000)
  from space 133632K, 71% used [0x00007f335c780000,0x00007f33624ab848,0x00007f3364a00000)
  to   space 132608K, 0% used [0x00007f3354600000,0x00007f3354600000,0x00007f335c780000)
 ParOldGen       total 2610176K, used 2271709K [0x00007f2aa5000000, 0x00007f2b44500000, 0x00007f307a580000)
  object space 2610176K, 87% used [0x00007f2aa5000000,0x00007f2b2fa774c0,0x00007f2b44500000)
 Metaspace       used 20896K, capacity 21337K, committed 21504K, reserved 22528K
Event: 2930.768 GC heap after
Heap after GC invocations=114 (full 5):
 PSYoungGen      total 12093440K, used 94558K [0x00007f307a580000, 0x00007f3364b00000, 0x00007f3365000000)
  eden space 11960832K, 0% used [0x00007f307a580000,0x00007f307a580000,0x00007f3354600000)
  from space 132608K, 71% used [0x00007f3354600000,0x00007f335a257af8,0x00007f335c780000)
  to   space 130560K, 0% used [0x00007f335cb80000,0x00007f335cb80000,0x00007f3364b00000)
 ParOldGen       total 2610176K, used 2356716K [0x00007f2aa5000000, 0x00007f2b44500000, 0x00007f307a580000)
  object space 2610176K, 90% used [0x00007f2aa5000000,0x00007f2b34d7b138,0x00007f2b44500000)
 Metaspace       used 20896K, capacity 21337K, committed 21504K, reserved 22528K
}
Event: 3031.660 GC heap before
{Heap before GC invocations=115 (full 5):
 PSYoungGen      total 12093440K, used 12055390K [0x00007f307a580000, 0x00007f3364b00000, 0x00007f3365000000)
  eden space 11960832K, 100% used [0x00007f307a580000,0x00007f3354600000,0x00007f3354600000)
  from space 132608K, 71% used [0x00007f3354600000,0x00007f335a257af8,0x00007f335c780000)
  to   space 130560K, 0% used [0x00007f335cb80000,0x00007f335cb80000,0x00007f3364b00000)
 ParOldGen       total 2610176K, used 2356716K [0x00007f2aa5000000, 0x00007f2b44500000, 0x00007f307a580000)
  object space 2610176K, 90% used [0x00007f2aa5000000,0x00007f2b34d7b138,0x00007f2b44500000)
 Metaspace       used 20896K, capacity 21337K, committed 21504K, reserved 22528K
Event: 3032.501 GC heap after
Heap after GC invocations=115 (full 5):
 PSYoungGen      total 12098048K, used 92397K [0x00007f307a580000, 0x00007f3364900000, 0x00007f3365000000)
  eden space 11969536K, 0% used [0x00007f307a580000,0x00007f307a580000,0x00007f3354e80000)
  from space 128512K, 71% used [0x00007f335cb80000,0x00007f33625bb740,0x00007f3364900000)
  to   space 128000K, 0% used [0x00007f3354e80000,0x00007f3354e80000,0x00007f335cb80000)
 ParOldGen       total 2610176K, used 2443263K [0x00007f2aa5000000, 0x00007f2b44500000, 0x00007f307a580000)
  object space 2610176K, 93% used [0x00007f2aa5000000,0x00007f2b3a1fff70,0x00007f2b44500000)
 Metaspace       used 20896K, capacity 21337K, committed 21504K, reserved 22528K
}
Event: 3133.646 GC heap before
{Heap before GC invocations=116 (full 5):
 PSYoungGen      total 12098048K, used 12061933K [0x00007f307a580000, 0x00007f3364900000, 0x00007f3365000000)
  eden space 11969536K, 100% used [0x00007f307a580000,0x00007f3354e80000,0x00007f3354e80000)
  from space 128512K, 71% used [0x00007f335cb80000,0x00007f33625bb740,0x00007f3364900000)
  to   space 128000K, 0% used [0x00007f3354e80000,0x00007f3354e80000,0x00007f335cb80000)
 ParOldGen       total 2610176K, used 2443263K [0x00007f2aa5000000, 0x00007f2b44500000, 0x00007f307a580000)
  object space 2610176K, 93% used [0x00007f2aa5000000,0x00007f2b3a1fff70,0x00007f2b44500000)
 Metaspace       used 20896K, capacity 21337K, committed 21504K, reserved 22528K
Event: 3134.406 GC heap after
Heap after GC invocations=116 (full 5):
 PSYoungGen      total 12097536K, used 91396K [0x00007f307a580000, 0x00007f3364980000, 0x00007f3365000000)
  eden space 11969536K, 0% used [0x00007f307a580000,0x00007f307a580000,0x00007f3354e80000)
  from space 128000K, 71% used [0x00007f3354e80000,0x00007f335a7c12d0,0x00007f335cb80000)
  to   space 124928K, 0% used [0x00007f335cf80000,0x00007f335cf80000,0x00007f3364980000)
 ParOldGen       total 2610176K, used 2530818K [0x00007f2aa5000000, 0x00007f2b44500000, 0x00007f307a580000)
  object space 2610176K, 96% used [0x00007f2aa5000000,0x00007f2b3f7809b8,0x00007f2b44500000)
 Metaspace       used 20896K, capacity 21337K, committed 21504K, reserved 22528K
}
Event: 3134.406 GC heap before
{Heap before GC invocations=117 (full 6):
 PSYoungGen      total 12097536K, used 91396K [0x00007f307a580000, 0x00007f3364980000, 0x00007f3365000000)
  eden space 11969536K, 0% used [0x00007f307a580000,0x00007f307a580000,0x00007f3354e80000)
  from space 128000K, 71% used [0x00007f3354e80000,0x00007f335a7c12d0,0x00007f335cb80000)
  to   space 124928K, 0% used [0x00007f335cf80000,0x00007f335cf80000,0x00007f3364980000)
 ParOldGen       total 2610176K, used 2530818K [0x00007f2aa5000000, 0x00007f2b44500000, 0x00007f307a580000)
  object space 2610176K, 96% used [0x00007f2aa5000000,0x00007f2b3f7809b8,0x00007f2b44500000)
 Metaspace       used 20896K, capacity 21337K, committed 21504K, reserved 22528K
Event: 3140.119 GC heap after
Heap after GC invocations=117 (full 6):
 PSYoungGen      total 12097536K, used 0K [0x00007f307a580000, 0x00007f3364980000, 0x00007f3365000000)
  eden space 11969536K, 0% used [0x00007f307a580000,0x00007f307a580000,0x00007f3354e80000)
  from space 128000K, 0% used [0x00007f3354e80000,0x00007f3354e80000,0x00007f335cb80000)
  to   space 124928K, 0% used [0x00007f335cf80000,0x00007f335cf80000,0x00007f3364980000)
 ParOldGen       total 3364864K, used 2599930K [0x00007f2aa5000000, 0x00007f2b72600000, 0x00007f307a580000)
  object space 3364864K, 77% used [0x00007f2aa5000000,0x00007f2b43afe9a8,0x00007f2b72600000)
 Metaspace       used 20896K, capacity 21337K, committed 21504K, reserved 22528K
}
Event: 3285.338 GC heap before
{Heap before GC invocations=118 (full 6):
 PSYoungGen      total 12097536K, used 11969536K [0x00007f307a580000, 0x00007f3364980000, 0x00007f3365000000)
  eden space 11969536K, 100% used [0x00007f307a580000,0x00007f3354e80000,0x00007f3354e80000)
  from space 128000K, 0% used [0x00007f3354e80000,0x00007f3354e80000,0x00007f335cb80000)
  to   space 124928K, 0% used [0x00007f335cf80000,0x00007f335cf80000,0x00007f3364980000)
 ParOldGen       total 3364864K, used 2599930K [0x00007f2aa5000000, 0x00007f2b72600000, 0x00007f307a580000)
  object space 3364864K, 77% used [0x00007f2aa5000000,0x00007f2b43afe9a8,0x00007f2b72600000)
 Metaspace       used 20896K, capacity 21337K, committed 21504K, reserved 22528K
Event: 3286.097 GC heap after
Heap after GC invocations=118 (full 6):
 PSYoungGen      total 12101120K, used 101000K [0x00007f307a580000, 0x00007f3364e00000, 0x00007f3365000000)
  eden space 11976192K, 0% used [0x00007f307a580000,0x00007f307a580000,0x00007f3355500000)
  from space 124928K, 80% used [0x00007f335cf80000,0x00007f33632220e0,0x00007f3364980000)
  to   space 125440K, 0% used [0x00007f3355500000,0x00007f3355500000,0x00007f335cf80000)
 ParOldGen       total 3364864K, used 2599930K [0x00007f2aa5000000, 0x00007f2b72600000, 0x00007f307a580000)
  object space 3364864K, 77% used [0x00007f2aa5000000,0x00007f2b43afe9a8,0x00007f2b72600000)
 Metaspace       used 20896K, capacity 21337K, committed 21504K, reserved 22528K
}
Event: 3396.366 GC heap before
{Heap before GC invocations=119 (full 6):
 PSYoungGen      total 12101120K, used 12077192K [0x00007f307a580000, 0x00007f3364e00000, 0x00007f3365000000)
  eden space 11976192K, 100% used [0x00007f307a580000,0x00007f3355500000,0x00007f3355500000)
  from space 124928K, 80% used [0x00007f335cf80000,0x00007f33632220e0,0x00007f3364980000)
  to   space 125440K, 0% used [0x00007f3355500000,0x00007f3355500000,0x00007f335cf80000)
 ParOldGen       total 3364864K, used 2599930K [0x00007f2aa5000000, 0x00007f2b72600000, 0x00007f307a580000)
  object space 3364864K, 77% used [0x00007f2aa5000000,0x00007f2b43afe9a8,0x00007f2b72600000)
 Metaspace       used 20896K, capacity 21337K, committed 21504K, reserved 22528K
Event: 3397.211 GC heap after
Heap after GC invocations=119 (full 6):
 PSYoungGen      total 12101632K, used 100580K [0x00007f307a580000, 0x00007f3365000000, 0x00007f3365000000)
  eden space 11976192K, 0% used [0x00007f307a580000,0x00007f307a580000,0x00007f3355500000)
  from space 125440K, 80% used [0x00007f3355500000,0x00007f335b739168,0x00007f335cf80000)
  to   space 125952K, 0% used [0x00007f335d500000,0x00007f335d500000,0x00007f3365000000)
 ParOldGen       total 3364864K, used 2689567K [0x00007f2aa5000000, 0x00007f2b72600000, 0x00007f307a580000)
  object space 3364864K, 79% used [0x00007f2aa5000000,0x00007f2b49287f70,0x00007f2b72600000)
 Metaspace       used 20896K, capacity 21337K, committed 21504K, reserved 22528K
}
Event: 3502.299 GC heap before
{Heap before GC invocations=120 (full 6):
 PSYoungGen      total 12101632K, used 12076772K [0x00007f307a580000, 0x00007f3365000000, 0x00007f3365000000)
  eden space 11976192K, 100% used [0x00007f307a580000,0x00007f3355500000,0x00007f3355500000)
  from space 125440K, 80% used [0x00007f3355500000,0x00007f335b739168,0x00007f335cf80000)
  to   space 125952K, 0% used [0x00007f335d500000,0x00007f335d500000,0x00007f3365000000)
 ParOldGen       total 3364864K, used 2689567K [0x00007f2aa5000000, 0x00007f2b72600000, 0x00007f307a580000)
  object space 3364864K, 79% used [0x00007f2aa5000000,0x00007f2b49287f70,0x00007f2b72600000)
 Metaspace       used 20896K, capacity 21337K, committed 21504K, reserved 22528K
Event: 3503.275 GC heap after
Heap after GC invocations=120 (full 6):
 PSYoungGen      total 12102144K, used 92695K [0x00007f307a580000, 0x00007f3364a80000, 0x00007f3365000000)
  eden space 11981824K, 0% used [0x00007f307a580000,0x00007f307a580000,0x00007f3355a80000)
  from space 120320K, 77% used [0x00007f335d500000,0x00007f3362f85c28,0x00007f3364a80000)
  to   space 122880K, 0% used [0x00007f3355a80000,0x00007f3355a80000,0x00007f335d280000)
 ParOldGen       total 3364864K, used 2778026K [0x00007f2aa5000000, 0x00007f2b72600000, 0x00007f307a580000)
  object space 3364864K, 82% used [0x00007f2aa5000000,0x00007f2b4e8eaa98,0x00007f2b72600000)
 Metaspace       used 20896K, capacity 21337K, committed 21504K, reserved 22528K
}
Event: 3609.021 GC heap before
{Heap before GC invocations=121 (full 6):
 PSYoungGen      total 12102144K, used 12074519K [0x00007f307a580000, 0x00007f3364a80000, 0x00007f3365000000)
  eden space 11981824K, 100% used [0x00007f307a580000,0x00007f3355a80000,0x00007f3355a80000)
  from space 120320K, 77% used [0x00007f335d500000,0x00007f3362f85c28,0x00007f3364a80000)
  to   space 122880K, 0% used [0x00007f3355a80000,0x00007f3355a80000,0x00007f335d280000)
 ParOldGen       total 3364864K, used 2778026K [0x00007f2aa5000000, 0x00007f2b72600000, 0x00007f307a580000)
  object space 3364864K, 82% used [0x00007f2aa5000000,0x00007f2b4e8eaa98,0x00007f2b72600000)
 Metaspace       used 20896K, capacity 21337K, committed 21504K, reserved 22528K
Event: 3609.993 GC heap after
Heap after GC invocations=121 (full 6):
 PSYoungGen      total 12104704K, used 94252K [0x00007f307a580000, 0x00007f3364e80000, 0x00007f3365000000)
  eden space 11981824K, 0% used [0x00007f307a580000,0x00007f307a580000,0x00007f3355a80000)
  from space 122880K, 76% used [0x00007f3355a80000,0x00007f335b68b258,0x00007f335d280000)
  to   space 120832K, 0% used [0x00007f335d880000,0x00007f335d880000,0x00007f3364e80000)
 ParOldGen       total 3364864K, used 2866129K [0x00007f2aa5000000, 0x00007f2b72600000, 0x00007f307a580000)
  object space 3364864K, 85% used [0x00007f2aa5000000,0x00007f2b53ef4798,0x00007f2b72600000)
 Metaspace       used 20896K, capacity 21337K, committed 21504K, reserved 22528K
}
Event: 3716.937 GC heap before
{Heap before GC invocations=122 (full 6):
 PSYoungGen      total 12104704K, used 12076076K [0x00007f307a580000, 0x00007f3364e80000, 0x00007f3365000000)
  eden space 11981824K, 100% used [0x00007f307a580000,0x00007f3355a80000,0x00007f3355a80000)
  from space 122880K, 76% used [0x00007f3355a80000,0x00007f335b68b258,0x00007f335d280000)
  to   space 120832K, 0% used [0x00007f335d880000,0x00007f335d880000,0x00007f3364e80000)
 ParOldGen       total 3364864K, used 2866129K [0x00007f2aa5000000, 0x00007f2b72600000, 0x00007f307a580000)
  object space 3364864K, 85% used [0x00007f2aa5000000,0x00007f2b53ef4798,0x00007f2b72600000)
 Metaspace       used 20896K, capacity 21337K, committed 21504K, reserved 22528K
Event: 3718.034 GC heap after
Heap after GC invocations=122 (full 6):
 PSYoungGen      total 12106752K, used 96168K [0x00007f307a580000, 0x00007f3364b00000, 0x00007f3365000000)
  eden space 11989504K, 0% used [0x00007f307a580000,0x00007f307a580000,0x00007f3356200000)
  from space 117248K, 82% used [0x00007f335d880000,0x00007f336366a1c0,0x00007f3364b00000)
  to   space 119296K, 0% used [0x00007f3356200000,0x00007f3356200000,0x00007f335d680000)
 ParOldGen       total 3364864K, used 2951714K [0x00007f2aa5000000, 0x00007f2b72600000, 0x00007f307a580000)
  object space 3364864K, 87% used [0x00007f2aa5000000,0x00007f2b592889d0,0x00007f2b72600000)
 Metaspace       used 20896K, capacity 21337K, committed 21504K, reserved 22528K
}
Event: 3822.257 GC heap before
{Heap before GC invocations=123 (full 6):
 PSYoungGen      total 12106752K, used 12085672K [0x00007f307a580000, 0x00007f3364b00000, 0x00007f3365000000)
  eden space 11989504K, 100% used [0x00007f307a580000,0x00007f3356200000,0x00007f3356200000)
  from space 117248K, 82% used [0x00007f335d880000,0x00007f336366a1c0,0x00007f3364b00000)
  to   space 119296K, 0% used [0x00007f3356200000,0x00007f3356200000,0x00007f335d680000)
 ParOldGen       total 3364864K, used 2951714K [0x00007f2aa5000000, 0x00007f2b72600000, 0x00007f307a580000)
  object space 3364864K, 87% used [0x00007f2aa5000000,0x00007f2b592889d0,0x00007f2b72600000)
 Metaspace       used 20896K, capacity 21337K, committed 21504K, reserved 22528K
Event: 3823.338 GC heap after
Heap after GC invocations=123 (full 6):
 PSYoungGen      total 12108800K, used 95560K [0x00007f307a580000, 0x00007f3364f00000, 0x00007f3365000000)
  eden space 11989504K, 0% used [0x00007f307a580000,0x00007f307a580000,0x00007f3356200000)
  from space 119296K, 80% used [0x00007f3356200000,0x00007f335bf521c0,0x00007f335d680000)
  to   space 117760K, 0% used [0x00007f335dc00000,0x00007f335dc00000,0x00007f3364f00000)
 ParOldGen       total 3364864K, used 3039669K [0x00007f2aa5000000, 0x00007f2b72600000, 0x00007f307a580000)
  object space 3364864K, 90% used [0x00007f2aa5000000,0x00007f2b5e86d710,0x00007f2b72600000)
 Metaspace       used 20896K, capacity 21337K, committed 21504K, reserved 22528K
}
Event: 3924.878 GC heap before
{Heap before GC invocations=124 (full 6):
 PSYoungGen      total 12108800K, used 12085064K [0x00007f307a580000, 0x00007f3364f00000, 0x00007f3365000000)
  eden space 11989504K, 100% used [0x00007f307a580000,0x00007f3356200000,0x00007f3356200000)
  from space 119296K, 80% used [0x00007f3356200000,0x00007f335bf521c0,0x00007f335d680000)
  to   space 117760K, 0% used [0x00007f335dc00000,0x00007f335dc00000,0x00007f3364f00000)
 ParOldGen       total 3364864K, used 3039669K [0x00007f2aa5000000, 0x00007f2b72600000, 0x00007f307a580000)
  object space 3364864K, 90% used [0x00007f2aa5000000,0x00007f2b5e86d710,0x00007f2b72600000)
 Metaspace       used 20896K, capacity 21337K, committed 21504K, reserved 22528K
Event: 3925.955 GC heap after
Heap after GC invocations=124 (full 6):
 PSYoungGen      total 12112384K, used 104025K [0x00007f307a580000, 0x00007f3365000000, 0x00007f3365000000)
  eden space 11994624K, 0% used [0x00007f307a580000,0x00007f307a580000,0x00007f3356700000)
  from space 117760K, 88% used [0x00007f335dc00000,0x00007f3364196700,0x00007f3364f00000)
  to   space 119296K, 0% used [0x00007f3356700000,0x00007f3356700000,0x00007f335db80000)
 ParOldGen       total 3364864K, used 3126821K [0x00007f2aa5000000, 0x00007f2b72600000, 0x00007f307a580000)
  object space 3364864K, 92% used [0x00007f2aa5000000,0x00007f2b63d896b0,0x00007f2b72600000)
 Metaspace       used 20896K, capacity 21337K, committed 21504K, reserved 22528K
}
Event: 4031.091 GC heap before
{Heap before GC invocations=125 (full 6):
 PSYoungGen      total 12112384K, used 12098649K [0x00007f307a580000, 0x00007f3365000000, 0x00007f3365000000)
  eden space 11994624K, 100% used [0x00007f307a580000,0x00007f3356700000,0x00007f3356700000)
  from space 117760K, 88% used [0x00007f335dc00000,0x00007f3364196700,0x00007f3364f00000)
  to   space 119296K, 0% used [0x00007f3356700000,0x00007f3356700000,0x00007f335db80000)
 ParOldGen       total 3364864K, used 3126821K [0x00007f2aa5000000, 0x00007f2b72600000, 0x00007f307a580000)
  object space 3364864K, 92% used [0x00007f2aa5000000,0x00007f2b63d896b0,0x00007f2b72600000)
 Metaspace       used 20896K, capacity 21337K, committed 21504K, reserved 22528K
Event: 4032.030 GC heap after
Heap after GC invocations=125 (full 6):
 PSYoungGen      total 12086272K, used 91204K [0x00007f307a580000, 0x00007f3364d80000, 0x00007f3365000000)
  eden space 11994624K, 0% used [0x00007f307a580000,0x00007f307a580000,0x00007f3356700000)
  from space 91648K, 99% used [0x00007f3356700000,0x00007f335c0112d0,0x00007f335c080000)
  to   space 117248K, 0% used [0x00007f335db00000,0x00007f335db00000,0x00007f3364d80000)
 ParOldGen       total 3364864K, used 3214995K [0x00007f2aa5000000, 0x00007f2b72600000, 0x00007f307a580000)
  object space 3364864K, 95% used [0x00007f2aa5000000,0x00007f2b693a4dc8,0x00007f2b72600000)
 Metaspace       used 20896K, capacity 21337K, committed 21504K, reserved 22528K
}
Event: 4133.007 GC heap before
{Heap before GC invocations=126 (full 6):
 PSYoungGen      total 12086272K, used 12085828K [0x00007f307a580000, 0x00007f3364d80000, 0x00007f3365000000)
  eden space 11994624K, 100% used [0x00007f307a580000,0x00007f3356700000,0x00007f3356700000)
  from space 91648K, 99% used [0x00007f3356700000,0x00007f335c0112d0,0x00007f335c080000)
  to   space 117248K, 0% used [0x00007f335db00000,0x00007f335db00000,0x00007f3364d80000)
 ParOldGen       total 3364864K, used 3214995K [0x00007f2aa5000000, 0x00007f2b72600000, 0x00007f307a580000)
  object space 3364864K, 95% used [0x00007f2aa5000000,0x00007f2b693a4dc8,0x00007f2b72600000)
 Metaspace       used 20896K, capacity 21337K, committed 21504K, reserved 22528K
Event: 4134.067 GC heap after
Heap after GC invocations=126 (full 6):
 PSYoungGen      total 12115456K, used 92068K [0x00007f307a580000, 0x00007f3365000000, 0x00007f3365000000)
  eden space 11998208K, 0% used [0x00007f307a580000,0x00007f307a580000,0x00007f3356a80000)
  from space 117248K, 78% used [0x00007f335db00000,0x00007f33634e92d0,0x00007f3364d80000)
  to   space 115200K, 0% used [0x00007f3356a80000,0x00007f3356a80000,0x00007f335db00000)
 ParOldGen       total 3364864K, used 3301572K [0x00007f2aa5000000, 0x00007f2b72600000, 0x00007f307a580000)
  object space 3364864K, 98% used [0x00007f2aa5000000,0x00007f2b6e831128,0x00007f2b72600000)
 Metaspace       used 20896K, capacity 21337K, committed 21504K, reserved 22528K
}
Event: 4134.067 GC heap before
{Heap before GC invocations=127 (full 7):
 PSYoungGen      total 12115456K, used 92068K [0x00007f307a580000, 0x00007f3365000000, 0x00007f3365000000)
  eden space 11998208K, 0% used [0x00007f307a580000,0x00007f307a580000,0x00007f3356a80000)
  from space 117248K, 78% used [0x00007f335db00000,0x00007f33634e92d0,0x00007f3364d80000)
  to   space 115200K, 0% used [0x00007f3356a80000,0x00007f3356a80000,0x00007f335db00000)
 ParOldGen       total 3364864K, used 3301572K [0x00007f2aa5000000, 0x00007f2b72600000, 0x00007f307a580000)
  object space 3364864K, 98% used [0x00007f2aa5000000,0x00007f2b6e831128,0x00007f2b72600000)
 Metaspace       used 20896K, capacity 21337K, committed 21504K, reserved 22528K
Event: 4141.713 GC heap after
Heap after GC invocations=127 (full 7):
 PSYoungGen      total 12115456K, used 7757K [0x00007f307a580000, 0x00007f3365000000, 0x00007f3365000000)
  eden space 11998208K, 0% used [0x00007f307a580000,0x00007f307a580000,0x00007f3356a80000)
  from space 117248K, 6% used [0x00007f335db00000,0x00007f335e293778,0x00007f3364d80000)
  to   space 115200K, 0% used [0x00007f3356a80000,0x00007f3356a80000,0x00007f335db00000)
 ParOldGen       total 4190720K, used 3364768K [0x00007f2aa5000000, 0x00007f2ba4c80000, 0x00007f307a580000)
  object space 4190720K, 80% used [0x00007f2aa5000000,0x00007f2b725e8120,0x00007f2ba4c80000)
 Metaspace       used 20896K, capacity 21337K, committed 21504K, reserved 22528K
}
Event: 4240.878 GC heap before
{Heap before GC invocations=128 (full 7):
 PSYoungGen      total 12115456K, used 12005965K [0x00007f307a580000, 0x00007f3365000000, 0x00007f3365000000)
  eden space 11998208K, 100% used [0x00007f307a580000,0x00007f3356a80000,0x00007f3356a80000)
  from space 117248K, 6% used [0x00007f335db00000,0x00007f335e293778,0x00007f3364d80000)
  to   space 115200K, 0% used [0x00007f3356a80000,0x00007f3356a80000,0x00007f335db00000)
 ParOldGen       total 4190720K, used 3364768K [0x00007f2aa5000000, 0x00007f2ba4c80000, 0x00007f307a580000)
  object space 4190720K, 80% used [0x00007f2aa5000000,0x00007f2b725e8120,0x00007f2ba4c80000)
 Metaspace       used 20900K, capacity 21337K, committed 21504K, reserved 22528K
Event: 4243.999 GC heap after
Heap after GC invocations=128 (full 7):
 PSYoungGen      total 12113408K, used 101912K [0x00007f307a580000, 0x00007f3365000000, 0x00007f3365000000)
  eden space 11998208K, 0% used [0x00007f307a580000,0x00007f307a580000,0x00007f3356a80000)
  from space 115200K, 88% used [0x00007f3356a80000,0x00007f335ce063e0,0x00007f335db00000)
  to   space 116224K, 0% used [0x00007f335de80000,0x00007f335de80000,0x00007f3365000000)
 ParOldGen       total 4190720K, used 3372574K [0x00007f2aa5000000, 0x00007f2ba4c80000, 0x00007f307a580000)
  object space 4190720K, 80% used [0x00007f2aa5000000,0x00007f2b72d87840,0x00007f2ba4c80000)
 Metaspace       used 20900K, capacity 21337K, committed 21504K, reserved 22528K
}
Event: 4342.764 GC heap before
{Heap before GC invocations=129 (full 7):
 PSYoungGen      total 12113408K, used 12100120K [0x00007f307a580000, 0x00007f3365000000, 0x00007f3365000000)
  eden space 11998208K, 100% used [0x00007f307a580000,0x00007f3356a80000,0x00007f3356a80000)
  from space 115200K, 88% used [0x00007f3356a80000,0x00007f335ce063e0,0x00007f335db00000)
  to   space 116224K, 0% used [0x00007f335de80000,0x00007f335de80000,0x00007f3365000000)
 ParOldGen       total 4190720K, used 3372574K [0x00007f2aa5000000, 0x00007f2ba4c80000, 0x00007f307a580000)
  object space 4190720K, 80% used [0x00007f2aa5000000,0x00007f2b72d87840,0x00007f2ba4c80000)
 Metaspace       used 20902K, capacity 21337K, committed 21504K, reserved 22528K
Event: 4344.098 GC heap after
Heap after GC invocations=129 (full 7):
 PSYoungGen      total 12114944K, used 93880K [0x00007f307a580000, 0x00007f3364d00000, 0x00007f3365000000)
  eden space 12001792K, 0% used [0x00007f307a580000,0x00007f307a580000,0x00007f3356e00000)
  from space 113152K, 82% used [0x00007f335de80000,0x00007f3363a2e2d0,0x00007f3364d00000)
  to   space 114176K, 0% used [0x00007f3356e00000,0x00007f3356e00000,0x00007f335dd80000)
 ParOldGen       total 4190720K, used 3459194K [0x00007f2aa5000000, 0x00007f2ba4c80000, 0x00007f307a580000)
  object space 4190720K, 82% used [0x00007f2aa5000000,0x00007f2b7821eaa8,0x00007f2ba4c80000)
 Metaspace       used 20902K, capacity 21337K, committed 21504K, reserved 22528K
}
Event: 4441.946 GC heap before
{Heap before GC invocations=130 (full 7):
 PSYoungGen      total 12114944K, used 12095672K [0x00007f307a580000, 0x00007f3364d00000, 0x00007f3365000000)
  eden space 12001792K, 100% used [0x00007f307a580000,0x00007f3356e00000,0x00007f3356e00000)
  from space 113152K, 82% used [0x00007f335de80000,0x00007f3363a2e2d0,0x00007f3364d00000)
  to   space 114176K, 0% used [0x00007f3356e00000,0x00007f3356e00000,0x00007f335dd80000)
 ParOldGen       total 4190720K, used 3459194K [0x00007f2aa5000000, 0x00007f2ba4c80000, 0x00007f307a580000)
  object space 4190720K, 82% used [0x00007f2aa5000000,0x00007f2b7821eaa8,0x00007f2ba4c80000)
 Metaspace       used 20902K, capacity 21337K, committed 21504K, reserved 22528K
Event: 4443.229 GC heap after
Heap after GC invocations=130 (full 7):
 PSYoungGen      total 12115968K, used 93783K [0x00007f307a580000, 0x00007f3364d00000, 0x00007f3365000000)
  eden space 12001792K, 0% used [0x00007f307a580000,0x00007f307a580000,0x00007f3356e00000)
  from space 114176K, 82% used [0x00007f3356e00000,0x00007f335c995c28,0x00007f335dd80000)
  to   space 112128K, 0% used [0x00007f335df80000,0x00007f335df80000,0x00007f3364d00000)
 ParOldGen       total 4190720K, used 3545393K [0x00007f2aa5000000, 0x00007f2ba4c80000, 0x00007f307a580000)
  object space 4190720K, 84% used [0x00007f2aa5000000,0x00007f2b7d64c600,0x00007f2ba4c80000)
 Metaspace       used 20902K, capacity 21337K, committed 21504K, reserved 22528K
}
Event: 4543.641 GC heap before
{Heap before GC invocations=131 (full 7):
 PSYoungGen      total 12115968K, used 12095575K [0x00007f307a580000, 0x00007f3364d00000, 0x00007f3365000000)
  eden space 12001792K, 100% used [0x00007f307a580000,0x00007f3356e00000,0x00007f3356e00000)
  from space 114176K, 82% used [0x00007f3356e00000,0x00007f335c995c28,0x00007f335dd80000)
  to   space 112128K, 0% used [0x00007f335df80000,0x00007f335df80000,0x00007f3364d00000)
 ParOldGen       total 4190720K, used 3545393K [0x00007f2aa5000000, 0x00007f2ba4c80000, 0x00007f307a580000)
  object space 4190720K, 84% used [0x00007f2aa5000000,0x00007f2b7d64c600,0x00007f2ba4c80000)
 Metaspace       used 20902K, capacity 21337K, committed 21504K, reserved 22528K
Event: 4544.903 GC heap after
Heap after GC invocations=131 (full 7):
 PSYoungGen      total 12118016K, used 92100K [0x00007f307a580000, 0x00007f3364c00000, 0x00007f3365000000)
  eden space 12006912K, 0% used [0x00007f307a580000,0x00007f307a580000,0x00007f3357300000)
  from space 111104K, 82% used [0x00007f335df80000,0x00007f33639712d0,0x00007f3364c00000)
  to   space 111104K, 0% used [0x00007f3357300000,0x00007f3357300000,0x00007f335df80000)
 ParOldGen       total 4190720K, used 3631877K [0x00007f2aa5000000, 0x00007f2ba4c80000, 0x00007f307a580000)
  object space 4190720K, 86% used [0x00007f2aa5000000,0x00007f2b82ac1460,0x00007f2ba4c80000)
 Metaspace       used 20902K, capacity 21337K, committed 21504K, reserved 22528K
}
Event: 4646.630 GC heap before
{Heap before GC invocations=132 (full 7):
 PSYoungGen      total 12118016K, used 12099012K [0x00007f307a580000, 0x00007f3364c00000, 0x00007f3365000000)
  eden space 12006912K, 100% used [0x00007f307a580000,0x00007f3357300000,0x00007f3357300000)
  from space 111104K, 82% used [0x00007f335df80000,0x00007f33639712d0,0x00007f3364c00000)
  to   space 111104K, 0% used [0x00007f3357300000,0x00007f3357300000,0x00007f335df80000)
 ParOldGen       total 4190720K, used 3631877K [0x00007f2aa5000000, 0x00007f2ba4c80000, 0x00007f307a580000)
  object space 4190720K, 86% used [0x00007f2aa5000000,0x00007f2b82ac1460,0x00007f2ba4c80000)
 Metaspace       used 20902K, capacity 21337K, committed 21504K, reserved 22528K
Event: 4647.897 GC heap after
Heap after GC invocations=132 (full 7):
 PSYoungGen      total 12118016K, used 93175K [0x00007f307a580000, 0x00007f3364d00000, 0x00007f3365000000)
  eden space 12006912K, 0% used [0x00007f307a580000,0x00007f307a580000,0x00007f3357300000)
  from space 111104K, 83% used [0x00007f3357300000,0x00007f335cdfdc28,0x00007f335df80000)
  to   space 109568K, 0% used [0x00007f335e200000,0x00007f335e200000,0x00007f3364d00000)
 ParOldGen       total 4190720K, used 3718678K [0x00007f2aa5000000, 0x00007f2ba4c80000, 0x00007f307a580000)
  object space 4190720K, 88% used [0x00007f2aa5000000,0x00007f2b87f85968,0x00007f2ba4c80000)
 Metaspace       used 20902K, capacity 21337K, committed 21504K, reserved 22528K
}
Event: 4747.283 GC heap before
{Heap before GC invocations=133 (full 7):
 PSYoungGen      total 12118016K, used 12100087K [0x00007f307a580000, 0x00007f3364d00000, 0x00007f3365000000)
  eden space 12006912K, 100% used [0x00007f307a580000,0x00007f3357300000,0x00007f3357300000)
  from space 111104K, 83% used [0x00007f3357300000,0x00007f335cdfdc28,0x00007f335df80000)
  to   space 109568K, 0% used [0x00007f335e200000,0x00007f335e200000,0x00007f3364d00000)
 ParOldGen       total 4190720K, used 3718678K [0x00007f2aa5000000, 0x00007f2ba4c80000, 0x00007f307a580000)
  object space 4190720K, 88% used [0x00007f2aa5000000,0x00007f2b87f85968,0x00007f2ba4c80000)
 Metaspace       used 20902K, capacity 21337K, committed 21504K, reserved 22528K
Event: 4748.533 GC heap after
Heap after GC invocations=133 (full 7):
 PSYoungGen      total 12120576K, used 92855K [0x00007f307a580000, 0x00007f3364b80000, 0x00007f3365000000)
  eden space 12012544K, 0% used [0x00007f307a580000,0x00007f307a580000,0x00007f3357880000)
  from space 108032K, 85% used [0x00007f335e200000,0x00007f3363cadc28,0x00007f3364b80000)
  to   space 108032K, 0% used [0x00007f3357880000,0x00007f3357880000,0x00007f335e200000)
 ParOldGen       total 4190720K, used 3805824K [0x00007f2aa5000000, 0x00007f2ba4c80000, 0x00007f307a580000)
  object space 4190720K, 90% used [0x00007f2aa5000000,0x00007f2b8d4a0388,0x00007f2ba4c80000)
 Metaspace       used 20902K, capacity 21337K, committed 21504K, reserved 22528K
}
Event: 4850.960 GC heap before
{Heap before GC invocations=134 (full 7):
 PSYoungGen      total 12120576K, used 12105399K [0x00007f307a580000, 0x00007f3364b80000, 0x00007f3365000000)
  eden space 12012544K, 100% used [0x00007f307a580000,0x00007f3357880000,0x00007f3357880000)
  from space 108032K, 85% used [0x00007f335e200000,0x00007f3363cadc28,0x00007f3364b80000)
  to   space 108032K, 0% used [0x00007f3357880000,0x00007f3357880000,0x00007f335e200000)
 ParOldGen       total 4190720K, used 3805824K [0x00007f2aa5000000, 0x00007f2ba4c80000, 0x00007f307a580000)
  object space 4190720K, 90% used [0x00007f2aa5000000,0x00007f2b8d4a0388,0x00007f2ba4c80000)
 Metaspace       used 20902K, capacity 21337K, committed 21504K, reserved 22528K
Event: 4852.279 GC heap after
Heap after GC invocations=134 (full 7):
 PSYoungGen      total 12120576K, used 100541K [0x00007f307a580000, 0x00007f3365000000, 0x00007f3365000000)
  eden space 12012544K, 0% used [0x00007f307a580000,0x00007f307a580000,0x00007f3357880000)
  from space 108032K, 93% used [0x00007f3357880000,0x00007f335daaf4e8,0x00007f335e200000)
  to   space 109056K, 0% used [0x00007f335e580000,0x00007f335e580000,0x00007f3365000000)
 ParOldGen       total 4190720K, used 3892651K [0x00007f2aa5000000, 0x00007f2ba4c80000, 0x00007f307a580000)
  object space 4190720K, 92% used [0x00007f2aa5000000,0x00007f2b9296ae78,0x00007f2ba4c80000)
 Metaspace       used 20902K, capacity 21337K, committed 21504K, reserved 22528K
}
Event: 4951.898 GC heap before
{Heap before GC invocations=135 (full 7):
 PSYoungGen      total 12120576K, used 12113085K [0x00007f307a580000, 0x00007f3365000000, 0x00007f3365000000)
  eden space 12012544K, 100% used [0x00007f307a580000,0x00007f3357880000,0x00007f3357880000)
  from space 108032K, 93% used [0x00007f3357880000,0x00007f335daaf4e8,0x00007f335e200000)
  to   space 109056K, 0% used [0x00007f335e580000,0x00007f335e580000,0x00007f3365000000)
 ParOldGen       total 4190720K, used 3892651K [0x00007f2aa5000000, 0x00007f2ba4c80000, 0x00007f307a580000)
  object space 4190720K, 92% used [0x00007f2aa5000000,0x00007f2b9296ae78,0x00007f2ba4c80000)
 Metaspace       used 20902K, capacity 21337K, committed 21504K, reserved 22528K
Event: 4953.416 GC heap after
Heap after GC invocations=135 (full 7):
 PSYoungGen      total 12124160K, used 95386K [0x00007f307a580000, 0x00007f3364f00000, 0x00007f3365000000)
  eden space 12016128K, 0% used [0x00007f307a580000,0x00007f307a580000,0x00007f3357c00000)
  from space 108032K, 88% used [0x00007f335e580000,0x00007f33642a6b08,0x00007f3364f00000)
  to   space 108032K, 0% used [0x00007f3357c00000,0x00007f3357c00000,0x00007f335e580000)
 ParOldGen       total 4190720K, used 3978512K [0x00007f2aa5000000, 0x00007f2ba4c80000, 0x00007f307a580000)
  object space 4190720K, 94% used [0x00007f2aa5000000,0x00007f2b97d443e8,0x00007f2ba4c80000)
 Metaspace       used 20902K, capacity 21337K, committed 21504K, reserved 22528K
}
Event: 5054.382 GC heap before
{Heap before GC invocations=136 (full 7):
 PSYoungGen      total 12124160K, used 12111514K [0x00007f307a580000, 0x00007f3364f00000, 0x00007f3365000000)
  eden space 12016128K, 100% used [0x00007f307a580000,0x00007f3357c00000,0x00007f3357c00000)
  from space 108032K, 88% used [0x00007f335e580000,0x00007f33642a6b08,0x00007f3364f00000)
  to   space 108032K, 0% used [0x00007f3357c00000,0x00007f3357c00000,0x00007f335e580000)
 ParOldGen       total 4190720K, used 3978512K [0x00007f2aa5000000, 0x00007f2ba4c80000, 0x00007f307a580000)
  object space 4190720K, 94% used [0x00007f2aa5000000,0x00007f2b97d443e8,0x00007f2ba4c80000)
 Metaspace       used 20902K, capacity 21337K, committed 21504K, reserved 22528K
Event: 5055.728 GC heap after
Heap after GC invocations=136 (full 7):
 PSYoungGen      total 12124160K, used 89860K [0x00007f307a580000, 0x00007f3364f00000, 0x00007f3365000000)
  eden space 12016128K, 0% used [0x00007f307a580000,0x00007f307a580000,0x00007f3357c00000)
  from space 108032K, 83% used [0x00007f3357c00000,0x00007f335d3c12d0,0x00007f335e580000)
  to   space 107520K, 0% used [0x00007f335e600000,0x00007f335e600000,0x00007f3364f00000)
 ParOldGen       total 4190720K, used 4066214K [0x00007f2aa5000000, 0x00007f2ba4c80000, 0x00007f307a580000)
  object space 4190720K, 97% used [0x00007f2aa5000000,0x00007f2b9d2e9858,0x00007f2ba4c80000)
 Metaspace       used 20902K, capacity 21337K, committed 21504K, reserved 22528K
}
Event: 5157.737 GC heap before
{Heap before GC invocations=137 (full 7):
 PSYoungGen      total 12124160K, used 12105988K [0x00007f307a580000, 0x00007f3364f00000, 0x00007f3365000000)
  eden space 12016128K, 100% used [0x00007f307a580000,0x00007f3357c00000,0x00007f3357c00000)
  from space 108032K, 83% used [0x00007f3357c00000,0x00007f335d3c12d0,0x00007f335e580000)
  to   space 107520K, 0% used [0x00007f335e600000,0x00007f335e600000,0x00007f3364f00000)
 ParOldGen       total 4190720K, used 4066214K [0x00007f2aa5000000, 0x00007f2ba4c80000, 0x00007f307a580000)
  object space 4190720K, 97% used [0x00007f2aa5000000,0x00007f2b9d2e9858,0x00007f2ba4c80000)
 Metaspace       used 20902K, capacity 21337K, committed 21504K, reserved 22528K
Event: 5159.261 GC heap after
Heap after GC invocations=137 (full 7):
 PSYoungGen      total 12123648K, used 94967K [0x00007f307a580000, 0x00007f3364d80000, 0x00007f3365000000)
  eden space 12017664K, 0% used [0x00007f307a580000,0x00007f307a580000,0x00007f3357d80000)
  from space 105984K, 89% used [0x00007f335e600000,0x00007f33642bdc28,0x00007f3364d80000)
  to   space 106496K, 0% used [0x00007f3357d80000,0x00007f3357d80000,0x00007f335e580000)
 ParOldGen       total 4190720K, used 4152146K [0x00007f2aa5000000, 0x00007f2ba4c80000, 0x00007f307a580000)
  object space 4190720K, 99% used [0x00007f2aa5000000,0x00007f2ba26d4bf8,0x00007f2ba4c80000)
 Metaspace       used 20902K, capacity 21337K, committed 21504K, reserved 22528K
}
Event: 5159.261 GC heap before
{Heap before GC invocations=138 (full 8):
 PSYoungGen      total 12123648K, used 94967K [0x00007f307a580000, 0x00007f3364d80000, 0x00007f3365000000)
  eden space 12017664K, 0% used [0x00007f307a580000,0x00007f307a580000,0x00007f3357d80000)
  from space 105984K, 89% used [0x00007f335e600000,0x00007f33642bdc28,0x00007f3364d80000)
  to   space 106496K, 0% used [0x00007f3357d80000,0x00007f3357d80000,0x00007f335e580000)
 ParOldGen       total 4190720K, used 4152146K [0x00007f2aa5000000, 0x00007f2ba4c80000, 0x00007f307a580000)
  object space 4190720K, 99% used [0x00007f2aa5000000,0x00007f2ba26d4bf8,0x00007f2ba4c80000)
 Metaspace       used 20902K, capacity 21337K, committed 21504K, reserved 22528K
Event: 5166.761 GC heap after
Heap after GC invocations=138 (full 8):
 PSYoungGen      total 12123648K, used 34646K [0x00007f307a580000, 0x00007f3364d80000, 0x00007f3365000000)
  eden space 12017664K, 0% used [0x00007f307a580000,0x00007f307a580000,0x00007f3357d80000)
  from space 105984K, 32% used [0x00007f335e600000,0x00007f33607d5b90,0x00007f3364d80000)
  to   space 106496K, 0% used [0x00007f3357d80000,0x00007f3357d80000,0x00007f335e580000)
 ParOldGen       total 5075968K, used 4190676K [0x00007f2aa5000000, 0x00007f2bdad00000, 0x00007f307a580000)
  object space 5075968K, 82% used [0x00007f2aa5000000,0x00007f2ba4c751a8,0x00007f2bdad00000)
 Metaspace       used 20902K, capacity 21337K, committed 21504K, reserved 22528K
}
Event: 5267.931 GC heap before
{Heap before GC invocations=139 (full 8):
 PSYoungGen      total 12123648K, used 12052310K [0x00007f307a580000, 0x00007f3364d80000, 0x00007f3365000000)
  eden space 12017664K, 100% used [0x00007f307a580000,0x00007f3357d80000,0x00007f3357d80000)
  from space 105984K, 32% used [0x00007f335e600000,0x00007f33607d5b90,0x00007f3364d80000)
  to   space 106496K, 0% used [0x00007f3357d80000,0x00007f3357d80000,0x00007f335e580000)
 ParOldGen       total 5075968K, used 4190676K [0x00007f2aa5000000, 0x00007f2bdad00000, 0x00007f307a580000)
  object space 5075968K, 82% used [0x00007f2aa5000000,0x00007f2ba4c751a8,0x00007f2bdad00000)
 Metaspace       used 20902K, capacity 21337K, committed 21504K, reserved 22528K
Event: 5272.035 GC heap after
Heap after GC invocations=139 (full 8):
 PSYoungGen      total 12124160K, used 98693K [0x00007f307a580000, 0x00007f3365000000, 0x00007f3365000000)
  eden space 12017664K, 0% used [0x00007f307a580000,0x00007f307a580000,0x00007f3357d80000)
  from space 106496K, 92% used [0x00007f3357d80000,0x00007f335dde1440,0x00007f335e580000)
  to   space 107008K, 0% used [0x00007f335e780000,0x00007f335e780000,0x00007f3365000000)
 ParOldGen       total 5075968K, used 4225768K [0x00007f2aa5000000, 0x00007f2bdad00000, 0x00007f307a580000)
  object space 5075968K, 83% used [0x00007f2aa5000000,0x00007f2ba6eba028,0x00007f2bdad00000)
 Metaspace       used 20902K, capacity 21337K, committed 21504K, reserved 22528K
}
Event: 5375.684 GC heap before
{Heap before GC invocations=140 (full 8):
 PSYoungGen      total 12124160K, used 12116357K [0x00007f307a580000, 0x00007f3365000000, 0x00007f3365000000)
  eden space 12017664K, 100% used [0x00007f307a580000,0x00007f3357d80000,0x00007f3357d80000)
  from space 106496K, 92% used [0x00007f3357d80000,0x00007f335dde1440,0x00007f335e580000)
  to   space 107008K, 0% used [0x00007f335e780000,0x00007f335e780000,0x00007f3365000000)
 ParOldGen       total 5075968K, used 4225768K [0x00007f2aa5000000, 0x00007f2bdad00000, 0x00007f307a580000)
  object space 5075968K, 83% used [0x00007f2aa5000000,0x00007f2ba6eba028,0x00007f2bdad00000)
 Metaspace       used 20902K, capacity 21337K, committed 21504K, reserved 22528K
Event: 5377.232 GC heap after
Heap after GC invocations=140 (full 8):
 PSYoungGen      total 12126208K, used 90573K [0x00007f307a580000, 0x00007f3364f80000, 0x00007f3365000000)
  eden space 12019712K, 0% used [0x00007f307a580000,0x00007f307a580000,0x00007f3357f80000)
  from space 106496K, 85% used [0x00007f335e780000,0x00007f3363ff3740,0x00007f3364f80000)
  to   space 106496K, 0% used [0x00007f3357f80000,0x00007f3357f80000,0x00007f335e780000)
 ParOldGen       total 5075968K, used 4312674K [0x00007f2aa5000000, 0x00007f2bdad00000, 0x00007f307a580000)
  object space 5075968K, 84% used [0x00007f2aa5000000,0x00007f2bac398a70,0x00007f2bdad00000)
 Metaspace       used 20902K, capacity 21337K, committed 21504K, reserved 22528K
}
Event: 5479.649 GC heap before
{Heap before GC invocations=141 (full 8):
 PSYoungGen      total 12126208K, used 12110285K [0x00007f307a580000, 0x00007f3364f80000, 0x00007f3365000000)
  eden space 12019712K, 100% used [0x00007f307a580000,0x00007f3357f80000,0x00007f3357f80000)
  from space 106496K, 85% used [0x00007f335e780000,0x00007f3363ff3740,0x00007f3364f80000)
  to   space 106496K, 0% used [0x00007f3357f80000,0x00007f3357f80000,0x00007f335e780000)
 ParOldGen       total 5075968K, used 4312674K [0x00007f2aa5000000, 0x00007f2bdad00000, 0x00007f307a580000)
  object space 5075968K, 84% used [0x00007f2aa5000000,0x00007f2bac398a70,0x00007f2bdad00000)
 Metaspace       used 20902K, capacity 21337K, committed 21504K, reserved 22528K
Event: 5481.258 GC heap after
Heap after GC invocations=141 (full 8):
 PSYoungGen      total 12126208K, used 96600K [0x00007f307a580000, 0x00007f3364f00000, 0x00007f3365000000)
  eden space 12019712K, 0% used [0x00007f307a580000,0x00007f307a580000,0x00007f3357f80000)
  from space 106496K, 90% used [0x00007f3357f80000,0x00007f335ddd62d0,0x00007f335e780000)
  to   space 105984K, 0% used [0x00007f335e780000,0x00007f335e780000,0x00007f3364f00000)
 ParOldGen       total 5075968K, used 4398792K [0x00007f2aa5000000, 0x00007f2bdad00000, 0x00007f307a580000)
  object space 5075968K, 86% used [0x00007f2aa5000000,0x00007f2bb17b20d8,0x00007f2bdad00000)
 Metaspace       used 20902K, capacity 21337K, committed 21504K, reserved 22528K
}
Event: 5578.990 GC heap before
{Heap before GC invocations=142 (full 8):
 PSYoungGen      total 12126208K, used 12116312K [0x00007f307a580000, 0x00007f3364f00000, 0x00007f3365000000)
  eden space 12019712K, 100% used [0x00007f307a580000,0x00007f3357f80000,0x00007f3357f80000)
  from space 106496K, 90% used [0x00007f3357f80000,0x00007f335ddd62d0,0x00007f335e780000)
  to   space 105984K, 0% used [0x00007f335e780000,0x00007f335e780000,0x00007f3364f00000)
 ParOldGen       total 5075968K, used 4398792K [0x00007f2aa5000000, 0x00007f2bdad00000, 0x00007f307a580000)
  object space 5075968K, 86% used [0x00007f2aa5000000,0x00007f2bb17b20d8,0x00007f2bdad00000)
 Metaspace       used 20902K, capacity 21337K, committed 21504K, reserved 22528K
Event: 5580.647 GC heap after
Heap after GC invocations=142 (full 8):
 PSYoungGen      total 12126208K, used 96049K [0x00007f307a580000, 0x00007f3364e80000, 0x00007f3365000000)
  eden space 12020736K, 0% used [0x00007f307a580000,0x00007f307a580000,0x00007f3358080000)
  from space 105472K, 91% used [0x00007f335e780000,0x00007f336454c450,0x00007f3364e80000)
  to   space 105472K, 0% used [0x00007f3358080000,0x00007f3358080000,0x00007f335e780000)
 ParOldGen       total 5075968K, used 4486105K [0x00007f2aa5000000, 0x00007f2bdad00000, 0x00007f307a580000)
  object space 5075968K, 88% used [0x00007f2aa5000000,0x00007f2bb6cf6510,0x00007f2bdad00000)
 Metaspace       used 20902K, capacity 21337K, committed 21504K, reserved 22528K
}
Event: 5680.262 GC heap before
{Heap before GC invocations=143 (full 8):
 PSYoungGen      total 12126208K, used 12116785K [0x00007f307a580000, 0x00007f3364e80000, 0x00007f3365000000)
  eden space 12020736K, 100% used [0x00007f307a580000,0x00007f3358080000,0x00007f3358080000)
  from space 105472K, 91% used [0x00007f335e780000,0x00007f336454c450,0x00007f3364e80000)
  to   space 105472K, 0% used [0x00007f3358080000,0x00007f3358080000,0x00007f335e780000)
 ParOldGen       total 5075968K, used 4486105K [0x00007f2aa5000000, 0x00007f2bdad00000, 0x00007f307a580000)
  object space 5075968K, 88% used [0x00007f2aa5000000,0x00007f2bb6cf6510,0x00007f2bdad00000)
 Metaspace       used 20902K, capacity 21337K, committed 21504K, reserved 22528K
Event: 5681.957 GC heap after
Heap after GC invocations=143 (full 8):
 PSYoungGen      total 12126208K, used 92708K [0x00007f307a580000, 0x00007f3364f00000, 0x00007f3365000000)
  eden space 12020736K, 0% used [0x00007f307a580000,0x00007f307a580000,0x00007f3358080000)
  from space 105472K, 87% used [0x00007f3358080000,0x00007f335db092d0,0x00007f335e780000)
  to   space 104960K, 0% used [0x00007f335e880000,0x00007f335e880000,0x00007f3364f00000)
 ParOldGen       total 5075968K, used 4572952K [0x00007f2aa5000000, 0x00007f2bdad00000, 0x00007f307a580000)
  object space 5075968K, 90% used [0x00007f2aa5000000,0x00007f2bbc1c6190,0x00007f2bdad00000)
 Metaspace       used 20902K, capacity 21337K, committed 21504K, reserved 22528K
}
Event: 5781.224 GC heap before
{Heap before GC invocations=144 (full 8):
 PSYoungGen      total 12126208K, used 12113444K [0x00007f307a580000, 0x00007f3364f00000, 0x00007f3365000000)
  eden space 12020736K, 100% used [0x00007f307a580000,0x00007f3358080000,0x00007f3358080000)
  from space 105472K, 87% used [0x00007f3358080000,0x00007f335db092d0,0x00007f335e780000)
  to   space 104960K, 0% used [0x00007f335e880000,0x00007f335e880000,0x00007f3364f00000)
 ParOldGen       total 5075968K, used 4572952K [0x00007f2aa5000000, 0x00007f2bdad00000, 0x00007f307a580000)
  object space 5075968K, 90% used [0x00007f2aa5000000,0x00007f2bbc1c6190,0x00007f2bdad00000)
 Metaspace       used 20902K, capacity 21337K, committed 21504K, reserved 22528K
Event: 5782.738 GC heap after
Heap after GC invocations=144 (full 8):
 PSYoungGen      total 12126208K, used 93329K [0x00007f307a580000, 0x00007f3364d80000, 0x00007f3365000000)
  eden space 12022784K, 0% used [0x00007f307a580000,0x00007f307a580000,0x00007f3358280000)
  from space 103424K, 90% used [0x00007f335e880000,0x00007f33643a4450,0x00007f3364d80000)
  to   space 103936K, 0% used [0x00007f3358280000,0x00007f3358280000,0x00007f335e800000)
 ParOldGen       total 5075968K, used 4660156K [0x00007f2aa5000000, 0x00007f2bdad00000, 0x00007f307a580000)
  object space 5075968K, 91% used [0x00007f2aa5000000,0x00007f2bc16ef2e8,0x00007f2bdad00000)
 Metaspace       used 20902K, capacity 21337K, committed 21504K, reserved 22528K
}
Event: 5882.790 GC heap before
{Heap before GC invocations=145 (full 8):
 PSYoungGen      total 12126208K, used 12116113K [0x00007f307a580000, 0x00007f3364d80000, 0x00007f3365000000)
  eden space 12022784K, 100% used [0x00007f307a580000,0x00007f3358280000,0x00007f3358280000)
  from space 103424K, 90% used [0x00007f335e880000,0x00007f33643a4450,0x00007f3364d80000)
  to   space 103936K, 0% used [0x00007f3358280000,0x00007f3358280000,0x00007f335e800000)
 ParOldGen       total 5075968K, used 4660156K [0x00007f2aa5000000, 0x00007f2bdad00000, 0x00007f307a580000)
  object space 5075968K, 91% used [0x00007f2aa5000000,0x00007f2bc16ef2e8,0x00007f2bdad00000)
 Metaspace       used 20902K, capacity 21337K, committed 21504K, reserved 22528K
Event: 5884.464 GC heap after
Heap after GC invocations=145 (full 8):
 PSYoungGen      total 12126720K, used 96392K [0x00007f307a580000, 0x00007f3365000000, 0x00007f3365000000)
  eden space 12022784K, 0% used [0x00007f307a580000,0x00007f307a580000,0x00007f3358280000)
  from space 103936K, 92% used [0x00007f3358280000,0x00007f335e0a21c0,0x00007f335e800000)
  to   space 103936K, 0% used [0x00007f335ea80000,0x00007f335ea80000,0x00007f3365000000)
 ParOldGen       total 5075968K, used 4745157K [0x00007f2aa5000000, 0x00007f2bdad00000, 0x00007f307a580000)
  object space 5075968K, 93% used [0x00007f2aa5000000,0x00007f2bc69f1740,0x00007f2bdad00000)
 Metaspace       used 20902K, capacity 21337K, committed 21504K, reserved 22528K
}
Event: 5986.391 GC heap before
{Heap before GC invocations=146 (full 8):
 PSYoungGen      total 12126720K, used 12119176K [0x00007f307a580000, 0x00007f3365000000, 0x00007f3365000000)
  eden space 12022784K, 100% used [0x00007f307a580000,0x00007f3358280000,0x00007f3358280000)
  from space 103936K, 92% used [0x00007f3358280000,0x00007f335e0a21c0,0x00007f335e800000)
  to   space 103936K, 0% used [0x00007f335ea80000,0x00007f335ea80000,0x00007f3365000000)
 ParOldGen       total 5075968K, used 4745157K [0x00007f2aa5000000, 0x00007f2bdad00000, 0x00007f307a580000)
  object space 5075968K, 93% used [0x00007f2aa5000000,0x00007f2bc69f1740,0x00007f2bdad00000)
 Metaspace       used 20902K, capacity 21337K, committed 21504K, reserved 22528K
Event: 5988.095 GC heap after
Heap after GC invocations=146 (full 8):
 PSYoungGen      total 12128256K, used 99269K [0x00007f307a580000, 0x00007f3365000000, 0x00007f3365000000)
  eden space 12024320K, 0% used [0x00007f307a580000,0x00007f307a580000,0x00007f3358400000)
  from space 103936K, 95% used [0x00007f335ea80000,0x00007f3364b71408,0x00007f3365000000)
  to   space 104448K, 0% used [0x00007f3358400000,0x00007f3358400000,0x00007f335ea00000)
 ParOldGen       total 5075968K, used 4832412K [0x00007f2aa5000000, 0x00007f2bdad00000, 0x00007f307a580000)
  object space 5075968K, 95% used [0x00007f2aa5000000,0x00007f2bcbf271a0,0x00007f2bdad00000)
 Metaspace       used 20902K, capacity 21337K, committed 21504K, reserved 22528K
}
Event: 6086.405 GC heap before
{Heap before GC invocations=147 (full 8):
 PSYoungGen      total 12128256K, used 12123589K [0x00007f307a580000, 0x00007f3365000000, 0x00007f3365000000)
  eden space 12024320K, 100% used [0x00007f307a580000,0x00007f3358400000,0x00007f3358400000)
  from space 103936K, 95% used [0x00007f335ea80000,0x00007f3364b71408,0x00007f3365000000)
  to   space 104448K, 0% used [0x00007f3358400000,0x00007f3358400000,0x00007f335ea00000)
 ParOldGen       total 5075968K, used 4832412K [0x00007f2aa5000000, 0x00007f2bdad00000, 0x00007f307a580000)
  object space 5075968K, 95% used [0x00007f2aa5000000,0x00007f2bcbf271a0,0x00007f2bdad00000)
 Metaspace       used 20902K, capacity 21337K, committed 21504K, reserved 22528K
Event: 6087.987 GC heap after
Heap after GC invocations=147 (full 8):
 PSYoungGen      total 12128768K, used 94880K [0x00007f307a580000, 0x00007f3364f80000, 0x00007f3365000000)
  eden space 12024320K, 0% used [0x00007f307a580000,0x00007f307a580000,0x00007f3358400000)
  from space 104448K, 90% used [0x00007f3358400000,0x00007f335e0a8340,0x00007f335ea00000)
  to   space 103936K, 0% used [0x00007f335ea00000,0x00007f335ea00000,0x00007f3364f80000)
 ParOldGen       total 5075968K, used 4919342K [0x00007f2aa5000000, 0x00007f2bdad00000, 0x00007f307a580000)
  object space 5075968K, 96% used [0x00007f2aa5000000,0x00007f2bd140b9f0,0x00007f2bdad00000)
 Metaspace       used 20902K, capacity 21337K, committed 21504K, reserved 22528K
}
Event: 6185.314 GC heap before
{Heap before GC invocations=148 (full 8):
 PSYoungGen      total 12128768K, used 12119200K [0x00007f307a580000, 0x00007f3364f80000, 0x00007f3365000000)
  eden space 12024320K, 100% used [0x00007f307a580000,0x00007f3358400000,0x00007f3358400000)
  from space 104448K, 90% used [0x00007f3358400000,0x00007f335e0a8340,0x00007f335ea00000)
  to   space 103936K, 0% used [0x00007f335ea00000,0x00007f335ea00000,0x00007f3364f80000)
 ParOldGen       total 5075968K, used 4919342K [0x00007f2aa5000000, 0x00007f2bdad00000, 0x00007f307a580000)
  object space 5075968K, 96% used [0x00007f2aa5000000,0x00007f2bd140b9f0,0x00007f2bdad00000)
 Metaspace       used 20902K, capacity 21337K, committed 21504K, reserved 22528K
Event: 6186.867 GC heap after
Heap after GC invocations=148 (full 8):
 PSYoungGen      total 12127744K, used 92612K [0x00007f307a580000, 0x00007f3364e80000, 0x00007f3365000000)
  eden space 12024832K, 0% used [0x00007f307a580000,0x00007f307a580000,0x00007f3358480000)
  from space 102912K, 89% used [0x00007f335ea00000,0x00007f33644712d0,0x00007f3364e80000)
  to   space 103424K, 0% used [0x00007f3358480000,0x00007f3358480000,0x00007f335e980000)
 ParOldGen       total 5075968K, used 5004581K [0x00007f2aa5000000, 0x00007f2bdad00000, 0x00007f307a580000)
  object space 5075968K, 98% used [0x00007f2aa5000000,0x00007f2bd6749710,0x00007f2bdad00000)
 Metaspace       used 20902K, capacity 21337K, committed 21504K, reserved 22528K
}
Event: 6186.867 GC heap before
{Heap before GC invocations=149 (full 9):
 PSYoungGen      total 12127744K, used 92612K [0x00007f307a580000, 0x00007f3364e80000, 0x00007f3365000000)
  eden space 12024832K, 0% used [0x00007f307a580000,0x00007f307a580000,0x00007f3358480000)
  from space 102912K, 89% used [0x00007f335ea00000,0x00007f33644712d0,0x00007f3364e80000)
  to   space 103424K, 0% used [0x00007f3358480000,0x00007f3358480000,0x00007f335e980000)
 ParOldGen       total 5075968K, used 5004581K [0x00007f2aa5000000, 0x00007f2bdad00000, 0x00007f307a580000)
  object space 5075968K, 98% used [0x00007f2aa5000000,0x00007f2bd6749710,0x00007f2bdad00000)
 Metaspace       used 20902K, capacity 21337K, committed 21504K, reserved 22528K
Event: 6195.344 GC heap after
Heap after GC invocations=149 (full 9):
 PSYoungGen      total 12127744K, used 1221K [0x00007f307a580000, 0x00007f3364e80000, 0x00007f3365000000)
  eden space 12024832K, 0% used [0x00007f307a580000,0x00007f307a580000,0x00007f3358480000)
  from space 102912K, 1% used [0x00007f335ea00000,0x00007f335eb31590,0x00007f3364e80000)
  to   space 103424K, 0% used [0x00007f3358480000,0x00007f3358480000,0x00007f335e980000)
 ParOldGen       total 6007808K, used 5075769K [0x00007f2aa5000000, 0x00007f2c13b00000, 0x00007f307a580000)
  object space 6007808K, 84% used [0x00007f2aa5000000,0x00007f2bdacce470,0x00007f2c13b00000)
 Metaspace       used 20902K, capacity 21337K, committed 21504K, reserved 22528K
}
Event: 6294.028 GC heap before
{Heap before GC invocations=150 (full 9):
 PSYoungGen      total 12127744K, used 12026053K [0x00007f307a580000, 0x00007f3364e80000, 0x00007f3365000000)
  eden space 12024832K, 100% used [0x00007f307a580000,0x00007f3358480000,0x00007f3358480000)
  from space 102912K, 1% used [0x00007f335ea00000,0x00007f335eb31590,0x00007f3364e80000)
  to   space 103424K, 0% used [0x00007f3358480000,0x00007f3358480000,0x00007f335e980000)
 ParOldGen       total 6007808K, used 5075769K [0x00007f2aa5000000, 0x00007f2c13b00000, 0x00007f307a580000)
  object space 6007808K, 84% used [0x00007f2aa5000000,0x00007f2bdacce470,0x00007f2c13b00000)
 Metaspace       used 20902K, capacity 21337K, committed 21504K, reserved 22528K
Event: 6298.416 GC heap after
Heap after GC invocations=150 (full 9):
 PSYoungGen      total 12128256K, used 93243K [0x00007f307a580000, 0x00007f3364f80000, 0x00007f3365000000)
  eden space 12024832K, 0% used [0x00007f307a580000,0x00007f307a580000,0x00007f3358480000)
  from space 103424K, 90% used [0x00007f3358480000,0x00007f335df8ef10,0x00007f335e980000)
  to   space 102912K, 0% used [0x00007f335eb00000,0x00007f335eb00000,0x00007f3364f80000)
 ParOldGen       total 6007808K, used 5077043K [0x00007f2aa5000000, 0x00007f2c13b00000, 0x00007f307a580000)
  object space 6007808K, 84% used [0x00007f2aa5000000,0x00007f2bdae0cf20,0x00007f2c13b00000)
 Metaspace       used 20902K, capacity 21337K, committed 21504K, reserved 22528K
}
Event: 6394.986 GC heap before
{Heap before GC invocations=151 (full 9):
 PSYoungGen      total 12128256K, used 12118075K [0x00007f307a580000, 0x00007f3364f80000, 0x00007f3365000000)
  eden space 12024832K, 100% used [0x00007f307a580000,0x00007f3358480000,0x00007f3358480000)
  from space 103424K, 90% used [0x00007f3358480000,0x00007f335df8ef10,0x00007f335e980000)
  to   space 102912K, 0% used [0x00007f335eb00000,0x00007f335eb00000,0x00007f3364f80000)
 ParOldGen       total 6007808K, used 5077043K [0x00007f2aa5000000, 0x00007f2c13b00000, 0x00007f307a580000)
  object space 6007808K, 84% used [0x00007f2aa5000000,0x00007f2bdae0cf20,0x00007f2c13b00000)
 Metaspace       used 20902K, capacity 21337K, committed 21504K, reserved 22528K
Event: 6396.907 GC heap after
Heap after GC invocations=151 (full 9):
 PSYoungGen      total 12128768K, used 91725K [0x00007f307a580000, 0x00007f3364e80000, 0x00007f3365000000)
  eden space 12026880K, 0% used [0x00007f307a580000,0x00007f307a580000,0x00007f3358680000)
  from space 101888K, 90% used [0x00007f335eb00000,0x00007f3364493740,0x00007f3364e80000)
  to   space 102400K, 0% used [0x00007f3358680000,0x00007f3358680000,0x00007f335ea80000)
 ParOldGen       total 6007808K, used 5164872K [0x00007f2aa5000000, 0x00007f2c13b00000, 0x00007f307a580000)
  object space 6007808K, 85% used [0x00007f2aa5000000,0x00007f2be03d2358,0x00007f2c13b00000)
 Metaspace       used 20902K, capacity 21337K, committed 21504K, reserved 22528K
}
Event: 6496.254 GC heap before
{Heap before GC invocations=152 (full 9):
 PSYoungGen      total 12128768K, used 12118605K [0x00007f307a580000, 0x00007f3364e80000, 0x00007f3365000000)
  eden space 12026880K, 100% used [0x00007f307a580000,0x00007f3358680000,0x00007f3358680000)
  from space 101888K, 90% used [0x00007f335eb00000,0x00007f3364493740,0x00007f3364e80000)
  to   space 102400K, 0% used [0x00007f3358680000,0x00007f3358680000,0x00007f335ea80000)
 ParOldGen       total 6007808K, used 5164872K [0x00007f2aa5000000, 0x00007f2c13b00000, 0x00007f307a580000)
  object space 6007808K, 85% used [0x00007f2aa5000000,0x00007f2be03d2358,0x00007f2c13b00000)
 Metaspace       used 20902K, capacity 21337K, committed 21504K, reserved 22528K
Event: 6497.989 GC heap after
Heap after GC invocations=152 (full 9):
 PSYoungGen      total 12129280K, used 92502K [0x00007f307a580000, 0x00007f3364f80000, 0x00007f3365000000)
  eden space 12026880K, 0% used [0x00007f307a580000,0x00007f307a580000,0x00007f3358680000)
  from space 102400K, 90% used [0x00007f3358680000,0x00007f335e0d5868,0x00007f335ea80000)
  to   space 101888K, 0% used [0x00007f335ec00000,0x00007f335ec00000,0x00007f3364f80000)
 ParOldGen       total 6007808K, used 5253113K [0x00007f2aa5000000, 0x00007f2c13b00000, 0x00007f307a580000)
  object space 6007808K, 87% used [0x00007f2aa5000000,0x00007f2be59fe4c8,0x00007f2c13b00000)
 Metaspace       used 20902K, capacity 21337K, committed 21504K, reserved 22528K
}
Event: 6595.406 GC heap before
{Heap before GC invocations=153 (full 9):
 PSYoungGen      total 12129280K, used 12119382K [0x00007f307a580000, 0x00007f3364f80000, 0x00007f3365000000)
  eden space 12026880K, 100% used [0x00007f307a580000,0x00007f3358680000,0x00007f3358680000)
  from space 102400K, 90% used [0x00007f3358680000,0x00007f335e0d5868,0x00007f335ea80000)
  to   space 101888K, 0% used [0x00007f335ec00000,0x00007f335ec00000,0x00007f3364f80000)
 ParOldGen       total 6007808K, used 5253113K [0x00007f2aa5000000, 0x00007f2c13b00000, 0x00007f307a580000)
  object space 6007808K, 87% used [0x00007f2aa5000000,0x00007f2be59fe4c8,0x00007f2c13b00000)
 Metaspace       used 20902K, capacity 21337K, committed 21504K, reserved 22528K
Event: 6597.146 GC heap after
Heap after GC invocations=153 (full 9):
 PSYoungGen      total 12129792K, used 93312K [0x00007f307a580000, 0x00007f3364e80000, 0x00007f3365000000)
  eden space 12028928K, 0% used [0x00007f307a580000,0x00007f307a580000,0x00007f3358880000)
  from space 100864K, 92% used [0x00007f335ec00000,0x00007f3364720108,0x00007f3364e80000)
  to   space 101376K, 0% used [0x00007f3358880000,0x00007f3358880000,0x00007f335eb80000)
 ParOldGen       total 6007808K, used 5339984K [0x00007f2aa5000000, 0x00007f2c13b00000, 0x00007f307a580000)
  object space 6007808K, 88% used [0x00007f2aa5000000,0x00007f2beaed4020,0x00007f2c13b00000)
 Metaspace       used 20902K, capacity 21337K, committed 21504K, reserved 22528K
}
Event: 6697.873 GC heap before
{Heap before GC invocations=154 (full 9):
 PSYoungGen      total 12129792K, used 12122240K [0x00007f307a580000, 0x00007f3364e80000, 0x00007f3365000000)
  eden space 12028928K, 100% used [0x00007f307a580000,0x00007f3358880000,0x00007f3358880000)
  from space 100864K, 92% used [0x00007f335ec00000,0x00007f3364720108,0x00007f3364e80000)
  to   space 101376K, 0% used [0x00007f3358880000,0x00007f3358880000,0x00007f335eb80000)
 ParOldGen       total 6007808K, used 5339984K [0x00007f2aa5000000, 0x00007f2c13b00000, 0x00007f307a580000)
  object space 6007808K, 88% used [0x00007f2aa5000000,0x00007f2beaed4020,0x00007f2c13b00000)
 Metaspace       used 20902K, capacity 21337K, committed 21504K, reserved 22528K
Event: 6699.662 GC heap after
Heap after GC invocations=154 (full 9):
 PSYoungGen      total 12130304K, used 92433K [0x00007f307a580000, 0x00007f3364f80000, 0x00007f3365000000)
  eden space 12028928K, 0% used [0x00007f307a580000,0x00007f307a580000,0x00007f3358880000)
  from space 101376K, 91% used [0x00007f3358880000,0x00007f335e2c4450,0x00007f335eb80000)
  to   space 100864K, 0% used [0x00007f335ed00000,0x00007f335ed00000,0x00007f3364f80000)
 ParOldGen       total 6007808K, used 5426873K [0x00007f2aa5000000, 0x00007f2c13b00000, 0x00007f307a580000)
  object space 6007808K, 90% used [0x00007f2aa5000000,0x00007f2bf03ae7c8,0x00007f2c13b00000)
 Metaspace       used 20902K, capacity 21337K, committed 21504K, reserved 22528K
}

